<?xml version="1.0" encoding="UTF-8"?>
<testsuite xmlns:xsi="http://www.w3.org/2001/XMLSchema-instance" xsi:schemaLocation="https://maven.apache.org/surefire/maven-surefire-plugin/xsd/surefire-test-report.xsd" name="com.google.javascript.jscomp.OptimizeParametersTest" time="2.271" tests="89" errors="0" skipped="0" failures="0">
  <properties>
[...]
</properties>
  <testcase name="testRemoveOneOptionalNamedFunction" classname="com.google.javascript.jscomp.OptimizeParametersTest" time="0.034"/>
  <testcase name="testNoRewriteUnsedObjectMethodParam" classname="com.google.javascript.jscomp.OptimizeParametersTest" time="0.02"/>
  <testcase name="testOptimizeThis1" classname="com.google.javascript.jscomp.OptimizeParametersTest" time="0.018"/>
  <testcase name="testOptimizeThis2" classname="com.google.javascript.jscomp.OptimizeParametersTest" time="0.021"/>
  <testcase name="testConstructorOptArgsNotRemoved" classname="com.google.javascript.jscomp.OptimizeParametersTest" time="0.017"/>
  <testcase name="testMethodsDefinedInObjectDontGetOptimized" classname="com.google.javascript.jscomp.OptimizeParametersTest" time="0.031"/>
  <testcase name="testMethodsDefinedInArraysDontGetOptimized" classname="com.google.javascript.jscomp.OptimizeParametersTest" time="0.022"/>
  <testcase name="testFunctionWithReferenceToArgumentsShouldNotBeOptimize" classname="com.google.javascript.jscomp.OptimizeParametersTest" time="0.074"/>
  <testcase name="testGlobalCatch" classname="com.google.javascript.jscomp.OptimizeParametersTest" time="0.022"/>
  <testcase name="testDoNotOptimizeJSCompiler_renameProperty" classname="com.google.javascript.jscomp.OptimizeParametersTest" time="0.016"/>
  <testcase name="testRemoveTwoOptionalMultiplePossibleDefinition" classname="com.google.javascript.jscomp.OptimizeParametersTest" time="0.018"/>
  <testcase name="testArrow" classname="com.google.javascript.jscomp.OptimizeParametersTest" time="0.03"/>
  <testcase name="testFunctionPassedAsParam" classname="com.google.javascript.jscomp.OptimizeParametersTest" time="0.017"/>
  <testcase name="testNotAFunction" classname="com.google.javascript.jscomp.OptimizeParametersTest" time="0.015"/>
  <testcase name="testSimpleRemovalGenerator" classname="com.google.javascript.jscomp.OptimizeParametersTest" time="0.1"/>
  <testcase name="testRewriteUsedClassMethodParam1" classname="com.google.javascript.jscomp.OptimizeParametersTest" time="0.017"/>
  <testcase name="testNoRemovalSpread" classname="com.google.javascript.jscomp.OptimizeParametersTest" time="0.037"/>
  <testcase name="testSingleUnknown" classname="com.google.javascript.jscomp.OptimizeParametersTest" time="0.012"/>
  <testcase name="testRemoveParamWithDefault1" classname="com.google.javascript.jscomp.OptimizeParametersTest" time="0.069"/>
  <testcase name="testRemoveParamWithDefault2" classname="com.google.javascript.jscomp.OptimizeParametersTest" time="0.055"/>
  <testcase name="testSimpleRemoval0" classname="com.google.javascript.jscomp.OptimizeParametersTest" time="0.051"/>
  <testcase name="testSimpleRemoval1" classname="com.google.javascript.jscomp.OptimizeParametersTest" time="0.056"/>
  <testcase name="testSimpleRemoval2" classname="com.google.javascript.jscomp.OptimizeParametersTest" time="0.047"/>
  <testcase name="testSimpleRemoval4" classname="com.google.javascript.jscomp.OptimizeParametersTest" time="0.037"/>
  <testcase name="testNoArgumentRemovalNonEqualNodes" classname="com.google.javascript.jscomp.OptimizeParametersTest" time="0.047"/>
  <testcase name="testSimpleRemovalInstanceof" classname="com.google.javascript.jscomp.OptimizeParametersTest" time="0.019"/>
  <testcase name="testSimpleRemovalAsync" classname="com.google.javascript.jscomp.OptimizeParametersTest" time="0.056"/>
  <testcase name="testRemoveOneOptionalExpressionAssign" classname="com.google.javascript.jscomp.OptimizeParametersTest" time="0.01"/>
  <testcase name="testDoNotOptimizeWhenArgumentsPassedAsParameter" classname="com.google.javascript.jscomp.OptimizeParametersTest" time="0.04"/>
  <testcase name="testRemoveOneOptionalMultipleCalls" classname="com.google.javascript.jscomp.OptimizeParametersTest" time="0.009"/>
  <testcase name="testRemoveOneOptionalVarAssignment" classname="com.google.javascript.jscomp.OptimizeParametersTest" time="0.01"/>
  <testcase name="testNoRewriteUnusedClassComputedMethodParam1" classname="com.google.javascript.jscomp.OptimizeParametersTest" time="0.011"/>
  <testcase name="testNoRewriteDestructured1" classname="com.google.javascript.jscomp.OptimizeParametersTest" time="0.031"/>
  <testcase name="testNoRewriteDestructured2" classname="com.google.javascript.jscomp.OptimizeParametersTest" time="0.028"/>
  <testcase name="testNoRewriteDestructured3" classname="com.google.javascript.jscomp.OptimizeParametersTest" time="0.029"/>
  <testcase name="testNoRewriteUsedClassMethodParam1" classname="com.google.javascript.jscomp.OptimizeParametersTest" time="0.01"/>
  <testcase name="testNoRemoval1" classname="com.google.javascript.jscomp.OptimizeParametersTest" time="0.051"/>
  <testcase name="testNoRemoval2" classname="com.google.javascript.jscomp.OptimizeParametersTest" time="0.038"/>
  <testcase name="testRemoveConstantArgument" classname="com.google.javascript.jscomp.OptimizeParametersTest" time="0.047"/>
  <testcase name="testDifferentScopes" classname="com.google.javascript.jscomp.OptimizeParametersTest" time="0.009"/>
  <testcase name="testRegexesCanBeInlined" classname="com.google.javascript.jscomp.OptimizeParametersTest" time="0.009"/>
  <testcase name="testSimpleRemovalTypeof" classname="com.google.javascript.jscomp.OptimizeParametersTest" time="0.018"/>
  <testcase name="testOptionalArgumentsToConstructorCanBeOptimized" classname="com.google.javascript.jscomp.OptimizeParametersTest" time="0.009"/>
  <testcase name="testRemovalRestWithDestructuring1" classname="com.google.javascript.jscomp.OptimizeParametersTest" time="0.035"/>
  <testcase name="testRemoveVarArg" classname="com.google.javascript.jscomp.OptimizeParametersTest" time="0.009"/>
  <testcase name="testNoOptimizationForExternsFunctions" classname="com.google.javascript.jscomp.OptimizeParametersTest" time="0.009"/>
  <testcase name="testRemoveOneOptionalOneRequired" classname="com.google.javascript.jscomp.OptimizeParametersTest" time="0.009"/>
  <testcase name="testCanDeleteArgumentsAtAnyPosition" classname="com.google.javascript.jscomp.OptimizeParametersTest" time="0.009"/>
  <testcase name="testConstructorUsedAsFunctionCanBeOptimized" classname="com.google.javascript.jscomp.OptimizeParametersTest" time="0.01"/>
  <testcase name="testFunctionWithTwoNames" classname="com.google.javascript.jscomp.OptimizeParametersTest" time="0.061"/>
  <testcase name="testCallIsIgnore" classname="com.google.javascript.jscomp.OptimizeParametersTest" time="0.009"/>
  <testcase name="testDoOptimizeCall" classname="com.google.javascript.jscomp.OptimizeParametersTest" time="0.086"/>
  <testcase name="testRemoveOneOptionalMultiplePossibleDefinition" classname="com.google.javascript.jscomp.OptimizeParametersTest" time="0.009"/>
  <testcase name="testAliasMethodsDontGetOptimize2" classname="com.google.javascript.jscomp.OptimizeParametersTest" time="0.008"/>
  <testcase name="testAliasMethodsDontGetOptimize3" classname="com.google.javascript.jscomp.OptimizeParametersTest" time="0.009"/>
  <testcase name="testAliasMethodsDontGetOptimize4" classname="com.google.javascript.jscomp.OptimizeParametersTest" time="0.01"/>
  <testcase name="testDoNotOptimizeArrayElements" classname="com.google.javascript.jscomp.OptimizeParametersTest" time="0.033"/>
  <testcase name="testDoOptimizeApply" classname="com.google.javascript.jscomp.OptimizeParametersTest" time="0.088"/>
  <testcase name="testMutableValues1" classname="com.google.javascript.jscomp.OptimizeParametersTest" time="0.112"/>
  <testcase name="testMutableValues2" classname="com.google.javascript.jscomp.OptimizeParametersTest" time="0.017"/>
  <testcase name="testMutableValues3" classname="com.google.javascript.jscomp.OptimizeParametersTest" time="0.009"/>
  <testcase name="testMutableValues4" classname="com.google.javascript.jscomp.OptimizeParametersTest" time="0.025"/>
  <testcase name="testMutableValues5" classname="com.google.javascript.jscomp.OptimizeParametersTest" time="0.044"/>
  <testcase name="testMultipleCalls" classname="com.google.javascript.jscomp.OptimizeParametersTest" time="0.009"/>
  <testcase name="testOptimizeOnlyImmutableValues1" classname="com.google.javascript.jscomp.OptimizeParametersTest" time="0.008"/>
  <testcase name="testOptimizeOnlyImmutableValues2" classname="com.google.javascript.jscomp.OptimizeParametersTest" time="0.06"/>
  <testcase name="testNoRewriteUsedClassConstructor1" classname="com.google.javascript.jscomp.OptimizeParametersTest" time="0.009"/>
  <testcase name="testNoRewriteUsedClassConstructor2" classname="com.google.javascript.jscomp.OptimizeParametersTest" time="0.009"/>
  <testcase name="testNoRewriteUsedClassConstructor3" classname="com.google.javascript.jscomp.OptimizeParametersTest" time="0.009"/>
  <testcase name="testNoRewriteUsedClassConstructor4" classname="com.google.javascript.jscomp.OptimizeParametersTest" time="0.01"/>
  <testcase name="testNoRewriteUsedClassConstructor5" classname="com.google.javascript.jscomp.OptimizeParametersTest" time="0.011"/>
  <testcase name="testDoNotOptimizeGoogExportFunctions" classname="com.google.javascript.jscomp.OptimizeParametersTest" time="0.009"/>
  <testcase name="testDoNotOptimizeJSCompiler_ObjectPropertyString" classname="com.google.javascript.jscomp.OptimizeParametersTest" time="0.008"/>
  <testcase name="testApplyIsIgnore" classname="com.google.javascript.jscomp.OptimizeParametersTest" time="0.009"/>
  <testcase name="testMultipleUnknown" classname="com.google.javascript.jscomp.OptimizeParametersTest" time="0.009"/>
  <testcase name="testNoRewriteTagged1" classname="com.google.javascript.jscomp.OptimizeParametersTest" time="0.018"/>
  <testcase name="testDoNotOptimizeConstructorWhenArgumentsAreNotEqual" classname="com.google.javascript.jscomp.OptimizeParametersTest" time="0.009"/>
  <testcase name="testConstantArgumentsToConstructorCanBeOptimized" classname="com.google.javascript.jscomp.OptimizeParametersTest" time="0.008"/>
  <testcase name="testRemovalRest1" classname="com.google.javascript.jscomp.OptimizeParametersTest" time="0.035"/>
  <testcase name="testRemovalRest2" classname="com.google.javascript.jscomp.OptimizeParametersTest" time="0.037"/>
  <testcase name="testRemovalRest3" classname="com.google.javascript.jscomp.OptimizeParametersTest" time="0.01"/>
  <testcase name="testNoOptimizationForGoogExportSymbol" classname="com.google.javascript.jscomp.OptimizeParametersTest" time="0.009"/>
  <testcase name="testShadows" classname="com.google.javascript.jscomp.OptimizeParametersTest" time="0.009"/>
  <testcase name="testNoCrash" classname="com.google.javascript.jscomp.OptimizeParametersTest" time="0.01"/>
  <testcase name="testNoRemoveParamWithDefault" classname="com.google.javascript.jscomp.OptimizeParametersTest" time="0.018"/>
  <testcase name="testNamelessParameter1" classname="com.google.javascript.jscomp.OptimizeParametersTest" time="0.004"/>
  <testcase name="testNamelessParameter2" classname="com.google.javascript.jscomp.OptimizeParametersTest" time="0.005"/>
  <testcase name="testAliasMethodsDontGetOptimize" classname="com.google.javascript.jscomp.OptimizeParametersTest" time="0.009"/>
  <testcase name="testRecursion" classname="com.google.javascript.jscomp.OptimizeParametersTest" time="0.009"/>
</testsuite>