<?xml version="1.0" encoding="UTF-8"?>
<testsuite xmlns:xsi="http://www.w3.org/2001/XMLSchema-instance" xsi:schemaLocation="https://maven.apache.org/surefire/maven-surefire-plugin/xsd/surefire-test-report.xsd" name="com.google.javascript.jscomp.CompilerTest" time="5.69" tests="83" errors="0" skipped="0" failures="0">
  <properties>
[...]
</properties>
  <testcase name="testResolveRelativeDirSourceMap" classname="com.google.javascript.jscomp.CompilerTest" time="0.002"/>
  <testcase name="testOverviewAndImportantCommentOutput" classname="com.google.javascript.jscomp.CompilerTest" time="0.005"/>
  <testcase name="testMultipleIdenticalImportantComments" classname="com.google.javascript.jscomp.CompilerTest" time="0.005"/>
  <testcase name="testDefineOverriding1" classname="com.google.javascript.jscomp.CompilerTest" time="0.001"/>
  <testcase name="testDefineOverriding2" classname="com.google.javascript.jscomp.CompilerTest" time="0"/>
  <testcase name="testDefineOverriding3" classname="com.google.javascript.jscomp.CompilerTest" time="0"/>
  <testcase name="testWarningsFiltering" classname="com.google.javascript.jscomp.CompilerTest" time="0.002"/>
  <testcase name="testMissingSourceMapFile" classname="com.google.javascript.jscomp.CompilerTest" time="0"/>
  <testcase name="testLicenseImportantCommentDirectiveOutput" classname="com.google.javascript.jscomp.CompilerTest" time="0.006"/>
  <testcase name="testGoogNamespaceEntryPoint" classname="com.google.javascript.jscomp.CompilerTest" time="0.832"/>
  <testcase name="testOverviewAndLicenseDirectiveOutput" classname="com.google.javascript.jscomp.CompilerTest" time="0.008"/>
  <testcase name="testAddIndexProviderTwice_isException" classname="com.google.javascript.jscomp.CompilerTest" time="0.001"/>
  <testcase name="testGetChangesAndDeletions_changeReportsVisible" classname="com.google.javascript.jscomp.CompilerTest" time="0"/>
  <testcase name="testMultipleImportantCommentDirectiveOutput" classname="com.google.javascript.jscomp.CompilerTest" time="0.006"/>
  <testcase name="testMalformedFunctionInExterns" classname="com.google.javascript.jscomp.CompilerTest" time="0.001"/>
  <testcase name="testRebuildInputsFromModule" classname="com.google.javascript.jscomp.CompilerTest" time="0"/>
  <testcase name="testAddIndexProvider_ThenGetIndex" classname="com.google.javascript.jscomp.CompilerTest" time="0.001"/>
  <testcase name="testAdditionalReplacementsForClosure" classname="com.google.javascript.jscomp.CompilerTest" time="0"/>
  <testcase name="testIdenticalLicenseAndImportantComment" classname="com.google.javascript.jscomp.CompilerTest" time="0.006"/>
  <testcase name="testReportChangeNoScopeFails" classname="com.google.javascript.jscomp.CompilerTest" time="0"/>
  <testcase name="testGetSourceInfoInExterns" classname="com.google.javascript.jscomp.CompilerTest" time="0.005"/>
  <testcase name="testCombinedLicenseOverviewDirectiveOutput" classname="com.google.javascript.jscomp.CompilerTest" time="0.006"/>
  <testcase name="testProperGoogBaseOrdering" classname="com.google.javascript.jscomp.CompilerTest" time="2.357"/>
  <testcase name="testExternsDependencyPruning" classname="com.google.javascript.jscomp.CompilerTest" time="0.005"/>
  <testcase name="testGetChangesAndDeletions_deleteOverridesChange" classname="com.google.javascript.jscomp.CompilerTest" time="0"/>
  <testcase name="testLicenseOverviewLicense" classname="com.google.javascript.jscomp.CompilerTest" time="0.006"/>
  <testcase name="testCodeBuilderAppend" classname="com.google.javascript.jscomp.CompilerTest" time="0.001"/>
  <testcase name="testNoWarningMissingAbsoluteSourceMap" classname="com.google.javascript.jscomp.CompilerTest" time="0.001"/>
  <testcase name="testCompilerInputFromPersistentStore" classname="com.google.javascript.jscomp.CompilerTest" time="0"/>
  <testcase name="testDynamicImportOrdering2" classname="com.google.javascript.jscomp.CompilerTest" time="0.285"/>
  <testcase name="testGetEmptyResult" classname="com.google.javascript.jscomp.CompilerTest" time="0"/>
  <testcase name="testTwoLicenseInSameComment" classname="com.google.javascript.jscomp.CompilerTest" time="0.003"/>
  <testcase name="testInputDelimiters" classname="com.google.javascript.jscomp.CompilerTest" time="0.006"/>
  <testcase name="testGetChangesAndDeletions_changeDoesntOverrideDelete" classname="com.google.javascript.jscomp.CompilerTest" time="0"/>
  <testcase name="testCyclicalDependencyInInputs" classname="com.google.javascript.jscomp.CompilerTest" time="0.001"/>
  <testcase name="testImportantCommentLicenseDirectiveOutput" classname="com.google.javascript.jscomp.CompilerTest" time="0.006"/>
  <testcase name="testConsecutiveSemicolons" classname="com.google.javascript.jscomp.CompilerTest" time="0.001"/>
  <testcase name="testLicenseInTree" classname="com.google.javascript.jscomp.CompilerTest" time="0.006"/>
  <testcase name="testCodeBuilderColumnAfterReset" classname="com.google.javascript.jscomp.CompilerTest" time="0"/>
  <testcase name="testPrintExterns" classname="com.google.javascript.jscomp.CompilerTest" time="0.001"/>
  <testcase name="testBug2176967Error" classname="com.google.javascript.jscomp.CompilerTest" time="0.001"/>
  <testcase name="testBadDefineOverriding1" classname="com.google.javascript.jscomp.CompilerTest" time="0.001"/>
  <testcase name="testBadDefineOverriding2" classname="com.google.javascript.jscomp.CompilerTest" time="0"/>
  <testcase name="testBadDefineOverriding3" classname="com.google.javascript.jscomp.CompilerTest" time="0"/>
  <testcase name="testGetChangesAndDeletions_onlySeesChangesSinceLastRequest" classname="com.google.javascript.jscomp.CompilerTest" time="0"/>
  <testcase name="testCheckSaveRestoreOptimize" classname="com.google.javascript.jscomp.CompilerTest" time="0.009"/>
  <testcase name="testDefineNoOverriding" classname="com.google.javascript.jscomp.CompilerTest" time="0"/>
  <testcase name="testResolveRelativeSourceMap" classname="com.google.javascript.jscomp.CompilerTest" time="0.002"/>
  <testcase name="testDynamicImportOrdering" classname="com.google.javascript.jscomp.CompilerTest" time="0.314"/>
  <testcase name="testExportSymbolReservesNamesForRenameVars" classname="com.google.javascript.jscomp.CompilerTest" time="0.006"/>
  <testcase name="testImportantCommentAndOverviewDirectiveWarning" classname="com.google.javascript.jscomp.CompilerTest" time="0.005"/>
  <testcase name="testLicenseAndOverviewDirectiveWarning" classname="com.google.javascript.jscomp.CompilerTest" time="0.004"/>
  <testcase name="testLocalUndefined" classname="com.google.javascript.jscomp.CompilerTest" time="0.007"/>
  <testcase name="testMultipleIdenticalLicenses" classname="com.google.javascript.jscomp.CompilerTest" time="0.006"/>
  <testcase name="testEs6ModuleEntryPoint" classname="com.google.javascript.jscomp.CompilerTest" time="0.614"/>
  <testcase name="testCombinedLicenseAuthorDirectiveOutput" classname="com.google.javascript.jscomp.CompilerTest" time="0.008"/>
  <testcase name="testBug2176967Off" classname="com.google.javascript.jscomp.CompilerTest" time="0.007"/>
  <testcase name="testProperEs6ModuleOrdering" classname="com.google.javascript.jscomp.CompilerTest" time="0.318"/>
  <testcase name="testSetAnnotationTwice" classname="com.google.javascript.jscomp.CompilerTest" time="0"/>
  <testcase name="testBug2176967Default" classname="com.google.javascript.jscomp.CompilerTest" time="0.003"/>
  <testcase name="testInputSourceMapInline" classname="com.google.javascript.jscomp.CompilerTest" time="0.011"/>
  <testcase name="testMultipleUniqueLicenses" classname="com.google.javascript.jscomp.CompilerTest" time="0.003"/>
  <testcase name="testNormalInputs" classname="com.google.javascript.jscomp.CompilerTest" time="0.005"/>
  <testcase name="testGetChangesAndDeletions_baseline" classname="com.google.javascript.jscomp.CompilerTest" time="0"/>
  <testcase name="testCombinedImportantCommentOverviewDirectiveOutput" classname="com.google.javascript.jscomp.CompilerTest" time="0.006"/>
  <testcase name="testApplyInputSourceMaps" classname="com.google.javascript.jscomp.CompilerTest" time="0.006"/>
  <testcase name="testIdeModeSkipsOptimizations" classname="com.google.javascript.jscomp.CompilerTest" time="0.006"/>
  <testcase name="testFileoverviewTwice" classname="com.google.javascript.jscomp.CompilerTest" time="0.005"/>
  <testcase name="testGenerateExportsReservesNames" classname="com.google.javascript.jscomp.CompilerTest" time="0.006"/>
  <testcase name="testExternsDependencySorting" classname="com.google.javascript.jscomp.CompilerTest" time="0.006"/>
  <testcase name="testImportantCommentOverviewImportantComment" classname="com.google.javascript.jscomp.CompilerTest" time="0.006"/>
  <testcase name="testImportantCommentInTree" classname="com.google.javascript.jscomp.CompilerTest" time="0.006"/>
  <testcase name="testInputSerialization" classname="com.google.javascript.jscomp.CompilerTest" time="0.002"/>
  <testcase name="testImportantCommentOutput" classname="com.google.javascript.jscomp.CompilerTest" time="0.005"/>
  <testcase name="testInputSourceMaps" classname="com.google.javascript.jscomp.CompilerTest" time="0.003"/>
  <testcase name="testCombinedImportantCommentAuthorDirectiveOutput" classname="com.google.javascript.jscomp.CompilerTest" time="0.004"/>
  <testcase name="testMultipleUniqueImportantComments" classname="com.google.javascript.jscomp.CompilerTest" time="0.006"/>
  <testcase name="testEs6ModulePathWithOddCharacters" classname="com.google.javascript.jscomp.CompilerTest" time="0.462"/>
  <testcase name="testAnnotation" classname="com.google.javascript.jscomp.CompilerTest" time="0"/>
  <testcase name="testLicenseDirectiveOutput" classname="com.google.javascript.jscomp.CompilerTest" time="0.003"/>
  <testcase name="testReportChangeWithScopeSucceeds" classname="com.google.javascript.jscomp.CompilerTest" time="0"/>
  <testcase name="testProperEs6ModuleOrderingWithExport" classname="com.google.javascript.jscomp.CompilerTest" time="0.257"/>
  <testcase name="testMultipleLicenseDirectiveOutput" classname="com.google.javascript.jscomp.CompilerTest" time="0.006"/>
</testsuite>