<?xml version="1.0" encoding="UTF-8"?>
<testsuite xmlns:xsi="http://www.w3.org/2001/XMLSchema-instance" xsi:schemaLocation="https://maven.apache.org/surefire/maven-surefire-plugin/xsd/surefire-test-report.xsd" name="com.google.javascript.jscomp.VariableReferenceCheckTest" time="0.186" tests="151" errors="0" skipped="0" failures="0">
  <properties>
[...]
</properties>
  <testcase name="testIllegalLetShadowing_withES6Modules" classname="com.google.javascript.jscomp.VariableReferenceCheckTest" time="0.001"/>
  <testcase name="testRedeclare" classname="com.google.javascript.jscomp.VariableReferenceCheckTest" time="0.003"/>
  <testcase name="testUnreferencedBleedingFunction" classname="com.google.javascript.jscomp.VariableReferenceCheckTest" time="0.002"/>
  <testcase name="testUndeclaredLet_withES6Modules" classname="com.google.javascript.jscomp.VariableReferenceCheckTest" time="0"/>
  <testcase name="testEnhancedForLoopTemporalDeadZone_withES6Modules" classname="com.google.javascript.jscomp.VariableReferenceCheckTest" time="0.001"/>
  <testcase name="testUsedInInnerFunction" classname="com.google.javascript.jscomp.VariableReferenceCheckTest" time="0.001"/>
  <testcase name="testNonHoistedFunction" classname="com.google.javascript.jscomp.VariableReferenceCheckTest" time="0"/>
  <testcase name="testRedeclareClassName" classname="com.google.javascript.jscomp.VariableReferenceCheckTest" time="0.001"/>
  <testcase name="testUnusedLocalArgNoWarning" classname="com.google.javascript.jscomp.VariableReferenceCheckTest" time="0.001"/>
  <testcase name="testTryCatch_withES6Modules" classname="com.google.javascript.jscomp.VariableReferenceCheckTest" time="0"/>
  <testcase name="testUnusedLocalLet" classname="com.google.javascript.jscomp.VariableReferenceCheckTest" time="0.002"/>
  <testcase name="testUnusedLocalVar" classname="com.google.javascript.jscomp.VariableReferenceCheckTest" time="0.001"/>
  <testcase name="testES6Module_usedInTypeAnnotation" classname="com.google.javascript.jscomp.VariableReferenceCheckTest" time="0.001"/>
  <testcase name="testDuplicateLetConst" classname="com.google.javascript.jscomp.VariableReferenceCheckTest" time="0"/>
  <testcase name="testClassExtend" classname="com.google.javascript.jscomp.VariableReferenceCheckTest" time="0.001"/>
  <testcase name="testChainedAssign_withES6Modules" classname="com.google.javascript.jscomp.VariableReferenceCheckTest" time="0.001"/>
  <testcase name="testTryCatch" classname="com.google.javascript.jscomp.VariableReferenceCheckTest" time="0.001"/>
  <testcase name="testUnusedAssignedInInnerFunction_withES6Modules" classname="com.google.javascript.jscomp.VariableReferenceCheckTest" time="0.001"/>
  <testcase name="testUnusedLocalArgNoWarning_withES6Modules" classname="com.google.javascript.jscomp.VariableReferenceCheckTest" time="0"/>
  <testcase name="testObjectPattern_defaultValue" classname="com.google.javascript.jscomp.VariableReferenceCheckTest" time="0.003"/>
  <testcase name="testDoubleDeclaration2" classname="com.google.javascript.jscomp.VariableReferenceCheckTest" time="0.001"/>
  <testcase name="testFunctionHoistingRedeclaration1" classname="com.google.javascript.jscomp.VariableReferenceCheckTest" time="0"/>
  <testcase name="testFunctionHoistingRedeclaration2" classname="com.google.javascript.jscomp.VariableReferenceCheckTest" time="0.001"/>
  <testcase name="testUnusedGlobalNoWarning_withES6Modules" classname="com.google.javascript.jscomp.VariableReferenceCheckTest" time="0"/>
  <testcase name="testLetConstNotDirectlyInBlock" classname="com.google.javascript.jscomp.VariableReferenceCheckTest" time="0.002"/>
  <testcase name="testIllegalBlockScopedEarlyReference" classname="com.google.javascript.jscomp.VariableReferenceCheckTest" time="0.002"/>
  <testcase name="testClass_withES6Modules" classname="com.google.javascript.jscomp.VariableReferenceCheckTest" time="0.001"/>
  <testcase name="testUnusedTypedefInModule" classname="com.google.javascript.jscomp.VariableReferenceCheckTest" time="0.002"/>
  <testcase name="testUnreferencedBleedingFunction_withES6Modules" classname="com.google.javascript.jscomp.VariableReferenceCheckTest" time="0.001"/>
  <testcase name="testUsedInShorthandObjLit_withES6Modules" classname="com.google.javascript.jscomp.VariableReferenceCheckTest" time="0.001"/>
  <testcase name="testIssue166e_withES6Modules" classname="com.google.javascript.jscomp.VariableReferenceCheckTest" time="0.001"/>
  <testcase name="testUnusedLocalVar_withES6Modules" classname="com.google.javascript.jscomp.VariableReferenceCheckTest" time="0"/>
  <testcase name="testArrayPattern_withES6Modules01" classname="com.google.javascript.jscomp.VariableReferenceCheckTest" time="0.001"/>
  <testcase name="testClass" classname="com.google.javascript.jscomp.VariableReferenceCheckTest" time="0.001"/>
  <testcase name="testForIn" classname="com.google.javascript.jscomp.VariableReferenceCheckTest" time="0.002"/>
  <testcase name="testForOf" classname="com.google.javascript.jscomp.VariableReferenceCheckTest" time="0.001"/>
  <testcase name="testArrowFunction" classname="com.google.javascript.jscomp.VariableReferenceCheckTest" time="0.002"/>
  <testcase name="testArrayPattern" classname="com.google.javascript.jscomp.VariableReferenceCheckTest" time="0.003"/>
  <testcase name="testRedeclareVariableFromImport" classname="com.google.javascript.jscomp.VariableReferenceCheckTest" time="0.005"/>
  <testcase name="testUnusedCatch_withES6Modules" classname="com.google.javascript.jscomp.VariableReferenceCheckTest" time="0.001"/>
  <testcase name="testEarlyReference_withES6Modules" classname="com.google.javascript.jscomp.VariableReferenceCheckTest" time="0.001"/>
  <testcase name="testParameterShadowing_withES6Modules" classname="com.google.javascript.jscomp.VariableReferenceCheckTest" time="0.003"/>
  <testcase name="testCorrectRecursion" classname="com.google.javascript.jscomp.VariableReferenceCheckTest" time="0"/>
  <testcase name="testUnusedLocalConst" classname="com.google.javascript.jscomp.VariableReferenceCheckTest" time="0.001"/>
  <testcase name="testObjectPattern_withES6Modules01" classname="com.google.javascript.jscomp.VariableReferenceCheckTest" time="0.001"/>
  <testcase name="testUnusedTypedefInES6Module" classname="com.google.javascript.jscomp.VariableReferenceCheckTest" time="0.001"/>
  <testcase name="testCorrectCatch" classname="com.google.javascript.jscomp.VariableReferenceCheckTest" time="0.002"/>
  <testcase name="testReassignedConst" classname="com.google.javascript.jscomp.VariableReferenceCheckTest" time="0"/>
  <testcase name="testUnusedCatch" classname="com.google.javascript.jscomp.VariableReferenceCheckTest" time="0.001"/>
  <testcase name="testCorrectRedeclare" classname="com.google.javascript.jscomp.VariableReferenceCheckTest" time="0.001"/>
  <testcase name="testDoubleTryCatch" classname="com.google.javascript.jscomp.VariableReferenceCheckTest" time="0"/>
  <testcase name="testDoubleDeclaration" classname="com.google.javascript.jscomp.VariableReferenceCheckTest" time="0.001"/>
  <testcase name="testUndeclaredConst" classname="com.google.javascript.jscomp.VariableReferenceCheckTest" time="0.001"/>
  <testcase name="testCorrectCode_withES6Modules" classname="com.google.javascript.jscomp.VariableReferenceCheckTest" time="0.001"/>
  <testcase name="testUsedInInnerFunction_withES6Modules" classname="com.google.javascript.jscomp.VariableReferenceCheckTest" time="0.001"/>
  <testcase name="testReferencedBleedingFunction_withES6Modules" classname="com.google.javascript.jscomp.VariableReferenceCheckTest" time="0"/>
  <testcase name="testParameterShadowing" classname="com.google.javascript.jscomp.VariableReferenceCheckTest" time="0.008"/>
  <testcase name="testIncrementDecrementResultUsed" classname="com.google.javascript.jscomp.VariableReferenceCheckTest" time="0.002"/>
  <testcase name="testIncrementCountsAsUse_withES6Modules" classname="com.google.javascript.jscomp.VariableReferenceCheckTest" time="0.001"/>
  <testcase name="testDestructuringInLoop" classname="com.google.javascript.jscomp.VariableReferenceCheckTest" time="0.001"/>
  <testcase name="testDestructuring" classname="com.google.javascript.jscomp.VariableReferenceCheckTest" time="0.004"/>
  <testcase name="testUnusedLocalInBlock" classname="com.google.javascript.jscomp.VariableReferenceCheckTest" time="0.001"/>
  <testcase name="testDefaultParam_withES6Modules" classname="com.google.javascript.jscomp.VariableReferenceCheckTest" time="0.001"/>
  <testcase name="testIllegalLetShadowing" classname="com.google.javascript.jscomp.VariableReferenceCheckTest" time="0.003"/>
  <testcase name="testVarShadowing" classname="com.google.javascript.jscomp.VariableReferenceCheckTest" time="0.003"/>
  <testcase name="testDestructuringInFor" classname="com.google.javascript.jscomp.VariableReferenceCheckTest" time="0.002"/>
  <testcase name="testVarShadowsFunctionName_withES6Modules" classname="com.google.javascript.jscomp.VariableReferenceCheckTest" time="0.002"/>
  <testcase name="testES6Module_destructuring" classname="com.google.javascript.jscomp.VariableReferenceCheckTest" time="0.002"/>
  <testcase name="testES6Module" classname="com.google.javascript.jscomp.VariableReferenceCheckTest" time="0.001"/>
  <testcase name="testCorrectShadowing_withES6Modules" classname="com.google.javascript.jscomp.VariableReferenceCheckTest" time="0.001"/>
  <testcase name="testUnusedLocalVarInGoogScope" classname="com.google.javascript.jscomp.VariableReferenceCheckTest" time="0.002"/>
  <testcase name="testArrowFunction_withES6Modules" classname="com.google.javascript.jscomp.VariableReferenceCheckTest" time="0.002"/>
  <testcase name="testUnusedLocalLet_withES6Modules" classname="com.google.javascript.jscomp.VariableReferenceCheckTest" time="0"/>
  <testcase name="testFunctionHoisting" classname="com.google.javascript.jscomp.VariableReferenceCheckTest" time="0.001"/>
  <testcase name="testUnusedAssignedInInnerFunction" classname="com.google.javascript.jscomp.VariableReferenceCheckTest" time="0.001"/>
  <testcase name="testCorrectRecursion_withES6Modules" classname="com.google.javascript.jscomp.VariableReferenceCheckTest" time="0"/>
  <testcase name="testCorrectShadowing" classname="com.google.javascript.jscomp.VariableReferenceCheckTest" time="0.001"/>
  <testcase name="testIssue166b_withES6Modules" classname="com.google.javascript.jscomp.VariableReferenceCheckTest" time="0.001"/>
  <testcase name="testGoogModule_usedInTypeAnnotation" classname="com.google.javascript.jscomp.VariableReferenceCheckTest" time="0.001"/>
  <testcase name="testDefaultParam" classname="com.google.javascript.jscomp.VariableReferenceCheckTest" time="0.007"/>
  <testcase name="testArrayPattern_defaultValue_withES6Modules01" classname="com.google.javascript.jscomp.VariableReferenceCheckTest" time="0"/>
  <testcase name="testCorrectEarlyReference_withES6Modules" classname="com.google.javascript.jscomp.VariableReferenceCheckTest" time="0.001"/>
  <testcase name="testNoWarnInExterns1" classname="com.google.javascript.jscomp.VariableReferenceCheckTest" time="0.001"/>
  <testcase name="testNoWarnInExterns2" classname="com.google.javascript.jscomp.VariableReferenceCheckTest" time="0"/>
  <testcase name="testNonHoistedFunction2" classname="com.google.javascript.jscomp.VariableReferenceCheckTest" time="0.001"/>
  <testcase name="testNonHoistedFunction3" classname="com.google.javascript.jscomp.VariableReferenceCheckTest" time="0.001"/>
  <testcase name="testNonHoistedFunction4" classname="com.google.javascript.jscomp.VariableReferenceCheckTest" time="0"/>
  <testcase name="testNonHoistedFunction5" classname="com.google.javascript.jscomp.VariableReferenceCheckTest" time="0.001"/>
  <testcase name="testNonHoistedFunction6" classname="com.google.javascript.jscomp.VariableReferenceCheckTest" time="0.001"/>
  <testcase name="testNonHoistedFunction7" classname="com.google.javascript.jscomp.VariableReferenceCheckTest" time="0"/>
  <testcase name="testUnusedImport" classname="com.google.javascript.jscomp.VariableReferenceCheckTest" time="0.001"/>
  <testcase name="testEarlyReference" classname="com.google.javascript.jscomp.VariableReferenceCheckTest" time="0.001"/>
  <testcase name="testNonHoistedRecursiveFunction1" classname="com.google.javascript.jscomp.VariableReferenceCheckTest" time="0"/>
  <testcase name="testNonHoistedRecursiveFunction2" classname="com.google.javascript.jscomp.VariableReferenceCheckTest" time="0.001"/>
  <testcase name="testNonHoistedRecursiveFunction3" classname="com.google.javascript.jscomp.VariableReferenceCheckTest" time="0.001"/>
  <testcase name="testExportedType" classname="com.google.javascript.jscomp.VariableReferenceCheckTest" time="0"/>
  <testcase name="testHoistedFunction_withES6Modules" classname="com.google.javascript.jscomp.VariableReferenceCheckTest" time="0.001"/>
  <testcase name="testUsedInShorthandObjLit" classname="com.google.javascript.jscomp.VariableReferenceCheckTest" time="0.002"/>
  <testcase name="testUnusedGlobalInBlockNoWarning" classname="com.google.javascript.jscomp.VariableReferenceCheckTest" time="0.001"/>
  <testcase name="testIncrementDecrementResultUsed_withES6Modules" classname="com.google.javascript.jscomp.VariableReferenceCheckTest" time="0.001"/>
  <testcase name="testRedeclareInLabel" classname="com.google.javascript.jscomp.VariableReferenceCheckTest" time="0"/>
  <testcase name="testAliasInModule" classname="com.google.javascript.jscomp.VariableReferenceCheckTest" time="0.001"/>
  <testcase name="testCorrectCode" classname="com.google.javascript.jscomp.VariableReferenceCheckTest" time="0.006"/>
  <testcase name="testGoogModule_bundled" classname="com.google.javascript.jscomp.VariableReferenceCheckTest" time="0.001"/>
  <testcase name="testIssue166a" classname="com.google.javascript.jscomp.VariableReferenceCheckTest" time="0"/>
  <testcase name="testIssue166b" classname="com.google.javascript.jscomp.VariableReferenceCheckTest" time="0.001"/>
  <testcase name="testIssue166c" classname="com.google.javascript.jscomp.VariableReferenceCheckTest" time="0"/>
  <testcase name="testIssue166d" classname="com.google.javascript.jscomp.VariableReferenceCheckTest" time="0"/>
  <testcase name="testIssue166e" classname="com.google.javascript.jscomp.VariableReferenceCheckTest" time="0.001"/>
  <testcase name="testIssue166f" classname="com.google.javascript.jscomp.VariableReferenceCheckTest" time="0.001"/>
  <testcase name="testNonHoistedFunction_withES6Modules" classname="com.google.javascript.jscomp.VariableReferenceCheckTest" time="0"/>
  <testcase name="testHoistedFunction1" classname="com.google.javascript.jscomp.VariableReferenceCheckTest" time="0.001"/>
  <testcase name="testHoistedFunction2" classname="com.google.javascript.jscomp.VariableReferenceCheckTest" time="0.001"/>
  <testcase name="testVarShadowsFunctionName" classname="com.google.javascript.jscomp.VariableReferenceCheckTest" time="0.001"/>
  <testcase name="testDoubleTryCatch_withES6Modules" classname="com.google.javascript.jscomp.VariableReferenceCheckTest" time="0.001"/>
  <testcase name="testChainedAssign" classname="com.google.javascript.jscomp.VariableReferenceCheckTest" time="0.001"/>
  <testcase name="testGoogModule_duplicateRequire" classname="com.google.javascript.jscomp.VariableReferenceCheckTest" time="0.002"/>
  <testcase name="testUnusedCompoundAssign_withES6Modules" classname="com.google.javascript.jscomp.VariableReferenceCheckTest" time="0"/>
  <testcase name="testNonHoistedRecursiveFunction_withES6Modules" classname="com.google.javascript.jscomp.VariableReferenceCheckTest" time="0.001"/>
  <testcase name="testGoogModule_forwardDeclare" classname="com.google.javascript.jscomp.VariableReferenceCheckTest" time="0.002"/>
  <testcase name="testGoogModule" classname="com.google.javascript.jscomp.VariableReferenceCheckTest" time="0.001"/>
  <testcase name="testDestructuring_withES6Modules" classname="com.google.javascript.jscomp.VariableReferenceCheckTest" time="0.002"/>
  <testcase name="testUndeclaredLet" classname="com.google.javascript.jscomp.VariableReferenceCheckTest" time="0"/>
  <testcase name="testES6Module_import" classname="com.google.javascript.jscomp.VariableReferenceCheckTest" time="0.001"/>
  <testcase name="testImportStar" classname="com.google.javascript.jscomp.VariableReferenceCheckTest" time="0.001"/>
  <testcase name="testIncrementCountsAsUse" classname="com.google.javascript.jscomp.VariableReferenceCheckTest" time="0.001"/>
  <testcase name="testRedeclare_withES6Modules" classname="com.google.javascript.jscomp.VariableReferenceCheckTest" time="0.002"/>
  <testcase name="testAliasInES6Module" classname="com.google.javascript.jscomp.VariableReferenceCheckTest" time="0.001"/>
  <testcase name="testClassExtend_withES6Modules" classname="com.google.javascript.jscomp.VariableReferenceCheckTest" time="0.001"/>
  <testcase name="testVarShadowing_withES6Modules01" classname="com.google.javascript.jscomp.VariableReferenceCheckTest" time="0.001"/>
  <testcase name="testVarShadowing_withES6Modules02" classname="com.google.javascript.jscomp.VariableReferenceCheckTest" time="0"/>
  <testcase name="testVarShadowing_withES6Modules03" classname="com.google.javascript.jscomp.VariableReferenceCheckTest" time="0.001"/>
  <testcase name="testVarShadowing_withES6Modules04" classname="com.google.javascript.jscomp.VariableReferenceCheckTest" time="0.001"/>
  <testcase name="testGoogModule_destructuring" classname="com.google.javascript.jscomp.VariableReferenceCheckTest" time="0.001"/>
  <testcase name="testGoogModule_require" classname="com.google.javascript.jscomp.VariableReferenceCheckTest" time="0.002"/>
  <testcase name="testCorrectCatch_withES6Modules" classname="com.google.javascript.jscomp.VariableReferenceCheckTest" time="0"/>
  <testcase name="testDoubleDeclaration_withES6Modules" classname="com.google.javascript.jscomp.VariableReferenceCheckTest" time="0.001"/>
  <testcase name="testEnhancedForLoopTemporalDeadZone" classname="com.google.javascript.jscomp.VariableReferenceCheckTest" time="0.002"/>
  <testcase name="testArrayPattern_defaultValue" classname="com.google.javascript.jscomp.VariableReferenceCheckTest" time="0.003"/>
  <testcase name="testIllegalConstShadowing_withES6Modules" classname="com.google.javascript.jscomp.VariableReferenceCheckTest" time="0.001"/>
  <testcase name="testUnusedLocalConst_withES6Modules" classname="com.google.javascript.jscomp.VariableReferenceCheckTest" time="0"/>
  <testcase name="testCorrectEarlyReference" classname="com.google.javascript.jscomp.VariableReferenceCheckTest" time="0.002"/>
  <testcase name="testUnusedCompoundAssign" classname="com.google.javascript.jscomp.VariableReferenceCheckTest" time="0.003"/>
  <testcase name="testObjectPattern" classname="com.google.javascript.jscomp.VariableReferenceCheckTest" time="0.004"/>
  <testcase name="testObjectPattern_defaultValue_withES6Modules" classname="com.google.javascript.jscomp.VariableReferenceCheckTest" time="0.001"/>
  <testcase name="testNoWarnInExterns_withES6Modules" classname="com.google.javascript.jscomp.VariableReferenceCheckTest" time="0"/>
  <testcase name="testRedeclareClassName_withES6Modules" classname="com.google.javascript.jscomp.VariableReferenceCheckTest" time="0.001"/>
  <testcase name="testUnusedGlobalNoWarning" classname="com.google.javascript.jscomp.VariableReferenceCheckTest" time="0.001"/>
  <testcase name="testCorrectRedeclare_withES6Modules" classname="com.google.javascript.jscomp.VariableReferenceCheckTest" time="0"/>
  <testcase name="testReferencedBleedingFunction" classname="com.google.javascript.jscomp.VariableReferenceCheckTest" time="0.001"/>
  <testcase name="testIllegalConstShadowing" classname="com.google.javascript.jscomp.VariableReferenceCheckTest" time="0.001"/>
</testsuite>