<?xml version="1.0" encoding="UTF-8"?>
<testsuite xmlns:xsi="http://www.w3.org/2001/XMLSchema-instance" xsi:schemaLocation="https://maven.apache.org/surefire/maven-surefire-plugin/xsd/surefire-test-report.xsd" name="com.google.javascript.jscomp.RenamePropertiesTest" time="0.134" tests="51" errors="0" skipped="0" failures="0">
  <properties>
[...]
</properties>
  <testcase name="testExternedPropertyName" classname="com.google.javascript.jscomp.RenamePropertiesTest" time="0.001"/>
  <testcase name="testGetSetInClass" classname="com.google.javascript.jscomp.RenamePropertiesTest" time="0.003"/>
  <testcase name="testExportedSetPropertyOfThis" classname="com.google.javascript.jscomp.RenamePropertiesTest" time="0.001"/>
  <testcase name="testExternedPropertyNameDefinedByObjectLiteral" classname="com.google.javascript.jscomp.RenamePropertiesTest" time="0.002"/>
  <testcase name="testSetQuotedPropertyOfThis" classname="com.google.javascript.jscomp.RenamePropertiesTest" time="0.002"/>
  <testcase name="testObjectLiteralInLocalScope" classname="com.google.javascript.jscomp.RenamePropertiesTest" time="0.001"/>
  <testcase name="testPrototypePropertyForArrowFunction" classname="com.google.javascript.jscomp.RenamePropertiesTest" time="0.002"/>
  <testcase name="testObjectMethodProperty" classname="com.google.javascript.jscomp.RenamePropertiesTest" time="0.004"/>
  <testcase name="testExportedByConventionPrototypeProperties" classname="com.google.javascript.jscomp.RenamePropertiesTest" time="0.002"/>
  <testcase name="testOverlappingOriginalAndGeneratedNamesStable" classname="com.google.javascript.jscomp.RenamePropertiesTest" time="0.003"/>
  <testcase name="testPropertyOfObjectOfUnknownType" classname="com.google.javascript.jscomp.RenamePropertiesTest" time="0.002"/>
  <testcase name="testPrototypeProperties" classname="com.google.javascript.jscomp.RenamePropertiesTest" time="0.002"/>
  <testcase name="testStaticAndInstanceMethodWithSameName" classname="com.google.javascript.jscomp.RenamePropertiesTest" time="0.002"/>
  <testcase name="testAvoidingConflictsBetQuotedAndUnquotedPropertyNamesStable" classname="com.google.javascript.jscomp.RenamePropertiesTest" time="0.003"/>
  <testcase name="testSetPropertyOfThis" classname="com.google.javascript.jscomp.RenamePropertiesTest" time="0.002"/>
  <testcase name="testOverlappingOriginalAndGeneratedNames" classname="com.google.javascript.jscomp.RenamePropertiesTest" time="0.002"/>
  <testcase name="testPropertyAffinityOff" classname="com.google.javascript.jscomp.RenamePropertiesTest" time="0.004"/>
  <testcase name="testPrototypePropertiesAsObjLitKeysStable" classname="com.google.javascript.jscomp.RenamePropertiesTest" time="0.004"/>
  <testcase name="testReadPropertyOfThis" classname="com.google.javascript.jscomp.RenamePropertiesTest" time="0.001"/>
  <testcase name="testPrototypePropertiesAsObjLitKeys1" classname="com.google.javascript.jscomp.RenamePropertiesTest" time="0.002"/>
  <testcase name="testPrototypePropertiesAsObjLitKeys2" classname="com.google.javascript.jscomp.RenamePropertiesTest" time="0.005"/>
  <testcase name="testPrototypePropertiesAsObjLitKeys3" classname="com.google.javascript.jscomp.RenamePropertiesTest" time="0.005"/>
  <testcase name="testGeneratePseudoNames" classname="com.google.javascript.jscomp.RenamePropertiesTest" time="0.002"/>
  <testcase name="testRenamePropertiesFunctionCall1" classname="com.google.javascript.jscomp.RenamePropertiesTest" time="0.002"/>
  <testcase name="testRenamePropertiesFunctionCall2" classname="com.google.javascript.jscomp.RenamePropertiesTest" time="0.002"/>
  <testcase name="testMixedQuotedAndUnquotedObjLitKeysStable" classname="com.google.javascript.jscomp.RenamePropertiesTest" time="0.003"/>
  <testcase name="testPropertyAddedToObjectStable" classname="com.google.javascript.jscomp.RenamePropertiesTest" time="0.004"/>
  <testcase name="testQuotedPrototypeProperty" classname="com.google.javascript.jscomp.RenamePropertiesTest" time="0.001"/>
  <testcase name="testArrayDestructuring" classname="com.google.javascript.jscomp.RenamePropertiesTest" time="0.002"/>
  <testcase name="testExportedObjectLiteralInLocalScope" classname="com.google.javascript.jscomp.RenamePropertiesTest" time="0.002"/>
  <testcase name="testStableWithTrickyExternsChanges" classname="com.google.javascript.jscomp.RenamePropertiesTest" time="0.003"/>
  <testcase name="testDestructuredProperties" classname="com.google.javascript.jscomp.RenamePropertiesTest" time="0.006"/>
  <testcase name="testComputedPropertyNamesInObjectLit" classname="com.google.javascript.jscomp.RenamePropertiesTest" time="0.001"/>
  <testcase name="testSamePropertyNameQuotedAndUnquoted" classname="com.google.javascript.jscomp.RenamePropertiesTest" time="0.002"/>
  <testcase name="testClasses" classname="com.google.javascript.jscomp.RenamePropertiesTest" time="0.006"/>
  <testcase name="testRenamePropertiesWithLeadingUnderscores" classname="com.google.javascript.jscomp.RenamePropertiesTest" time="0.002"/>
  <testcase name="testMixedQuotedAndUnquotedObjLitKeys1" classname="com.google.javascript.jscomp.RenamePropertiesTest" time="0.002"/>
  <testcase name="testMixedQuotedAndUnquotedObjLitKeys2" classname="com.google.javascript.jscomp.RenamePropertiesTest" time="0.001"/>
  <testcase name="testModules" classname="com.google.javascript.jscomp.RenamePropertiesTest" time="0.008"/>
  <testcase name="testPropertyAddedToFunction" classname="com.google.javascript.jscomp.RenamePropertiesTest" time="0.002"/>
  <testcase name="testPropertyAddedToObject" classname="com.google.javascript.jscomp.RenamePropertiesTest" time="0.002"/>
  <testcase name="testStaticMethodInClass" classname="com.google.javascript.jscomp.RenamePropertiesTest" time="0.002"/>
  <testcase name="testRenamePropertiesWithLeadingUnderscoresStable" classname="com.google.javascript.jscomp.RenamePropertiesTest" time="0.004"/>
  <testcase name="testAvoidingConflictsBetweenQuotedAndUnquotedPropertyNames" classname="com.google.javascript.jscomp.RenamePropertiesTest" time="0.001"/>
  <testcase name="testRemoveRenameFunctionStubs1" classname="com.google.javascript.jscomp.RenamePropertiesTest" time="0.002"/>
  <testcase name="testRemoveRenameFunctionStubs2" classname="com.google.javascript.jscomp.RenamePropertiesTest" time="0.002"/>
  <testcase name="testRenamePropertiesFunctionCallStable" classname="com.google.javascript.jscomp.RenamePropertiesTest" time="0.004"/>
  <testcase name="testPrototypePropertiesStable" classname="com.google.javascript.jscomp.RenamePropertiesTest" time="0.003"/>
  <testcase name="testNestedDestructuringProperties" classname="com.google.javascript.jscomp.RenamePropertiesTest" time="0.002"/>
  <testcase name="testComputedMethodPropertyNamesInClass" classname="com.google.javascript.jscomp.RenamePropertiesTest" time="0.004"/>
  <testcase name="testIncorrectAttemptToAccessQuotedProperty" classname="com.google.javascript.jscomp.RenamePropertiesTest" time="0.002"/>
</testsuite>