<?xml version="1.0" encoding="UTF-8"?>
<testsuite xmlns:xsi="http://www.w3.org/2001/XMLSchema-instance" xsi:schemaLocation="https://maven.apache.org/surefire/maven-surefire-plugin/xsd/surefire-test-report.xsd" name="com.google.javascript.jscomp.TypeInferenceTest" time="0.102" tests="144" errors="0" skipped="0" failures="0">
  <properties>
[...]
</properties>
  <testcase name="testAssertNumber2" classname="com.google.javascript.jscomp.TypeInferenceTest" time="0.001"/>
  <testcase name="testAssertNumber3" classname="com.google.javascript.jscomp.TypeInferenceTest" time="0.001"/>
  <testcase name="testBackwardsInferenceNew" classname="com.google.javascript.jscomp.TypeInferenceTest" time="0.001"/>
  <testcase name="testTypeTransformationWithNativeTypeExpressionFunctionOptional" classname="com.google.javascript.jscomp.TypeInferenceTest" time="0.003"/>
  <testcase name="testTypeTransformationNoneType" classname="com.google.javascript.jscomp.TypeInferenceTest" time="0.001"/>
  <testcase name="testAssumption" classname="com.google.javascript.jscomp.TypeInferenceTest" time="0.001"/>
  <testcase name="testTypeTransformationRecordFromObject" classname="com.google.javascript.jscomp.TypeInferenceTest" time="0.001"/>
  <testcase name="testAssertInstanceof3a" classname="com.google.javascript.jscomp.TypeInferenceTest" time="0.001"/>
  <testcase name="testAssertElement" classname="com.google.javascript.jscomp.TypeInferenceTest" time="0.001"/>
  <testcase name="testAssertObject2" classname="com.google.javascript.jscomp.TypeInferenceTest" time="0"/>
  <testcase name="testAssertObject3" classname="com.google.javascript.jscomp.TypeInferenceTest" time="0.001"/>
  <testcase name="testAssertObject4" classname="com.google.javascript.jscomp.TypeInferenceTest" time="0.001"/>
  <testcase name="testAssertObject5" classname="com.google.javascript.jscomp.TypeInferenceTest" time="0"/>
  <testcase name="testComparison" classname="com.google.javascript.jscomp.TypeInferenceTest" time="0.002"/>
  <testcase name="testIf1" classname="com.google.javascript.jscomp.TypeInferenceTest" time="0"/>
  <testcase name="testIf2" classname="com.google.javascript.jscomp.TypeInferenceTest" time="0.001"/>
  <testcase name="testIf3" classname="com.google.javascript.jscomp.TypeInferenceTest" time="0.001"/>
  <testcase name="testVar" classname="com.google.javascript.jscomp.TypeInferenceTest" time="0"/>
  <testcase name="testEnumRAI1" classname="com.google.javascript.jscomp.TypeInferenceTest" time="0.001"/>
  <testcase name="testEnumRAI2" classname="com.google.javascript.jscomp.TypeInferenceTest" time="0"/>
  <testcase name="testEnumRAI3" classname="com.google.javascript.jscomp.TypeInferenceTest" time="0.001"/>
  <testcase name="testEnumRAI4" classname="com.google.javascript.jscomp.TypeInferenceTest" time="0"/>
  <testcase name="testIsDefAndNoResolvedType" classname="com.google.javascript.jscomp.TypeInferenceTest" time="0.001"/>
  <testcase name="testCall1" classname="com.google.javascript.jscomp.TypeInferenceTest" time="0.001"/>
  <testcase name="testCast1" classname="com.google.javascript.jscomp.TypeInferenceTest" time="0"/>
  <testcase name="testCast2" classname="com.google.javascript.jscomp.TypeInferenceTest" time="0"/>
  <testcase name="testJoin1" classname="com.google.javascript.jscomp.TypeInferenceTest" time="0.001"/>
  <testcase name="testJoin2" classname="com.google.javascript.jscomp.TypeInferenceTest" time="0"/>
  <testcase name="testThrow" classname="com.google.javascript.jscomp.TypeInferenceTest" time="0.001"/>
  <testcase name="testUnary" classname="com.google.javascript.jscomp.TypeInferenceTest" time="0"/>
  <testcase name="testAdd1" classname="com.google.javascript.jscomp.TypeInferenceTest" time="0.001"/>
  <testcase name="testAdd2" classname="com.google.javascript.jscomp.TypeInferenceTest" time="0"/>
  <testcase name="testAdd3" classname="com.google.javascript.jscomp.TypeInferenceTest" time="0.001"/>
  <testcase name="testFor1" classname="com.google.javascript.jscomp.TypeInferenceTest" time="0"/>
  <testcase name="testFor2" classname="com.google.javascript.jscomp.TypeInferenceTest" time="0.001"/>
  <testcase name="testFor3" classname="com.google.javascript.jscomp.TypeInferenceTest" time="0"/>
  <testcase name="testFor4" classname="com.google.javascript.jscomp.TypeInferenceTest" time="0.001"/>
  <testcase name="testFor5" classname="com.google.javascript.jscomp.TypeInferenceTest" time="0"/>
  <testcase name="testFor6" classname="com.google.javascript.jscomp.TypeInferenceTest" time="0.001"/>
  <testcase name="testHook" classname="com.google.javascript.jscomp.TypeInferenceTest" time="0"/>
  <testcase name="testIf1a" classname="com.google.javascript.jscomp.TypeInferenceTest" time="0.001"/>
  <testcase name="testNew1" classname="com.google.javascript.jscomp.TypeInferenceTest" time="0"/>
  <testcase name="testNew2" classname="com.google.javascript.jscomp.TypeInferenceTest" time="0.001"/>
  <testcase name="testNew3" classname="com.google.javascript.jscomp.TypeInferenceTest" time="0.001"/>
  <testcase name="testTry1" classname="com.google.javascript.jscomp.TypeInferenceTest" time="0"/>
  <testcase name="testTry2" classname="com.google.javascript.jscomp.TypeInferenceTest" time="0.001"/>
  <testcase name="testTry3" classname="com.google.javascript.jscomp.TypeInferenceTest" time="0"/>
  <testcase name="testAssert1" classname="com.google.javascript.jscomp.TypeInferenceTest" time="0.001"/>
  <testcase name="testAssert2" classname="com.google.javascript.jscomp.TypeInferenceTest" time="0"/>
  <testcase name="testAssert3" classname="com.google.javascript.jscomp.TypeInferenceTest" time="0.001"/>
  <testcase name="testAssert4" classname="com.google.javascript.jscomp.TypeInferenceTest" time="0"/>
  <testcase name="testAssert5" classname="com.google.javascript.jscomp.TypeInferenceTest" time="0.001"/>
  <testcase name="testAssert6" classname="com.google.javascript.jscomp.TypeInferenceTest" time="0"/>
  <testcase name="testAssert7" classname="com.google.javascript.jscomp.TypeInferenceTest" time="0.001"/>
  <testcase name="testAssert8" classname="com.google.javascript.jscomp.TypeInferenceTest" time="0"/>
  <testcase name="testAssert9" classname="com.google.javascript.jscomp.TypeInferenceTest" time="0"/>
  <testcase name="testAssertWithIsDefAndNotNull" classname="com.google.javascript.jscomp.TypeInferenceTest" time="0.001"/>
  <testcase name="testDo" classname="com.google.javascript.jscomp.TypeInferenceTest" time="0"/>
  <testcase name="testObjectLit" classname="com.google.javascript.jscomp.TypeInferenceTest" time="0.002"/>
  <testcase name="testTypeTransformationTypeOfVarWithTypedef" classname="com.google.javascript.jscomp.TypeInferenceTest" time="0.001"/>
  <testcase name="testTypeTransformationWithNativeTypeExpressionFunction" classname="com.google.javascript.jscomp.TypeInferenceTest" time="0"/>
  <testcase name="testFlattening" classname="com.google.javascript.jscomp.TypeInferenceTest" time="0.009"/>
  <testcase name="testTypeTransformationWithNativeTypeExpressionFunctionThis" classname="com.google.javascript.jscomp.TypeInferenceTest" time="0.001"/>
  <testcase name="testArrayLit" classname="com.google.javascript.jscomp.TypeInferenceTest" time="0.001"/>
  <testcase name="testGetElem" classname="com.google.javascript.jscomp.TypeInferenceTest" time="0"/>
  <testcase name="testGetProp" classname="com.google.javascript.jscomp.TypeInferenceTest" time="0.001"/>
  <testcase name="testShortCircuitingAnd2" classname="com.google.javascript.jscomp.TypeInferenceTest" time="0"/>
  <testcase name="testUnknownType1" classname="com.google.javascript.jscomp.TypeInferenceTest" time="0.001"/>
  <testcase name="testUnknownType2" classname="com.google.javascript.jscomp.TypeInferenceTest" time="0"/>
  <testcase name="testAssertArray" classname="com.google.javascript.jscomp.TypeInferenceTest" time="0.001"/>
  <testcase name="testAssertFunction" classname="com.google.javascript.jscomp.TypeInferenceTest" time="0"/>
  <testcase name="testTypeTransformationUnionType" classname="com.google.javascript.jscomp.TypeInferenceTest" time="0.001"/>
  <testcase name="testLotsOfBranchesGettingMerged" classname="com.google.javascript.jscomp.TypeInferenceTest" time="0.005"/>
  <testcase name="testTypeTransformationIsTemplatizedPartially" classname="com.google.javascript.jscomp.TypeInferenceTest" time="0.001"/>
  <testcase name="testTypeTransformationWithTypeFromNamespace" classname="com.google.javascript.jscomp.TypeInferenceTest" time="0"/>
  <testcase name="testNotIsArray" classname="com.google.javascript.jscomp.TypeInferenceTest" time="0.001"/>
  <testcase name="testAssertWithNotIsNull" classname="com.google.javascript.jscomp.TypeInferenceTest" time="0"/>
  <testcase name="testAssertNumber" classname="com.google.javascript.jscomp.TypeInferenceTest" time="0.001"/>
  <testcase name="testAssertObject" classname="com.google.javascript.jscomp.TypeInferenceTest" time="0"/>
  <testcase name="testThrownExpression" classname="com.google.javascript.jscomp.TypeInferenceTest" time="0.001"/>
  <testcase name="testInfiniteLoop1" classname="com.google.javascript.jscomp.TypeInferenceTest" time="0"/>
  <testcase name="testInfiniteLoop2" classname="com.google.javascript.jscomp.TypeInferenceTest" time="0.001"/>
  <testcase name="testAssignment" classname="com.google.javascript.jscomp.TypeInferenceTest" time="0"/>
  <testcase name="testRecordInference" classname="com.google.javascript.jscomp.TypeInferenceTest" time="0.001"/>
  <testcase name="testAssert10" classname="com.google.javascript.jscomp.TypeInferenceTest" time="0"/>
  <testcase name="testAssert11" classname="com.google.javascript.jscomp.TypeInferenceTest" time="0.001"/>
  <testcase name="testAssert1a" classname="com.google.javascript.jscomp.TypeInferenceTest" time="0"/>
  <testcase name="testAssertString" classname="com.google.javascript.jscomp.TypeInferenceTest" time="0"/>
  <testcase name="testInnerFunction1" classname="com.google.javascript.jscomp.TypeInferenceTest" time="0.001"/>
  <testcase name="testInnerFunction2" classname="com.google.javascript.jscomp.TypeInferenceTest" time="0"/>
  <testcase name="testShortCircuitingOr" classname="com.google.javascript.jscomp.TypeInferenceTest" time="0.001"/>
  <testcase name="testReturn1" classname="com.google.javascript.jscomp.TypeInferenceTest" time="0"/>
  <testcase name="testReturn2" classname="com.google.javascript.jscomp.TypeInferenceTest" time="0.001"/>
  <testcase name="testTemplateForTypeTransformationTests" classname="com.google.javascript.jscomp.TypeInferenceTest" time="0"/>
  <testcase name="testBackwardsInferenceCall" classname="com.google.javascript.jscomp.TypeInferenceTest" time="0.001"/>
  <testcase name="testPropertyInference1" classname="com.google.javascript.jscomp.TypeInferenceTest" time="0"/>
  <testcase name="testPropertyInference2" classname="com.google.javascript.jscomp.TypeInferenceTest" time="0.001"/>
  <testcase name="testPropertyInference3" classname="com.google.javascript.jscomp.TypeInferenceTest" time="0"/>
  <testcase name="testTypeTransformationObjectUseCase" classname="com.google.javascript.jscomp.TypeInferenceTest" time="0.001"/>
  <testcase name="testTypeTransformationWithNativeTypeExpressionFunctionVarargs" classname="com.google.javascript.jscomp.TypeInferenceTest" time="0.001"/>
  <testcase name="testShortCircuitingAnd" classname="com.google.javascript.jscomp.TypeInferenceTest" time="0"/>
  <testcase name="testShortCircuitingOr2" classname="com.google.javascript.jscomp.TypeInferenceTest" time="0.001"/>
  <testcase name="testCatch1" classname="com.google.javascript.jscomp.TypeInferenceTest" time="0"/>
  <testcase name="testCatch2" classname="com.google.javascript.jscomp.TypeInferenceTest" time="0.001"/>
  <testcase name="testTypeTransformationObjectUseCase2" classname="com.google.javascript.jscomp.TypeInferenceTest" time="0.001"/>
  <testcase name="testTypeTransformationObjectUseCase3" classname="com.google.javascript.jscomp.TypeInferenceTest" time="0"/>
  <testcase name="testTypeTransformationMapunion" classname="com.google.javascript.jscomp.TypeInferenceTest" time="0.001"/>
  <testcase name="testTypeTransformationTypeOfVarWithConstructor" classname="com.google.javascript.jscomp.TypeInferenceTest" time="0.001"/>
  <testcase name="testTypeTransformationRecordFromObjectNested" classname="com.google.javascript.jscomp.TypeInferenceTest" time="0"/>
  <testcase name="testGetElemDereference" classname="com.google.javascript.jscomp.TypeInferenceTest" time="0.001"/>
  <testcase name="testIssue785" classname="com.google.javascript.jscomp.TypeInferenceTest" time="0"/>
  <testcase name="testAssignInCondition" classname="com.google.javascript.jscomp.TypeInferenceTest" time="0.001"/>
  <testcase name="testInstanceOf1" classname="com.google.javascript.jscomp.TypeInferenceTest" time="0"/>
  <testcase name="testInstanceOf2" classname="com.google.javascript.jscomp.TypeInferenceTest" time="0.001"/>
  <testcase name="testInstanceOf3" classname="com.google.javascript.jscomp.TypeInferenceTest" time="0"/>
  <testcase name="testInstanceOf4" classname="com.google.javascript.jscomp.TypeInferenceTest" time="0.001"/>
  <testcase name="testInstanceOf5" classname="com.google.javascript.jscomp.TypeInferenceTest" time="0"/>
  <testcase name="testInstanceOf6" classname="com.google.javascript.jscomp.TypeInferenceTest" time="0.001"/>
  <testcase name="testAssertTypeofProp" classname="com.google.javascript.jscomp.TypeInferenceTest" time="0"/>
  <testcase name="testTypeTransformationConditional" classname="com.google.javascript.jscomp.TypeInferenceTest" time="0.001"/>
  <testcase name="testIsArray" classname="com.google.javascript.jscomp.TypeInferenceTest" time="0"/>
  <testcase name="testNoThisInference" classname="com.google.javascript.jscomp.TypeInferenceTest" time="0.001"/>
  <testcase name="testTypeTransformationWithNativeTypeExpressionFunctionReturn" classname="com.google.javascript.jscomp.TypeInferenceTest" time="0"/>
  <testcase name="testExprWithinCast" classname="com.google.javascript.jscomp.TypeInferenceTest" time="0"/>
  <testcase name="testTypeTransformationWithTypeFromTypedef" classname="com.google.javascript.jscomp.TypeInferenceTest" time="0.001"/>
  <testcase name="testWhile1" classname="com.google.javascript.jscomp.TypeInferenceTest" time="0.001"/>
  <testcase name="testWhile2" classname="com.google.javascript.jscomp.TypeInferenceTest" time="0"/>
  <testcase name="testAssertInstanceof1" classname="com.google.javascript.jscomp.TypeInferenceTest" time="0"/>
  <testcase name="testAssertInstanceof2" classname="com.google.javascript.jscomp.TypeInferenceTest" time="0.001"/>
  <testcase name="testAssertInstanceof3" classname="com.google.javascript.jscomp.TypeInferenceTest" time="0"/>
  <testcase name="testAssertInstanceof4" classname="com.google.javascript.jscomp.TypeInferenceTest" time="0.001"/>
  <testcase name="testAssertInstanceof5" classname="com.google.javascript.jscomp.TypeInferenceTest" time="0"/>
  <testcase name="testAssertInstanceof6" classname="com.google.javascript.jscomp.TypeInferenceTest" time="0.001"/>
  <testcase name="testAssertInstanceof7" classname="com.google.javascript.jscomp.TypeInferenceTest" time="0"/>
  <testcase name="testEmptyVar" classname="com.google.javascript.jscomp.TypeInferenceTest" time="0"/>
  <testcase name="testTypeTransformationTypePredicate" classname="com.google.javascript.jscomp.TypeInferenceTest" time="0.001"/>
  <testcase name="testTypeTransformationWithTypeFromConstructor" classname="com.google.javascript.jscomp.TypeInferenceTest" time="0"/>
  <testcase name="testTypeTransformationRecordFromObjectWithTemplatizedType" classname="com.google.javascript.jscomp.TypeInferenceTest" time="0.001"/>
  <testcase name="testTypeTransformationTypeOfVarWithInstanceOfConstructor" classname="com.google.javascript.jscomp.TypeInferenceTest" time="0.001"/>
  <testcase name="testAssignAdd" classname="com.google.javascript.jscomp.TypeInferenceTest" time="0"/>
  <testcase name="testSwitch1" classname="com.google.javascript.jscomp.TypeInferenceTest" time="0.001"/>
  <testcase name="testSwitch2" classname="com.google.javascript.jscomp.TypeInferenceTest" time="0"/>
  <testcase name="testSwitch3" classname="com.google.javascript.jscomp.TypeInferenceTest" time="0.001"/>
  <testcase name="testSwitch4" classname="com.google.javascript.jscomp.TypeInferenceTest" time="0.001"/>
</testsuite>