<?xml version="1.0" encoding="UTF-8"?>
<testsuite xmlns:xsi="http://www.w3.org/2001/XMLSchema-instance" xsi:schemaLocation="https://maven.apache.org/surefire/maven-surefire-plugin/xsd/surefire-test-report.xsd" name="com.google.javascript.jscomp.CheckJsDocTest" time="0.093" tests="91" errors="0" skipped="0" failures="0">
  <properties>
[...]
</properties>
  <testcase name="testValidFunctionJSDocOnMethods_withES6Modules" classname="com.google.javascript.jscomp.CheckJsDocTest" time="0.001"/>
  <testcase name="testArrowFuncAsConstructor_withES6Modules" classname="com.google.javascript.jscomp.CheckJsDocTest" time="0"/>
  <testcase name="testInvalidAbstract_getter_setter_withES6Modules" classname="com.google.javascript.jscomp.CheckJsDocTest" time="0.001"/>
  <testcase name="testMisplacedParamAnnotation" classname="com.google.javascript.jscomp.CheckJsDocTest" time="0.002"/>
  <testcase name="testBadTypedef_withES6Modules" classname="com.google.javascript.jscomp.CheckJsDocTest" time="0"/>
  <testcase name="testAbstract_method_withES6Modules" classname="com.google.javascript.jscomp.CheckJsDocTest" time="0.001"/>
  <testcase name="testJSDocDescAttachment" classname="com.google.javascript.jscomp.CheckJsDocTest" time="0.003"/>
  <testcase name="testGoodTemplate1" classname="com.google.javascript.jscomp.CheckJsDocTest" time="0.003"/>
  <testcase name="testGoodTemplate2" classname="com.google.javascript.jscomp.CheckJsDocTest" time="0.001"/>
  <testcase name="testGoodTemplate3" classname="com.google.javascript.jscomp.CheckJsDocTest" time="0.001"/>
  <testcase name="testGoodTemplate4" classname="com.google.javascript.jscomp.CheckJsDocTest" time="0.001"/>
  <testcase name="testAbstract_var_withES6Modules" classname="com.google.javascript.jscomp.CheckJsDocTest" time="0"/>
  <testcase name="testFunctionJSDocOnMethods" classname="com.google.javascript.jscomp.CheckJsDocTest" time="0.005"/>
  <testcase name="testInvalidDefaultParam_withES6Modules" classname="com.google.javascript.jscomp.CheckJsDocTest" time="0.001"/>
  <testcase name="testAbstract_method" classname="com.google.javascript.jscomp.CheckJsDocTest" time="0.002"/>
  <testcase name="testJSDocTypeAttachment_withES6Modules" classname="com.google.javascript.jscomp.CheckJsDocTest" time="0.001"/>
  <testcase name="testNocollapseInExterns_withES6Modules" classname="com.google.javascript.jscomp.CheckJsDocTest" time="0.001"/>
  <testcase name="testJSDocFunctionNodeAttachment_withES6Modules" classname="com.google.javascript.jscomp.CheckJsDocTest" time="0"/>
  <testcase name="testValidClassJsdoc_withES6Modules" classname="com.google.javascript.jscomp.CheckJsDocTest" time="0.001"/>
  <testcase name="testAllowedNocollapseAnnotation1" classname="com.google.javascript.jscomp.CheckJsDocTest" time="0.001"/>
  <testcase name="testAllowedNocollapseAnnotation2" classname="com.google.javascript.jscomp.CheckJsDocTest" time="0.001"/>
  <testcase name="testMethodsOnObjectLiterals" classname="com.google.javascript.jscomp.CheckJsDocTest" time="0.002"/>
  <testcase name="testAbstract_function_withES6Modules" classname="com.google.javascript.jscomp.CheckJsDocTest" time="0.001"/>
  <testcase name="testInvalidClassJsdoc" classname="com.google.javascript.jscomp.CheckJsDocTest" time="0.002"/>
  <testcase name="testJSDocFunctionNodeAttachment" classname="com.google.javascript.jscomp.CheckJsDocTest" time="0.001"/>
  <testcase name="testAbstract_function" classname="com.google.javascript.jscomp.CheckJsDocTest" time="0.001"/>
  <testcase name="testObjectLiterals" classname="com.google.javascript.jscomp.CheckJsDocTest" time="0.001"/>
  <testcase name="testExposeDeprecated_withES6Modules" classname="com.google.javascript.jscomp.CheckJsDocTest" time="0"/>
  <testcase name="testAbstract_staticMethod_withES6Modules" classname="com.google.javascript.jscomp.CheckJsDocTest" time="0.001"/>
  <testcase name="testBadTemplate1" classname="com.google.javascript.jscomp.CheckJsDocTest" time="0"/>
  <testcase name="testBadTemplate2" classname="com.google.javascript.jscomp.CheckJsDocTest" time="0.001"/>
  <testcase name="testBadTemplate3" classname="com.google.javascript.jscomp.CheckJsDocTest" time="0.001"/>
  <testcase name="testInvalidDefinesVariableDeclaration" classname="com.google.javascript.jscomp.CheckJsDocTest" time="0.003"/>
  <testcase name="testInvalidObjectLiterals_withES6Modules" classname="com.google.javascript.jscomp.CheckJsDocTest" time="0"/>
  <testcase name="testInlineJsDocInsideObjectParams" classname="com.google.javascript.jscomp.CheckJsDocTest" time="0.003"/>
  <testcase name="testValidAbstract_defineClass_withES6Modules" classname="com.google.javascript.jscomp.CheckJsDocTest" time="0"/>
  <testcase name="testMisplacedTypeAnnotation1" classname="com.google.javascript.jscomp.CheckJsDocTest" time="0.001"/>
  <testcase name="testMisplacedTypeAnnotation2" classname="com.google.javascript.jscomp.CheckJsDocTest" time="0.001"/>
  <testcase name="testMisplacedTypeAnnotation3" classname="com.google.javascript.jscomp.CheckJsDocTest" time="0"/>
  <testcase name="testMisplacedTypeAnnotation4" classname="com.google.javascript.jscomp.CheckJsDocTest" time="0.001"/>
  <testcase name="testMisplacedTypeAnnotation5" classname="com.google.javascript.jscomp.CheckJsDocTest" time="0"/>
  <testcase name="testMisplacedTypeAnnotation6" classname="com.google.javascript.jscomp.CheckJsDocTest" time="0.001"/>
  <testcase name="testMisplacedTypeAnnotation7" classname="com.google.javascript.jscomp.CheckJsDocTest" time="0"/>
  <testcase name="testInvalidModifiesAnnotation" classname="com.google.javascript.jscomp.CheckJsDocTest" time="0"/>
  <testcase name="testAllowedNocollapseAnnotation_withES6Modules" classname="com.google.javascript.jscomp.CheckJsDocTest" time="0.001"/>
  <testcase name="testAbstract_var" classname="com.google.javascript.jscomp.CheckJsDocTest" time="0.001"/>
  <testcase name="testValidAbstract_getter_setter_withES6Modules" classname="com.google.javascript.jscomp.CheckJsDocTest" time="0.001"/>
  <testcase name="testDefaultParam" classname="com.google.javascript.jscomp.CheckJsDocTest" time="0.001"/>
  <testcase name="testJSDocOnExports" classname="com.google.javascript.jscomp.CheckJsDocTest" time="0"/>
  <testcase name="testJSDocDescInExterns" classname="com.google.javascript.jscomp.CheckJsDocTest" time="0.001"/>
  <testcase name="testMisplacedParamAnnotation_withES6Modules" classname="com.google.javascript.jscomp.CheckJsDocTest" time="0.001"/>
  <testcase name="testInvalidAbstract_defineClass_withES6Modules" classname="com.google.javascript.jscomp.CheckJsDocTest" time="0"/>
  <testcase name="testInlineJsDocInsideObjectParams_withES6Modules" classname="com.google.javascript.jscomp.CheckJsDocTest" time="0.001"/>
  <testcase name="testMisplacedNocollapseAnnotation_withES6Modules" classname="com.google.javascript.jscomp.CheckJsDocTest" time="0.001"/>
  <testcase name="testMethodsOnObjectLiterals_withES6Modules" classname="com.google.javascript.jscomp.CheckJsDocTest" time="0"/>
  <testcase name="testInvalidAnnotation1" classname="com.google.javascript.jscomp.CheckJsDocTest" time="0"/>
  <testcase name="testInvalidAnnotation2" classname="com.google.javascript.jscomp.CheckJsDocTest" time="0"/>
  <testcase name="testInvalidAnnotation3" classname="com.google.javascript.jscomp.CheckJsDocTest" time="0"/>
  <testcase name="testInvalidAnnotation4" classname="com.google.javascript.jscomp.CheckJsDocTest" time="0"/>
  <testcase name="testInvalidAnnotation5" classname="com.google.javascript.jscomp.CheckJsDocTest" time="0.001"/>
  <testcase name="testMisplacedNocollapseAnnotation" classname="com.google.javascript.jscomp.CheckJsDocTest" time="0"/>
  <testcase name="testValidAbstract_constructor_withES6Modules" classname="com.google.javascript.jscomp.CheckJsDocTest" time="0.001"/>
  <testcase name="testAbstract_staticMethod" classname="com.google.javascript.jscomp.CheckJsDocTest" time="0.001"/>
  <testcase name="testInvalidAnnotation_withES6Modules" classname="com.google.javascript.jscomp.CheckJsDocTest" time="0"/>
  <testcase name="testAbstract_getter_setter" classname="com.google.javascript.jscomp.CheckJsDocTest" time="0.002"/>
  <testcase name="testValidObjectLiterals_withES6Modules" classname="com.google.javascript.jscomp.CheckJsDocTest" time="0.001"/>
  <testcase name="testValidDefaultParam_withES6Modules" classname="com.google.javascript.jscomp.CheckJsDocTest" time="0"/>
  <testcase name="testAbstract_class" classname="com.google.javascript.jscomp.CheckJsDocTest" time="0.004"/>
  <testcase name="testAbstract_field" classname="com.google.javascript.jscomp.CheckJsDocTest" time="0.001"/>
  <testcase name="testBadTypedef" classname="com.google.javascript.jscomp.CheckJsDocTest" time="0.001"/>
  <testcase name="testInvalidAbstract_constructor_withES6Modules" classname="com.google.javascript.jscomp.CheckJsDocTest" time="0"/>
  <testcase name="testInlineJSDoc_withES6Modules" classname="com.google.javascript.jscomp.CheckJsDocTest" time="0.001"/>
  <testcase name="testBadTemplate_withES6Modules" classname="com.google.javascript.jscomp.CheckJsDocTest" time="0.001"/>
  <testcase name="testMisplacedTypeAnnotation_withES6Modules" classname="com.google.javascript.jscomp.CheckJsDocTest" time="0"/>
  <testcase name="testInvalidInlineJsDoc_ES6_withES6Modules" classname="com.google.javascript.jscomp.CheckJsDocTest" time="0.001"/>
  <testcase name="testInlineJsDoc_ES6" classname="com.google.javascript.jscomp.CheckJsDocTest" time="0.002"/>
  <testcase name="testInvalidModifiesAnnotation_withES6Modules" classname="com.google.javascript.jscomp.CheckJsDocTest" time="0.001"/>
  <testcase name="testAbstract_field_withES6Modules" classname="com.google.javascript.jscomp.CheckJsDocTest" time="0"/>
  <testcase name="testAbstract_nonEmptyMethod_withES6Modules" classname="com.google.javascript.jscomp.CheckJsDocTest" time="0.001"/>
  <testcase name="testExposeDeprecated" classname="com.google.javascript.jscomp.CheckJsDocTest" time="0"/>
  <testcase name="testAbstract_constructor" classname="com.google.javascript.jscomp.CheckJsDocTest" time="0.001"/>
  <testcase name="testNocollapseInExterns" classname="com.google.javascript.jscomp.CheckJsDocTest" time="0"/>
  <testcase name="testAbstract_defineClass" classname="com.google.javascript.jscomp.CheckJsDocTest" time="0.005"/>
  <testcase name="testAbstract_class_withES6Modules" classname="com.google.javascript.jscomp.CheckJsDocTest" time="0"/>
  <testcase name="testArrowFuncAsConstructor" classname="com.google.javascript.jscomp.CheckJsDocTest" time="0.002"/>
  <testcase name="testValidInlineJsDoc_ES6_withES6Modules" classname="com.google.javascript.jscomp.CheckJsDocTest" time="0"/>
  <testcase name="testGoodTemplate_withES6Modules" classname="com.google.javascript.jscomp.CheckJsDocTest" time="0.001"/>
  <testcase name="testInvalidClassJsdoc_withES6Modules" classname="com.google.javascript.jscomp.CheckJsDocTest" time="0"/>
  <testcase name="testJSDocTypeAttachment" classname="com.google.javascript.jscomp.CheckJsDocTest" time="0.001"/>
  <testcase name="testAbstract_nonEmptyMethod" classname="com.google.javascript.jscomp.CheckJsDocTest" time="0.001"/>
  <testcase name="testInlineJSDoc" classname="com.google.javascript.jscomp.CheckJsDocTest" time="0.004"/>
</testsuite>