<?xml version="1.0" encoding="UTF-8"?>
<testsuite xmlns:xsi="http://www.w3.org/2001/XMLSchema-instance" xsi:schemaLocation="https://maven.apache.org/surefire/maven-surefire-plugin/xsd/surefire-test-report.xsd" name="com.google.javascript.jscomp.SymbolTableTest" time="1.224" tests="60" errors="0" skipped="0" failures="0">
  <properties>
[...]
</properties>
  <testcase name="testSuperClassMethodReferences" classname="com.google.javascript.jscomp.SymbolTableTest" time="0.146"/>
  <testcase name="testIncompleteNamespacedReferences" classname="com.google.javascript.jscomp.SymbolTableTest" time="0.035"/>
  <testcase name="testObjectLiteralWithNewlineInKey" classname="com.google.javascript.jscomp.SymbolTableTest" time="0.032"/>
  <testcase name="testTypeCheckingOff" classname="com.google.javascript.jscomp.SymbolTableTest" time="0.048"/>
  <testcase name="testSymbolsForType" classname="com.google.javascript.jscomp.SymbolTableTest" time="0.021"/>
  <testcase name="testNaturalSymbolOrdering" classname="com.google.javascript.jscomp.SymbolTableTest" time="0.023"/>
  <testcase name="testObjectLiteralQuoted" classname="com.google.javascript.jscomp.SymbolTableTest" time="0.026"/>
  <testcase name="testJSDocNameVisibility" classname="com.google.javascript.jscomp.SymbolTableTest" time="0.023"/>
  <testcase name="testSuperClassReference" classname="com.google.javascript.jscomp.SymbolTableTest" time="0.028"/>
  <testcase name="testReferencesInJSDocType2" classname="com.google.javascript.jscomp.SymbolTableTest" time="0.017"/>
  <testcase name="testObjectLiteral" classname="com.google.javascript.jscomp.SymbolTableTest" time="0.018"/>
  <testcase name="testFieldReferences" classname="com.google.javascript.jscomp.SymbolTableTest" time="0.016"/>
  <testcase name="testConstructorAlias" classname="com.google.javascript.jscomp.SymbolTableTest" time="0.016"/>
  <testcase name="testReferencesInJSDocName" classname="com.google.javascript.jscomp.SymbolTableTest" time="0.019"/>
  <testcase name="testReferencesInJSDocType" classname="com.google.javascript.jscomp.SymbolTableTest" time="0.017"/>
  <testcase name="testStaticMethodReferences" classname="com.google.javascript.jscomp.SymbolTableTest" time="0.018"/>
  <testcase name="testMethodReferences" classname="com.google.javascript.jscomp.SymbolTableTest" time="0.015"/>
  <testcase name="testFieldReferencesMissingTypeInfo" classname="com.google.javascript.jscomp.SymbolTableTest" time="0.019"/>
  <testcase name="testGlobalThisReferences2" classname="com.google.javascript.jscomp.SymbolTableTest" time="0.015"/>
  <testcase name="testGlobalThisReferences3" classname="com.google.javascript.jscomp.SymbolTableTest" time="0.013"/>
  <testcase name="testGlobalVarInExterns" classname="com.google.javascript.jscomp.SymbolTableTest" time="0.016"/>
  <testcase name="testGlobalThisReferences" classname="com.google.javascript.jscomp.SymbolTableTest" time="0.013"/>
  <testcase name="testLocalThisReferences" classname="com.google.javascript.jscomp.SymbolTableTest" time="0.013"/>
  <testcase name="testInnerEnum" classname="com.google.javascript.jscomp.SymbolTableTest" time="0.015"/>
  <testcase name="testUndeclaredFieldReferences" classname="com.google.javascript.jscomp.SymbolTableTest" time="0.017"/>
  <testcase name="testLocalVarInExterns" classname="com.google.javascript.jscomp.SymbolTableTest" time="0.014"/>
  <testcase name="testNamespacedReferences" classname="com.google.javascript.jscomp.SymbolTableTest" time="0.015"/>
  <testcase name="testGlobalVarReferences" classname="com.google.javascript.jscomp.SymbolTableTest" time="0.018"/>
  <testcase name="testJSDocNameVisibilityWithFileOverviewVisibility" classname="com.google.javascript.jscomp.SymbolTableTest" time="0.017"/>
  <testcase name="testGoogScopeReferences" classname="com.google.javascript.jscomp.SymbolTableTest" time="0.017"/>
  <testcase name="testMethodInAnonObject1" classname="com.google.javascript.jscomp.SymbolTableTest" time="0.014"/>
  <testcase name="testMethodInAnonObject2" classname="com.google.javascript.jscomp.SymbolTableTest" time="0.013"/>
  <testcase name="testMultipleExtends" classname="com.google.javascript.jscomp.SymbolTableTest" time="0.019"/>
  <testcase name="testNamespaceDefinitionOrder" classname="com.google.javascript.jscomp.SymbolTableTest" time="0.014"/>
  <testcase name="testJSDocOnlySymbol" classname="com.google.javascript.jscomp.SymbolTableTest" time="0.014"/>
  <testcase name="testSymbolForScopeOfNatives" classname="com.google.javascript.jscomp.SymbolTableTest" time="0.014"/>
  <testcase name="testLocalThisReferences2" classname="com.google.javascript.jscomp.SymbolTableTest" time="0.014"/>
  <testcase name="testLocalThisReferences3" classname="com.google.javascript.jscomp.SymbolTableTest" time="0.015"/>
  <testcase name="testLocalVarReferences" classname="com.google.javascript.jscomp.SymbolTableTest" time="0.019"/>
  <testcase name="testPrototypeSymbolEqualityForTwoPathsToSamePrototype" classname="com.google.javascript.jscomp.SymbolTableTest" time="0.024"/>
  <testcase name="testRemovalOfNamespacedReferencesOfProperties" classname="com.google.javascript.jscomp.SymbolTableTest" time="0.019"/>
  <testcase name="testJSDocPropertyVisibility" classname="com.google.javascript.jscomp.SymbolTableTest" time="0.017"/>
  <testcase name="testGlobalThisPropertyReferences" classname="com.google.javascript.jscomp.SymbolTableTest" time="0.017"/>
  <testcase name="testDeclarationDisagreement" classname="com.google.javascript.jscomp.SymbolTableTest" time="0.017"/>
  <testcase name="testPrototypeReferences" classname="com.google.javascript.jscomp.SymbolTableTest" time="0.014"/>
  <testcase name="testGlobalVar" classname="com.google.javascript.jscomp.SymbolTableTest" time="0.018"/>
  <testcase name="testGlobalRichObjectReference" classname="com.google.javascript.jscomp.SymbolTableTest" time="0.021"/>
  <testcase name="testGoogRequireReferences" classname="com.google.javascript.jscomp.SymbolTableTest" time="0.019"/>
  <testcase name="testJSDocAssociationWithBadNamespace" classname="com.google.javascript.jscomp.SymbolTableTest" time="0.021"/>
  <testcase name="testJSDocPropertyVisibilityWithFileOverviewVisibility" classname="com.google.javascript.jscomp.SymbolTableTest" time="0.028"/>
  <testcase name="testFunctionInCall" classname="com.google.javascript.jscomp.SymbolTableTest" time="0.025"/>
  <testcase name="testMethodReferencesMissingTypeInfo" classname="com.google.javascript.jscomp.SymbolTableTest" time="0.014"/>
  <testcase name="testPrototypeReferences2" classname="com.google.javascript.jscomp.SymbolTableTest" time="0.014"/>
  <testcase name="testPrototypeReferences3" classname="com.google.javascript.jscomp.SymbolTableTest" time="0.013"/>
  <testcase name="testPrototypeReferences4" classname="com.google.javascript.jscomp.SymbolTableTest" time="0.018"/>
  <testcase name="testPrototypeReferences5" classname="com.google.javascript.jscomp.SymbolTableTest" time="0.014"/>
  <testcase name="testMissingConstructorTag" classname="com.google.javascript.jscomp.SymbolTableTest" time="0.013"/>
  <testcase name="testGoogRequireReferences2" classname="com.google.javascript.jscomp.SymbolTableTest" time="0.013"/>
  <testcase name="testDottedReferencesInJSDocType" classname="com.google.javascript.jscomp.SymbolTableTest" time="0.012"/>
  <testcase name="testLocalQualifiedNamesInLocalScopes" classname="com.google.javascript.jscomp.SymbolTableTest" time="0.013"/>
</testsuite>