<?xml version="1.0" encoding="UTF-8"?>
<testsuite xmlns:xsi="http://www.w3.org/2001/XMLSchema-instance" xsi:schemaLocation="https://maven.apache.org/surefire/maven-surefire-plugin/xsd/surefire-test-report.xsd" name="com.google.javascript.jscomp.CrossModuleMethodMotionTest" time="0.07" tests="29" errors="0" skipped="0" failures="0">
  <properties>
[...]
</properties>
  <testcase name="testInnerFunctionClosureVariableReads" classname="com.google.javascript.jscomp.CrossModuleMethodMotionTest" time="0.003"/>
  <testcase name="testNoMovePrototypeMethodIfAliasedNoStubs" classname="com.google.javascript.jscomp.CrossModuleMethodMotionTest" time="0.008"/>
  <testcase name="testMovePrototypeRecursiveMethod" classname="com.google.javascript.jscomp.CrossModuleMethodMotionTest" time="0.003"/>
  <testcase name="testMoveMethodsUsedInTwoModules" classname="com.google.javascript.jscomp.CrossModuleMethodMotionTest" time="0.002"/>
  <testcase name="testNoClosureVariableReads1" classname="com.google.javascript.jscomp.CrossModuleMethodMotionTest" time="0.002"/>
  <testcase name="testNoClosureVariableReads2" classname="com.google.javascript.jscomp.CrossModuleMethodMotionTest" time="0.002"/>
  <testcase name="testGlobalFunctionsInGraph" classname="com.google.javascript.jscomp.CrossModuleMethodMotionTest" time="0.002"/>
  <testcase name="testMoveMethodsInRightOrder2" classname="com.google.javascript.jscomp.CrossModuleMethodMotionTest" time="0.003"/>
  <testcase name="testCantMovePrototypeProp" classname="com.google.javascript.jscomp.CrossModuleMethodMotionTest" time="0.001"/>
  <testcase name="testTwoMethods2" classname="com.google.javascript.jscomp.CrossModuleMethodMotionTest" time="0.002"/>
  <testcase name="testTwoMethods" classname="com.google.javascript.jscomp.CrossModuleMethodMotionTest" time="0.003"/>
  <testcase name="testMovePrototypeMethod1" classname="com.google.javascript.jscomp.CrossModuleMethodMotionTest" time="0.004"/>
  <testcase name="testMovePrototypeMethod2" classname="com.google.javascript.jscomp.CrossModuleMethodMotionTest" time="0.002"/>
  <testcase name="testMovePrototypeMethod3" classname="com.google.javascript.jscomp.CrossModuleMethodMotionTest" time="0.002"/>
  <testcase name="testMoveMethodsUsedInTwoModules2" classname="com.google.javascript.jscomp.CrossModuleMethodMotionTest" time="0.002"/>
  <testcase name="testMovePrototypeMethodWithoutStub" classname="com.google.javascript.jscomp.CrossModuleMethodMotionTest" time="0.003"/>
  <testcase name="testClosureVariableReads1" classname="com.google.javascript.jscomp.CrossModuleMethodMotionTest" time="0.001"/>
  <testcase name="testClosureVariableReads2" classname="com.google.javascript.jscomp.CrossModuleMethodMotionTest" time="0.003"/>
  <testcase name="testClosureVariableReads3" classname="com.google.javascript.jscomp.CrossModuleMethodMotionTest" time="0.003"/>
  <testcase name="testIssue600b" classname="com.google.javascript.jscomp.CrossModuleMethodMotionTest" time="0.002"/>
  <testcase name="testIssue600c" classname="com.google.javascript.jscomp.CrossModuleMethodMotionTest" time="0.002"/>
  <testcase name="testIssue600d" classname="com.google.javascript.jscomp.CrossModuleMethodMotionTest" time="0.002"/>
  <testcase name="testIssue600e" classname="com.google.javascript.jscomp.CrossModuleMethodMotionTest" time="0.002"/>
  <testcase name="testNoMovePrototypeMethodRedeclaration1" classname="com.google.javascript.jscomp.CrossModuleMethodMotionTest" time="0.001"/>
  <testcase name="testNoMovePrototypeMethodRedeclaration2" classname="com.google.javascript.jscomp.CrossModuleMethodMotionTest" time="0.002"/>
  <testcase name="testNoMovePrototypeMethodRedeclaration3" classname="com.google.javascript.jscomp.CrossModuleMethodMotionTest" time="0.001"/>
  <testcase name="testIssue600" classname="com.google.javascript.jscomp.CrossModuleMethodMotionTest" time="0.002"/>
  <testcase name="testMoveMethodsInRightOrder" classname="com.google.javascript.jscomp.CrossModuleMethodMotionTest" time="0.002"/>
  <testcase name="testPrototypeOfThisAssign" classname="com.google.javascript.jscomp.CrossModuleMethodMotionTest" time="0.002"/>
</testsuite>