<?xml version="1.0" encoding="UTF-8"?>
<testsuite xmlns:xsi="http://www.w3.org/2001/XMLSchema-instance" xsi:schemaLocation="https://maven.apache.org/surefire/maven-surefire-plugin/xsd/surefire-test-report.xsd" name="com.google.javascript.jscomp.parsing.JsDocInfoParserTest" time="0.277" tests="692" errors="0" skipped="0" failures="0">
  <properties>
[...]
</properties>
  <testcase name="testParserWithTTLNestedRawTypeOperation" classname="com.google.javascript.jscomp.parsing.JsDocInfoParserTest" time="0"/>
  <testcase name="testStableIdGenerator" classname="com.google.javascript.jscomp.parsing.JsDocInfoParserTest" time="0.001"/>
  <testcase name="testFullRegression1" classname="com.google.javascript.jscomp.parsing.JsDocInfoParserTest" time="0"/>
  <testcase name="testFullRegression2" classname="com.google.javascript.jscomp.parsing.JsDocInfoParserTest" time="0"/>
  <testcase name="testFullRegression3" classname="com.google.javascript.jscomp.parsing.JsDocInfoParserTest" time="0.001"/>
  <testcase name="testParseAbstract_abstractAndFinal" classname="com.google.javascript.jscomp.parsing.JsDocInfoParserTest" time="0"/>
  <testcase name="testParseAbstract_abstractAndPrivate" classname="com.google.javascript.jscomp.parsing.JsDocInfoParserTest" time="0.001"/>
  <testcase name="testParseFunctionalType10" classname="com.google.javascript.jscomp.parsing.JsDocInfoParserTest" time="0"/>
  <testcase name="testParseFunctionalType12" classname="com.google.javascript.jscomp.parsing.JsDocInfoParserTest" time="0"/>
  <testcase name="testParseFunctionalType13" classname="com.google.javascript.jscomp.parsing.JsDocInfoParserTest" time="0.001"/>
  <testcase name="testParseFunctionalType14" classname="com.google.javascript.jscomp.parsing.JsDocInfoParserTest" time="0"/>
  <testcase name="testParseFunctionalType15" classname="com.google.javascript.jscomp.parsing.JsDocInfoParserTest" time="0"/>
  <testcase name="testParseFunctionalType16" classname="com.google.javascript.jscomp.parsing.JsDocInfoParserTest" time="0.001"/>
  <testcase name="testParseFunctionalType17" classname="com.google.javascript.jscomp.parsing.JsDocInfoParserTest" time="0"/>
  <testcase name="testParseFunctionalType18" classname="com.google.javascript.jscomp.parsing.JsDocInfoParserTest" time="0.001"/>
  <testcase name="testParseFunctionalType19" classname="com.google.javascript.jscomp.parsing.JsDocInfoParserTest" time="0"/>
  <testcase name="testParserWithTTLExtraParamIsRecord" classname="com.google.javascript.jscomp.parsing.JsDocInfoParserTest" time="0"/>
  <testcase name="testParseCommentWithThickLeadingStarBlockSingeLine" classname="com.google.javascript.jscomp.parsing.JsDocInfoParserTest" time="0.001"/>
  <testcase name="testParseImplements" classname="com.google.javascript.jscomp.parsing.JsDocInfoParserTest" time="0"/>
  <testcase name="testParserWithTTLConditionalIsConstructor2" classname="com.google.javascript.jscomp.parsing.JsDocInfoParserTest" time="0.001"/>
  <testcase name="testParserWithTTLExtraParamIsUnknown" classname="com.google.javascript.jscomp.parsing.JsDocInfoParserTest" time="0"/>
  <testcase name="testBug16129690" classname="com.google.javascript.jscomp.parsing.JsDocInfoParserTest" time="0"/>
  <testcase name="testParserWithTTLConditionalIsUnknownInvalidParam" classname="com.google.javascript.jscomp.parsing.JsDocInfoParserTest" time="0.001"/>
  <testcase name="testParseExtendsInvalidName" classname="com.google.javascript.jscomp.parsing.JsDocInfoParserTest" time="0"/>
  <testcase name="testParserWithTTLInvalidBooleanConditional2" classname="com.google.javascript.jscomp.parsing.JsDocInfoParserTest" time="0.001"/>
  <testcase name="testParserWithTTLInvalidBooleanConditional3" classname="com.google.javascript.jscomp.parsing.JsDocInfoParserTest" time="0"/>
  <testcase name="testParseUnknownType1" classname="com.google.javascript.jscomp.parsing.JsDocInfoParserTest" time="0"/>
  <testcase name="testParseUnknownType2" classname="com.google.javascript.jscomp.parsing.JsDocInfoParserTest" time="0.001"/>
  <testcase name="testParseUnknownType3" classname="com.google.javascript.jscomp.parsing.JsDocInfoParserTest" time="0"/>
  <testcase name="testInvalidTemplatedTypedef1" classname="com.google.javascript.jscomp.parsing.JsDocInfoParserTest" time="0"/>
  <testcase name="testInvalidTemplatedTypedef2" classname="com.google.javascript.jscomp.parsing.JsDocInfoParserTest" time="0.001"/>
  <testcase name="testParserWithTTLUnknownType2" classname="com.google.javascript.jscomp.parsing.JsDocInfoParserTest" time="0"/>
  <testcase name="testNonIdentifierAnnotation" classname="com.google.javascript.jscomp.parsing.JsDocInfoParserTest" time="0"/>
  <testcase name="testParserWithTTLInvalidFirstParamPrintType" classname="com.google.javascript.jscomp.parsing.JsDocInfoParserTest" time="0.001"/>
  <testcase name="testParserWithTTLInvalidTemplateTypeOfExtraParam" classname="com.google.javascript.jscomp.parsing.JsDocInfoParserTest" time="0"/>
  <testcase name="testParserWithTTLNativeTypeExprBasic" classname="com.google.javascript.jscomp.parsing.JsDocInfoParserTest" time="0"/>
  <testcase name="testParserWithTTLNativeTypeExprUnion" classname="com.google.javascript.jscomp.parsing.JsDocInfoParserTest" time="0.001"/>
  <testcase name="testParserWithValidAndInvalidTemplateType" classname="com.google.javascript.jscomp.parsing.JsDocInfoParserTest" time="0"/>
  <testcase name="testParserWithTTLConditional2" classname="com.google.javascript.jscomp.parsing.JsDocInfoParserTest" time="0.001"/>
  <testcase name="testParserWithNestedBooleanSecondParam" classname="com.google.javascript.jscomp.parsing.JsDocInfoParserTest" time="0"/>
  <testcase name="testJsDocAfterSuppress" classname="com.google.javascript.jscomp.parsing.JsDocInfoParserTest" time="0"/>
  <testcase name="testParseNewline1" classname="com.google.javascript.jscomp.parsing.JsDocInfoParserTest" time="0.001"/>
  <testcase name="testParseNewline2" classname="com.google.javascript.jscomp.parsing.JsDocInfoParserTest" time="0"/>
  <testcase name="testParseNewline4" classname="com.google.javascript.jscomp.parsing.JsDocInfoParserTest" time="0"/>
  <testcase name="testParseNewline5" classname="com.google.javascript.jscomp.parsing.JsDocInfoParserTest" time="0.001"/>
  <testcase name="testParserWithTTLNativeTypeExprFunctionNew" classname="com.google.javascript.jscomp.parsing.JsDocInfoParserTest" time="0.001"/>
  <testcase name="testParseDesc10" classname="com.google.javascript.jscomp.parsing.JsDocInfoParserTest" time="0"/>
  <testcase name="testParseDesc11" classname="com.google.javascript.jscomp.parsing.JsDocInfoParserTest" time="0"/>
  <testcase name="testParseDesc12" classname="com.google.javascript.jscomp.parsing.JsDocInfoParserTest" time="0.001"/>
  <testcase name="testParseDuplicateNoCollapse" classname="com.google.javascript.jscomp.parsing.JsDocInfoParserTest" time="0"/>
  <testcase name="testParserWithTemplateTypeNameDeclaredTwice" classname="com.google.javascript.jscomp.parsing.JsDocInfoParserTest" time="0"/>
  <testcase name="testParserWithLowercaseTemplateTypeName" classname="com.google.javascript.jscomp.parsing.JsDocInfoParserTest" time="0.001"/>
  <testcase name="testParserWithTTLConditionalIsUnknown" classname="com.google.javascript.jscomp.parsing.JsDocInfoParserTest" time="0"/>
  <testcase name="testParseParam10" classname="com.google.javascript.jscomp.parsing.JsDocInfoParserTest" time="0"/>
  <testcase name="testParseParam11" classname="com.google.javascript.jscomp.parsing.JsDocInfoParserTest" time="0.001"/>
  <testcase name="testParseParam12" classname="com.google.javascript.jscomp.parsing.JsDocInfoParserTest" time="0"/>
  <testcase name="testParseParam13" classname="com.google.javascript.jscomp.parsing.JsDocInfoParserTest" time="0"/>
  <testcase name="testParseParam14" classname="com.google.javascript.jscomp.parsing.JsDocInfoParserTest" time="0"/>
  <testcase name="testParseParam15" classname="com.google.javascript.jscomp.parsing.JsDocInfoParserTest" time="0.001"/>
  <testcase name="testParseParam16" classname="com.google.javascript.jscomp.parsing.JsDocInfoParserTest" time="0"/>
  <testcase name="testParseParam17" classname="com.google.javascript.jscomp.parsing.JsDocInfoParserTest" time="0"/>
  <testcase name="testParseParam18" classname="com.google.javascript.jscomp.parsing.JsDocInfoParserTest" time="0.001"/>
  <testcase name="testParseParam19" classname="com.google.javascript.jscomp.parsing.JsDocInfoParserTest" time="0"/>
  <testcase name="testParseParam20" classname="com.google.javascript.jscomp.parsing.JsDocInfoParserTest" time="0"/>
  <testcase name="testParseParam21" classname="com.google.javascript.jscomp.parsing.JsDocInfoParserTest" time="0"/>
  <testcase name="testParseParam22" classname="com.google.javascript.jscomp.parsing.JsDocInfoParserTest" time="0"/>
  <testcase name="testParseParam23" classname="com.google.javascript.jscomp.parsing.JsDocInfoParserTest" time="0"/>
  <testcase name="testParseParam24" classname="com.google.javascript.jscomp.parsing.JsDocInfoParserTest" time="0"/>
  <testcase name="testParseParam25" classname="com.google.javascript.jscomp.parsing.JsDocInfoParserTest" time="0.001"/>
  <testcase name="testParseParam26" classname="com.google.javascript.jscomp.parsing.JsDocInfoParserTest" time="0"/>
  <testcase name="testParseParam27" classname="com.google.javascript.jscomp.parsing.JsDocInfoParserTest" time="0"/>
  <testcase name="testParseParam28" classname="com.google.javascript.jscomp.parsing.JsDocInfoParserTest" time="0"/>
  <testcase name="testParseFinal1" classname="com.google.javascript.jscomp.parsing.JsDocInfoParserTest" time="0"/>
  <testcase name="testParseFinal2" classname="com.google.javascript.jscomp.parsing.JsDocInfoParserTest" time="0"/>
  <testcase name="testParseFinal3" classname="com.google.javascript.jscomp.parsing.JsDocInfoParserTest" time="0"/>
  <testcase name="testParseDesc1" classname="com.google.javascript.jscomp.parsing.JsDocInfoParserTest" time="0.001"/>
  <testcase name="testParseDesc2" classname="com.google.javascript.jscomp.parsing.JsDocInfoParserTest" time="0"/>
  <testcase name="testParseDesc3" classname="com.google.javascript.jscomp.parsing.JsDocInfoParserTest" time="0"/>
  <testcase name="testParseDesc4" classname="com.google.javascript.jscomp.parsing.JsDocInfoParserTest" time="0.001"/>
  <testcase name="testParseDesc5" classname="com.google.javascript.jscomp.parsing.JsDocInfoParserTest" time="0"/>
  <testcase name="testParseDesc6" classname="com.google.javascript.jscomp.parsing.JsDocInfoParserTest" time="0"/>
  <testcase name="testParseDesc7" classname="com.google.javascript.jscomp.parsing.JsDocInfoParserTest" time="0"/>
  <testcase name="testParseDesc8" classname="com.google.javascript.jscomp.parsing.JsDocInfoParserTest" time="0.001"/>
  <testcase name="testParseDesc9" classname="com.google.javascript.jscomp.parsing.JsDocInfoParserTest" time="0"/>
  <testcase name="testParseEnum1" classname="com.google.javascript.jscomp.parsing.JsDocInfoParserTest" time="0"/>
  <testcase name="testParseEnum2" classname="com.google.javascript.jscomp.parsing.JsDocInfoParserTest" time="0.001"/>
  <testcase name="testParseEnum3" classname="com.google.javascript.jscomp.parsing.JsDocInfoParserTest" time="0"/>
  <testcase name="testParseEnum4" classname="com.google.javascript.jscomp.parsing.JsDocInfoParserTest" time="0"/>
  <testcase name="testParseBooleanType1" classname="com.google.javascript.jscomp.parsing.JsDocInfoParserTest" time="0.001"/>
  <testcase name="testParseBooleanType2" classname="com.google.javascript.jscomp.parsing.JsDocInfoParserTest" time="0"/>
  <testcase name="testParserWithTTLMissingParamIsTemplatized" classname="com.google.javascript.jscomp.parsing.JsDocInfoParserTest" time="0"/>
  <testcase name="testParserWithTTLTypeTransformationInFirstParamMapunion" classname="com.google.javascript.jscomp.parsing.JsDocInfoParserTest" time="0.001"/>
  <testcase name="testStableIdGeneratorConflict" classname="com.google.javascript.jscomp.parsing.JsDocInfoParserTest" time="0"/>
  <testcase name="testParseArrayTypeError1" classname="com.google.javascript.jscomp.parsing.JsDocInfoParserTest" time="0.001"/>
  <testcase name="testParseArrayTypeError2" classname="com.google.javascript.jscomp.parsing.JsDocInfoParserTest" time="0"/>
  <testcase name="testParseArrayTypeError3" classname="com.google.javascript.jscomp.parsing.JsDocInfoParserTest" time="0"/>
  <testcase name="testParseArrayTypeError5" classname="com.google.javascript.jscomp.parsing.JsDocInfoParserTest" time="0.001"/>
  <testcase name="testTypedefType1" classname="com.google.javascript.jscomp.parsing.JsDocInfoParserTest" time="0"/>
  <testcase name="testTypedefType2" classname="com.google.javascript.jscomp.parsing.JsDocInfoParserTest" time="0"/>
  <testcase name="testTypedefType3" classname="com.google.javascript.jscomp.parsing.JsDocInfoParserTest" time="0"/>
  <testcase name="testTypedefType4" classname="com.google.javascript.jscomp.parsing.JsDocInfoParserTest" time="0.001"/>
  <testcase name="testParserWithTTLInstanceOfExtraParam" classname="com.google.javascript.jscomp.parsing.JsDocInfoParserTest" time="0"/>
  <testcase name="testNominalConstructor" classname="com.google.javascript.jscomp.parsing.JsDocInfoParserTest" time="0"/>
  <testcase name="testParserWithTTLInvalidMapunionMissingParams" classname="com.google.javascript.jscomp.parsing.JsDocInfoParserTest" time="0.001"/>
  <testcase name="testTTLLineNumber" classname="com.google.javascript.jscomp.parsing.JsDocInfoParserTest" time="0"/>
  <testcase name="testParserWithTTLExtraParamIsTemplatized" classname="com.google.javascript.jscomp.parsing.JsDocInfoParserTest" time="0.001"/>
  <testcase name="testParseLends1" classname="com.google.javascript.jscomp.parsing.JsDocInfoParserTest" time="0"/>
  <testcase name="testParseLends2" classname="com.google.javascript.jscomp.parsing.JsDocInfoParserTest" time="0"/>
  <testcase name="testParseLends3" classname="com.google.javascript.jscomp.parsing.JsDocInfoParserTest" time="0"/>
  <testcase name="testParseLends4" classname="com.google.javascript.jscomp.parsing.JsDocInfoParserTest" time="0.001"/>
  <testcase name="testParseLends5" classname="com.google.javascript.jscomp.parsing.JsDocInfoParserTest" time="0"/>
  <testcase name="testParseLends6" classname="com.google.javascript.jscomp.parsing.JsDocInfoParserTest" time="0"/>
  <testcase name="testParseLends7" classname="com.google.javascript.jscomp.parsing.JsDocInfoParserTest" time="0"/>
  <testcase name="testParseImplementsGenerics" classname="com.google.javascript.jscomp.parsing.JsDocInfoParserTest" time="0.001"/>
  <testcase name="testParserWithTTLValidMaprecord" classname="com.google.javascript.jscomp.parsing.JsDocInfoParserTest" time="0"/>
  <testcase name="testParseCommentWithThickLeadingStarBlockPreserveWhitespace" classname="com.google.javascript.jscomp.parsing.JsDocInfoParserTest" time="0"/>
  <testcase name="testParserWithTTLInvalidConditionalMissingParam" classname="com.google.javascript.jscomp.parsing.JsDocInfoParserTest" time="0"/>
  <testcase name="testWhitelistedNewAnnotations" classname="com.google.javascript.jscomp.parsing.JsDocInfoParserTest" time="0"/>
  <testcase name="testParseFunctionalTypeError10" classname="com.google.javascript.jscomp.parsing.JsDocInfoParserTest" time="0"/>
  <testcase name="testParseFunctionalTypeError11" classname="com.google.javascript.jscomp.parsing.JsDocInfoParserTest" time="0.001"/>
  <testcase name="testParseFunctionalTypeError12" classname="com.google.javascript.jscomp.parsing.JsDocInfoParserTest" time="0"/>
  <testcase name="testParseFunctionalTypeError13" classname="com.google.javascript.jscomp.parsing.JsDocInfoParserTest" time="0.001"/>
  <testcase name="testParseFunctionalTypeError14" classname="com.google.javascript.jscomp.parsing.JsDocInfoParserTest" time="0"/>
  <testcase name="testParseNamedType1" classname="com.google.javascript.jscomp.parsing.JsDocInfoParserTest" time="0"/>
  <testcase name="testParseNamedType2" classname="com.google.javascript.jscomp.parsing.JsDocInfoParserTest" time="0.001"/>
  <testcase name="testParseNamedType3" classname="com.google.javascript.jscomp.parsing.JsDocInfoParserTest" time="0"/>
  <testcase name="testParseNamedType4" classname="com.google.javascript.jscomp.parsing.JsDocInfoParserTest" time="0"/>
  <testcase name="testParseNamedType5" classname="com.google.javascript.jscomp.parsing.JsDocInfoParserTest" time="0.001"/>
  <testcase name="testParseNamedType6" classname="com.google.javascript.jscomp.parsing.JsDocInfoParserTest" time="0"/>
  <testcase name="testParseAbstract" classname="com.google.javascript.jscomp.parsing.JsDocInfoParserTest" time="0"/>
  <testcase name="testPreserveWhitespace1" classname="com.google.javascript.jscomp.parsing.JsDocInfoParserTest" time="0.001"/>
  <testcase name="testPreserveWhitespace2" classname="com.google.javascript.jscomp.parsing.JsDocInfoParserTest" time="0"/>
  <testcase name="testPreserveWhitespace3" classname="com.google.javascript.jscomp.parsing.JsDocInfoParserTest" time="0.001"/>
  <testcase name="testPreserveWhitespace4" classname="com.google.javascript.jscomp.parsing.JsDocInfoParserTest" time="0"/>
  <testcase name="testPreserveWhitespace5" classname="com.google.javascript.jscomp.parsing.JsDocInfoParserTest" time="0"/>
  <testcase name="testPreserveWhitespace6" classname="com.google.javascript.jscomp.parsing.JsDocInfoParserTest" time="0.001"/>
  <testcase name="testParseParam1" classname="com.google.javascript.jscomp.parsing.JsDocInfoParserTest" time="0"/>
  <testcase name="testParseParam2" classname="com.google.javascript.jscomp.parsing.JsDocInfoParserTest" time="0"/>
  <testcase name="testParseParam3" classname="com.google.javascript.jscomp.parsing.JsDocInfoParserTest" time="0.001"/>
  <testcase name="testParseParam4" classname="com.google.javascript.jscomp.parsing.JsDocInfoParserTest" time="0"/>
  <testcase name="testParseParam5" classname="com.google.javascript.jscomp.parsing.JsDocInfoParserTest" time="0"/>
  <testcase name="testParseParam6" classname="com.google.javascript.jscomp.parsing.JsDocInfoParserTest" time="0.001"/>
  <testcase name="testParseParam7" classname="com.google.javascript.jscomp.parsing.JsDocInfoParserTest" time="0"/>
  <testcase name="testParseParam8" classname="com.google.javascript.jscomp.parsing.JsDocInfoParserTest" time="0"/>
  <testcase name="testParseParam9" classname="com.google.javascript.jscomp.parsing.JsDocInfoParserTest" time="0.001"/>
  <testcase name="testParserWithTTLInvalidRecordTypeWithInvalidTypeInProperty" classname="com.google.javascript.jscomp.parsing.JsDocInfoParserTest" time="0"/>
  <testcase name="testParserWithTTLValidMapunion2" classname="com.google.javascript.jscomp.parsing.JsDocInfoParserTest" time="0"/>
  <testcase name="testParseMixinClassExtra" classname="com.google.javascript.jscomp.parsing.JsDocInfoParserTest" time="0.001"/>
  <testcase name="testParserWithTTLInvalidMaprecordNotAFunction" classname="com.google.javascript.jscomp.parsing.JsDocInfoParserTest" time="0"/>
  <testcase name="testParseAllType1" classname="com.google.javascript.jscomp.parsing.JsDocInfoParserTest" time="0"/>
  <testcase name="testParseAllType2" classname="com.google.javascript.jscomp.parsing.JsDocInfoParserTest" time="0.001"/>
  <testcase name="testParseDateType" classname="com.google.javascript.jscomp.parsing.JsDocInfoParserTest" time="0"/>
  <testcase name="testParseNullableModifiers1" classname="com.google.javascript.jscomp.parsing.JsDocInfoParserTest" time="0"/>
  <testcase name="testParseNullableModifiers2" classname="com.google.javascript.jscomp.parsing.JsDocInfoParserTest" time="0.001"/>
  <testcase name="testParseNullableModifiers3" classname="com.google.javascript.jscomp.parsing.JsDocInfoParserTest" time="0"/>
  <testcase name="testParseNullableModifiers7" classname="com.google.javascript.jscomp.parsing.JsDocInfoParserTest" time="0"/>
  <testcase name="testParseNullableModifiers8" classname="com.google.javascript.jscomp.parsing.JsDocInfoParserTest" time="0.001"/>
  <testcase name="testParseNullableModifiers9" classname="com.google.javascript.jscomp.parsing.JsDocInfoParserTest" time="0"/>
  <testcase name="testParserWithTTLTypeOfVarMissingParam" classname="com.google.javascript.jscomp.parsing.JsDocInfoParserTest" time="0"/>
  <testcase name="testParserWithTTLNativeTypeExprFunction" classname="com.google.javascript.jscomp.parsing.JsDocInfoParserTest" time="0"/>
  <testcase name="testParseTypeSummary1" classname="com.google.javascript.jscomp.parsing.JsDocInfoParserTest" time="0"/>
  <testcase name="testParseTypeSummary2" classname="com.google.javascript.jscomp.parsing.JsDocInfoParserTest" time="0"/>
  <testcase name="testParseTypeSummary3" classname="com.google.javascript.jscomp.parsing.JsDocInfoParserTest" time="0"/>
  <testcase name="testSeeMissing" classname="com.google.javascript.jscomp.parsing.JsDocInfoParserTest" time="0.001"/>
  <testcase name="testParsePolymer" classname="com.google.javascript.jscomp.parsing.JsDocInfoParserTest" time="0"/>
  <testcase name="testParseMixinClass" classname="com.google.javascript.jscomp.parsing.JsDocInfoParserTest" time="0"/>
  <testcase name="testParseBlockComment2" classname="com.google.javascript.jscomp.parsing.JsDocInfoParserTest" time="0.001"/>
  <testcase name="testParseBlockComment3" classname="com.google.javascript.jscomp.parsing.JsDocInfoParserTest" time="0"/>
  <testcase name="testParserWithTTLTemplateTypeOperation" classname="com.google.javascript.jscomp.parsing.JsDocInfoParserTest" time="0"/>
  <testcase name="testParserWithTTLUseCaseObject" classname="com.google.javascript.jscomp.parsing.JsDocInfoParserTest" time="0.001"/>
  <testcase name="testModifies1" classname="com.google.javascript.jscomp.parsing.JsDocInfoParserTest" time="0"/>
  <testcase name="testModifies2" classname="com.google.javascript.jscomp.parsing.JsDocInfoParserTest" time="0"/>
  <testcase name="testModifies3" classname="com.google.javascript.jscomp.parsing.JsDocInfoParserTest" time="0.001"/>
  <testcase name="testModifies4" classname="com.google.javascript.jscomp.parsing.JsDocInfoParserTest" time="0"/>
  <testcase name="testModifies5" classname="com.google.javascript.jscomp.parsing.JsDocInfoParserTest" time="0"/>
  <testcase name="testModifies6" classname="com.google.javascript.jscomp.parsing.JsDocInfoParserTest" time="0.001"/>
  <testcase name="testParseCommentWithStarsOnOpenCommentLine" classname="com.google.javascript.jscomp.parsing.JsDocInfoParserTest" time="0"/>
  <testcase name="testParserWithTemplateDuplicated" classname="com.google.javascript.jscomp.parsing.JsDocInfoParserTest" time="0.001"/>
  <testcase name="testParserWithTTLConditionalNotInvalidParam" classname="com.google.javascript.jscomp.parsing.JsDocInfoParserTest" time="0"/>
  <testcase name="testStructuralConstructor2" classname="com.google.javascript.jscomp.parsing.JsDocInfoParserTest" time="0"/>
  <testcase name="testStructuralConstructor3" classname="com.google.javascript.jscomp.parsing.JsDocInfoParserTest" time="0.001"/>
  <testcase name="testParseDefineErrors1" classname="com.google.javascript.jscomp.parsing.JsDocInfoParserTest" time="0"/>
  <testcase name="testParseDefineErrors2" classname="com.google.javascript.jscomp.parsing.JsDocInfoParserTest" time="0"/>
  <testcase name="testParseDefineErrors3" classname="com.google.javascript.jscomp.parsing.JsDocInfoParserTest" time="0.001"/>
  <testcase name="testParseDefineErrors4" classname="com.google.javascript.jscomp.parsing.JsDocInfoParserTest" time="0"/>
  <testcase name="testParseDefineErrors5" classname="com.google.javascript.jscomp.parsing.JsDocInfoParserTest" time="0"/>
  <testcase name="testParseDefineErrors7" classname="com.google.javascript.jscomp.parsing.JsDocInfoParserTest" time="0"/>
  <testcase name="testParseDefineErrors8" classname="com.google.javascript.jscomp.parsing.JsDocInfoParserTest" time="0.001"/>
  <testcase name="testParseParamError1" classname="com.google.javascript.jscomp.parsing.JsDocInfoParserTest" time="0"/>
  <testcase name="testParseParamError2" classname="com.google.javascript.jscomp.parsing.JsDocInfoParserTest" time="0"/>
  <testcase name="testParseParamError3" classname="com.google.javascript.jscomp.parsing.JsDocInfoParserTest" time="0.001"/>
  <testcase name="testParseParamError4" classname="com.google.javascript.jscomp.parsing.JsDocInfoParserTest" time="0"/>
  <testcase name="testParseParamError5" classname="com.google.javascript.jscomp.parsing.JsDocInfoParserTest" time="0.001"/>
  <testcase name="testParseUnionTypeError2" classname="com.google.javascript.jscomp.parsing.JsDocInfoParserTest" time="0"/>
  <testcase name="testParseMixinFunctionExtra" classname="com.google.javascript.jscomp.parsing.JsDocInfoParserTest" time="0.001"/>
  <testcase name="testPrivateVisibilityNotAllowedInFileOverview" classname="com.google.javascript.jscomp.parsing.JsDocInfoParserTest" time="0"/>
  <testcase name="testParserWithTTLMissingParamIsUnknown" classname="com.google.javascript.jscomp.parsing.JsDocInfoParserTest" time="0.001"/>
  <testcase name="testParserWithNestedBooleanFirstParam" classname="com.google.javascript.jscomp.parsing.JsDocInfoParserTest" time="0.001"/>
  <testcase name="testParserWithTTLInvalidNoneType" classname="com.google.javascript.jscomp.parsing.JsDocInfoParserTest" time="0"/>
  <testcase name="testParserWithTTLTemplateTypeOperationNestedGeneric" classname="com.google.javascript.jscomp.parsing.JsDocInfoParserTest" time="0.001"/>
  <testcase name="testParserWithTTLConditionalIsTemplatized2" classname="com.google.javascript.jscomp.parsing.JsDocInfoParserTest" time="0.001"/>
  <testcase name="testAuthors" classname="com.google.javascript.jscomp.parsing.JsDocInfoParserTest" time="0"/>
  <testcase name="testStructuralConstructor" classname="com.google.javascript.jscomp.parsing.JsDocInfoParserTest" time="0.001"/>
  <testcase name="testParserWithTTLInvalidMapunionType" classname="com.google.javascript.jscomp.parsing.JsDocInfoParserTest" time="0"/>
  <testcase name="testParserWithTTLValidUnionType2" classname="com.google.javascript.jscomp.parsing.JsDocInfoParserTest" time="0"/>
  <testcase name="testParserWithTTLValidUnionType3" classname="com.google.javascript.jscomp.parsing.JsDocInfoParserTest" time="0.001"/>
  <testcase name="testMixedVisibility" classname="com.google.javascript.jscomp.parsing.JsDocInfoParserTest" time="0"/>
  <testcase name="testParseDuplicateImplicitCast" classname="com.google.javascript.jscomp.parsing.JsDocInfoParserTest" time="0"/>
  <testcase name="testParserWithTTLTypeOfVarInvalidName" classname="com.google.javascript.jscomp.parsing.JsDocInfoParserTest" time="0.001"/>
  <testcase name="testParsePolymerExtra" classname="com.google.javascript.jscomp.parsing.JsDocInfoParserTest" time="0"/>
  <testcase name="testParserWithTTLInstanceOfInvalidName" classname="com.google.javascript.jscomp.parsing.JsDocInfoParserTest" time="0"/>
  <testcase name="testParserWithMissingTypeTransformationExpression" classname="com.google.javascript.jscomp.parsing.JsDocInfoParserTest" time="0.001"/>
  <testcase name="testParserWithTTLConditionalIsConstructorInvalidParam" classname="com.google.javascript.jscomp.parsing.JsDocInfoParserTest" time="0"/>
  <testcase name="testParseTemplatizedTypeAlternateSyntax" classname="com.google.javascript.jscomp.parsing.JsDocInfoParserTest" time="0"/>
  <testcase name="testStackedAnnotation10" classname="com.google.javascript.jscomp.parsing.JsDocInfoParserTest" time="0"/>
  <testcase name="testStackedAnnotation11" classname="com.google.javascript.jscomp.parsing.JsDocInfoParserTest" time="0.001"/>
  <testcase name="testStackedAnnotation12" classname="com.google.javascript.jscomp.parsing.JsDocInfoParserTest" time="0"/>
  <testcase name="testStackedAnnotation13" classname="com.google.javascript.jscomp.parsing.JsDocInfoParserTest" time="0"/>
  <testcase name="testStackedAnnotation14" classname="com.google.javascript.jscomp.parsing.JsDocInfoParserTest" time="0.001"/>
  <testcase name="testParserWithTTLConditional" classname="com.google.javascript.jscomp.parsing.JsDocInfoParserTest" time="0"/>
  <testcase name="testParseFunctionalTypeError1" classname="com.google.javascript.jscomp.parsing.JsDocInfoParserTest" time="0"/>
  <testcase name="testParseFunctionalTypeError2" classname="com.google.javascript.jscomp.parsing.JsDocInfoParserTest" time="0"/>
  <testcase name="testParseFunctionalTypeError3" classname="com.google.javascript.jscomp.parsing.JsDocInfoParserTest" time="0.001"/>
  <testcase name="testParseFunctionalTypeError4" classname="com.google.javascript.jscomp.parsing.JsDocInfoParserTest" time="0"/>
  <testcase name="testParseFunctionalTypeError5" classname="com.google.javascript.jscomp.parsing.JsDocInfoParserTest" time="0"/>
  <testcase name="testParseFunctionalTypeError6" classname="com.google.javascript.jscomp.parsing.JsDocInfoParserTest" time="0.001"/>
  <testcase name="testParseFunctionalTypeError7" classname="com.google.javascript.jscomp.parsing.JsDocInfoParserTest" time="0"/>
  <testcase name="testParseFunctionalTypeError8" classname="com.google.javascript.jscomp.parsing.JsDocInfoParserTest" time="0"/>
  <testcase name="testParseFunctionalTypeError9" classname="com.google.javascript.jscomp.parsing.JsDocInfoParserTest" time="0.001"/>
  <testcase name="testParseFunctionType" classname="com.google.javascript.jscomp.parsing.JsDocInfoParserTest" time="0"/>
  <testcase name="testParserWithTTLConditionalStringEquivalence2" classname="com.google.javascript.jscomp.parsing.JsDocInfoParserTest" time="0"/>
  <testcase name="testParserWithTTLConditionalStringEquivalence3" classname="com.google.javascript.jscomp.parsing.JsDocInfoParserTest" time="0.001"/>
  <testcase name="testParserWithTTLRecordType" classname="com.google.javascript.jscomp.parsing.JsDocInfoParserTest" time="0"/>
  <testcase name="testProtectedType" classname="com.google.javascript.jscomp.parsing.JsDocInfoParserTest" time="0"/>
  <testcase name="testParserWithTypeTransformationNewline" classname="com.google.javascript.jscomp.parsing.JsDocInfoParserTest" time="0"/>
  <testcase name="testParserWithTTLConditionalAndInvalidParam2" classname="com.google.javascript.jscomp.parsing.JsDocInfoParserTest" time="0.001"/>
  <testcase name="testParseNumberType1" classname="com.google.javascript.jscomp.parsing.JsDocInfoParserTest" time="0"/>
  <testcase name="testParseNumberType2" classname="com.google.javascript.jscomp.parsing.JsDocInfoParserTest" time="0"/>
  <testcase name="testParserWithTTLValidPrintType" classname="com.google.javascript.jscomp.parsing.JsDocInfoParserTest" time="0.001"/>
  <testcase name="testParserWithTTLConditionalStringEquivalenceInvalidParamEmptyStr" classname="com.google.javascript.jscomp.parsing.JsDocInfoParserTest" time="0"/>
  <testcase name="testParseLicense" classname="com.google.javascript.jscomp.parsing.JsDocInfoParserTest" time="0"/>
  <testcase name="testParserWithTTLMissingParamIsConstructor" classname="com.google.javascript.jscomp.parsing.JsDocInfoParserTest" time="0.001"/>
  <testcase name="testTypeTagConflict10" classname="com.google.javascript.jscomp.parsing.JsDocInfoParserTest" time="0"/>
  <testcase name="testTypeTagConflict11" classname="com.google.javascript.jscomp.parsing.JsDocInfoParserTest" time="0"/>
  <testcase name="testTypeTagConflict12" classname="com.google.javascript.jscomp.parsing.JsDocInfoParserTest" time="0.001"/>
  <testcase name="testTypeTagConflict13" classname="com.google.javascript.jscomp.parsing.JsDocInfoParserTest" time="0"/>
  <testcase name="testTypeTagConflict14" classname="com.google.javascript.jscomp.parsing.JsDocInfoParserTest" time="0"/>
  <testcase name="testTypeTagConflict15" classname="com.google.javascript.jscomp.parsing.JsDocInfoParserTest" time="0"/>
  <testcase name="testTypeTagConflict16" classname="com.google.javascript.jscomp.parsing.JsDocInfoParserTest" time="0.001"/>
  <testcase name="testTypeTagConflict17" classname="com.google.javascript.jscomp.parsing.JsDocInfoParserTest" time="0"/>
  <testcase name="testTypeTagConflict18" classname="com.google.javascript.jscomp.parsing.JsDocInfoParserTest" time="0"/>
  <testcase name="testTypeTagConflict19" classname="com.google.javascript.jscomp.parsing.JsDocInfoParserTest" time="0.001"/>
  <testcase name="testTypeTagConflict20" classname="com.google.javascript.jscomp.parsing.JsDocInfoParserTest" time="0"/>
  <testcase name="testTypeTagConflict21" classname="com.google.javascript.jscomp.parsing.JsDocInfoParserTest" time="0"/>
  <testcase name="testTypeTagConflict22" classname="com.google.javascript.jscomp.parsing.JsDocInfoParserTest" time="0"/>
  <testcase name="testTypeTagConflict23" classname="com.google.javascript.jscomp.parsing.JsDocInfoParserTest" time="0.001"/>
  <testcase name="testTypeTagConflict24" classname="com.google.javascript.jscomp.parsing.JsDocInfoParserTest" time="0"/>
  <testcase name="testTypeTagConflict25" classname="com.google.javascript.jscomp.parsing.JsDocInfoParserTest" time="0"/>
  <testcase name="testParserWithInvalidTemplateType" classname="com.google.javascript.jscomp.parsing.JsDocInfoParserTest" time="0.001"/>
  <testcase name="testParseUnionType10" classname="com.google.javascript.jscomp.parsing.JsDocInfoParserTest" time="0"/>
  <testcase name="testParseUnionType12" classname="com.google.javascript.jscomp.parsing.JsDocInfoParserTest" time="0.001"/>
  <testcase name="testParseUnionType13" classname="com.google.javascript.jscomp.parsing.JsDocInfoParserTest" time="0"/>
  <testcase name="testParseUnionType14" classname="com.google.javascript.jscomp.parsing.JsDocInfoParserTest" time="0"/>
  <testcase name="testParseUnionType15" classname="com.google.javascript.jscomp.parsing.JsDocInfoParserTest" time="0.001"/>
  <testcase name="testParseUnionType16" classname="com.google.javascript.jscomp.parsing.JsDocInfoParserTest" time="0"/>
  <testcase name="testParseUnionType17" classname="com.google.javascript.jscomp.parsing.JsDocInfoParserTest" time="0"/>
  <testcase name="testParseUnionType19" classname="com.google.javascript.jscomp.parsing.JsDocInfoParserTest" time="0.001"/>
  <testcase name="testParserWithTTLEmptyUnionType" classname="com.google.javascript.jscomp.parsing.JsDocInfoParserTest" time="0"/>
  <testcase name="testParserWithTTLInvalidMaprecordMissingParams" classname="com.google.javascript.jscomp.parsing.JsDocInfoParserTest" time="0"/>
  <testcase name="testParseExtends1" classname="com.google.javascript.jscomp.parsing.JsDocInfoParserTest" time="0.001"/>
  <testcase name="testParseExtends2" classname="com.google.javascript.jscomp.parsing.JsDocInfoParserTest" time="0"/>
  <testcase name="testParseExtends4" classname="com.google.javascript.jscomp.parsing.JsDocInfoParserTest" time="0"/>
  <testcase name="testParseExtends5" classname="com.google.javascript.jscomp.parsing.JsDocInfoParserTest" time="0"/>
  <testcase name="testParseExtends6" classname="com.google.javascript.jscomp.parsing.JsDocInfoParserTest" time="0.001"/>
  <testcase name="testParseExterns1" classname="com.google.javascript.jscomp.parsing.JsDocInfoParserTest" time="0"/>
  <testcase name="testParseExterns2" classname="com.google.javascript.jscomp.parsing.JsDocInfoParserTest" time="0"/>
  <testcase name="testParseExterns3" classname="com.google.javascript.jscomp.parsing.JsDocInfoParserTest" time="0.001"/>
  <testcase name="testParserWithTTLInvalidAllType2" classname="com.google.javascript.jscomp.parsing.JsDocInfoParserTest" time="0"/>
  <testcase name="testParserWithTTLInvalidMapunionExtraFnParams" classname="com.google.javascript.jscomp.parsing.JsDocInfoParserTest" time="0"/>
  <testcase name="testParserWithTTLInstanceOf" classname="com.google.javascript.jscomp.parsing.JsDocInfoParserTest" time="0.001"/>
  <testcase name="testParserWithTTLConditionalAndOperation" classname="com.google.javascript.jscomp.parsing.JsDocInfoParserTest" time="0"/>
  <testcase name="testParseInvalidTypeViaStatic" classname="com.google.javascript.jscomp.parsing.JsDocInfoParserTest" time="0"/>
  <testcase name="testParserWithTTLExtraParamIsConstructor" classname="com.google.javascript.jscomp.parsing.JsDocInfoParserTest" time="0.001"/>
  <testcase name="testFileOverviewMultiLine" classname="com.google.javascript.jscomp.parsing.JsDocInfoParserTest" time="0"/>
  <testcase name="testParseInterfaceDoubled" classname="com.google.javascript.jscomp.parsing.JsDocInfoParserTest" time="0"/>
  <testcase name="testParserWithTTLInvalidTemplateTypeOfMissingParam" classname="com.google.javascript.jscomp.parsing.JsDocInfoParserTest" time="0.001"/>
  <testcase name="testParseDeprecated1" classname="com.google.javascript.jscomp.parsing.JsDocInfoParserTest" time="0"/>
  <testcase name="testParseDeprecated2" classname="com.google.javascript.jscomp.parsing.JsDocInfoParserTest" time="0"/>
  <testcase name="testInterfaceMultiExtends1" classname="com.google.javascript.jscomp.parsing.JsDocInfoParserTest" time="0"/>
  <testcase name="testInterfaceMultiExtends2" classname="com.google.javascript.jscomp.parsing.JsDocInfoParserTest" time="0.001"/>
  <testcase name="testParseNoCompile1" classname="com.google.javascript.jscomp.parsing.JsDocInfoParserTest" time="0"/>
  <testcase name="testParseNoCompile2" classname="com.google.javascript.jscomp.parsing.JsDocInfoParserTest" time="0.001"/>
  <testcase name="testParserWithTTLInvalidRawTypeOperation" classname="com.google.javascript.jscomp.parsing.JsDocInfoParserTest" time="0"/>
  <testcase name="testBadImplementsWithNullable" classname="com.google.javascript.jscomp.parsing.JsDocInfoParserTest" time="0.001"/>
  <testcase name="testTypeTagConflict1" classname="com.google.javascript.jscomp.parsing.JsDocInfoParserTest" time="0"/>
  <testcase name="testTypeTagConflict2" classname="com.google.javascript.jscomp.parsing.JsDocInfoParserTest" time="0.001"/>
  <testcase name="testTypeTagConflict3" classname="com.google.javascript.jscomp.parsing.JsDocInfoParserTest" time="0"/>
  <testcase name="testTypeTagConflict4" classname="com.google.javascript.jscomp.parsing.JsDocInfoParserTest" time="0.001"/>
  <testcase name="testTypeTagConflict5" classname="com.google.javascript.jscomp.parsing.JsDocInfoParserTest" time="0"/>
  <testcase name="testTypeTagConflict6" classname="com.google.javascript.jscomp.parsing.JsDocInfoParserTest" time="0.001"/>
  <testcase name="testTypeTagConflict7" classname="com.google.javascript.jscomp.parsing.JsDocInfoParserTest" time="0"/>
  <testcase name="testTypeTagConflict8" classname="com.google.javascript.jscomp.parsing.JsDocInfoParserTest" time="0"/>
  <testcase name="testTypeTagConflict9" classname="com.google.javascript.jscomp.parsing.JsDocInfoParserTest" time="0.001"/>
  <testcase name="testParserWithTTLNativeTypeExprMissingParam" classname="com.google.javascript.jscomp.parsing.JsDocInfoParserTest" time="0"/>
  <testcase name="testParserWithTTLValidPropType" classname="com.google.javascript.jscomp.parsing.JsDocInfoParserTest" time="0.001"/>
  <testcase name="testXidGeneratorConflict" classname="com.google.javascript.jscomp.parsing.JsDocInfoParserTest" time="0"/>
  <testcase name="testParserWithTTLInvalidMaprecordInvalidFunctionBody" classname="com.google.javascript.jscomp.parsing.JsDocInfoParserTest" time="0.001"/>
  <testcase name="testIdGenerator" classname="com.google.javascript.jscomp.parsing.JsDocInfoParserTest" time="0"/>
  <testcase name="testXidGenerator" classname="com.google.javascript.jscomp.parsing.JsDocInfoParserTest" time="0.001"/>
  <testcase name="testParserWithTTLNativeTypeExprFunctionReturn" classname="com.google.javascript.jscomp.parsing.JsDocInfoParserTest" time="0"/>
  <testcase name="testParserWithTTLTypeOfVar" classname="com.google.javascript.jscomp.parsing.JsDocInfoParserTest" time="0.001"/>
  <testcase name="testParseOverride1" classname="com.google.javascript.jscomp.parsing.JsDocInfoParserTest" time="0"/>
  <testcase name="testParseOverride2" classname="com.google.javascript.jscomp.parsing.JsDocInfoParserTest" time="0.001"/>
  <testcase name="testExportType" classname="com.google.javascript.jscomp.parsing.JsDocInfoParserTest" time="0"/>
  <testcase name="testParseAbstract_abstractBeforeInterface" classname="com.google.javascript.jscomp.parsing.JsDocInfoParserTest" time="0.001"/>
  <testcase name="testParseRegExpType" classname="com.google.javascript.jscomp.parsing.JsDocInfoParserTest" time="0.001"/>
  <testcase name="testParserWithTTLUnknownType" classname="com.google.javascript.jscomp.parsing.JsDocInfoParserTest" time="0"/>
  <testcase name="testParseBlockComment" classname="com.google.javascript.jscomp.parsing.JsDocInfoParserTest" time="0.001"/>
  <testcase name="testParseTypeViaStatic1" classname="com.google.javascript.jscomp.parsing.JsDocInfoParserTest" time="0"/>
  <testcase name="testParseTypeViaStatic2" classname="com.google.javascript.jscomp.parsing.JsDocInfoParserTest" time="0.001"/>
  <testcase name="testParseTypeViaStatic3" classname="com.google.javascript.jscomp.parsing.JsDocInfoParserTest" time="0"/>
  <testcase name="testParseTypeViaStatic4" classname="com.google.javascript.jscomp.parsing.JsDocInfoParserTest" time="0.001"/>
  <testcase name="testParserWithTemplateDuplicatedTypeNameMissing" classname="com.google.javascript.jscomp.parsing.JsDocInfoParserTest" time="0"/>
  <testcase name="testParserWithTTLConditionalIsRecord2" classname="com.google.javascript.jscomp.parsing.JsDocInfoParserTest" time="0.001"/>
  <testcase name="testParseAbstract_alreadyAbstract" classname="com.google.javascript.jscomp.parsing.JsDocInfoParserTest" time="0"/>
  <testcase name="testImplicitVisibilityAllowedInFileOverview" classname="com.google.javascript.jscomp.parsing.JsDocInfoParserTest" time="0.001"/>
  <testcase name="testParserWithTypeTransformation2" classname="com.google.javascript.jscomp.parsing.JsDocInfoParserTest" time="0.001"/>
  <testcase name="testParserWithTTLNativeTypeExprNullable" classname="com.google.javascript.jscomp.parsing.JsDocInfoParserTest" time="0"/>
  <testcase name="testParseThisType1" classname="com.google.javascript.jscomp.parsing.JsDocInfoParserTest" time="0.001"/>
  <testcase name="testParseThisType2" classname="com.google.javascript.jscomp.parsing.JsDocInfoParserTest" time="0"/>
  <testcase name="testParseThisType3" classname="com.google.javascript.jscomp.parsing.JsDocInfoParserTest" time="0.001"/>
  <testcase name="testParseThisType4" classname="com.google.javascript.jscomp.parsing.JsDocInfoParserTest" time="0"/>
  <testcase name="testParseThisType5" classname="com.google.javascript.jscomp.parsing.JsDocInfoParserTest" time="0.001"/>
  <testcase name="testParseThisType6" classname="com.google.javascript.jscomp.parsing.JsDocInfoParserTest" time="0"/>
  <testcase name="testParserWithTTLNativeTypeExprFunctionVarargs" classname="com.google.javascript.jscomp.parsing.JsDocInfoParserTest" time="0.001"/>
  <testcase name="testParserWithTTLMergeRecords" classname="com.google.javascript.jscomp.parsing.JsDocInfoParserTest" time="0.001"/>
  <testcase name="testWhitelistedAnnotations" classname="com.google.javascript.jscomp.parsing.JsDocInfoParserTest" time="0"/>
  <testcase name="testParserWithTTLNativeInvalidTypeExpr" classname="com.google.javascript.jscomp.parsing.JsDocInfoParserTest" time="0.001"/>
  <testcase name="testParseImplementsTwo" classname="com.google.javascript.jscomp.parsing.JsDocInfoParserTest" time="0.001"/>
  <testcase name="testParserWithTTLNoneType2" classname="com.google.javascript.jscomp.parsing.JsDocInfoParserTest" time="0"/>
  <testcase name="testParseImplementsNoName" classname="com.google.javascript.jscomp.parsing.JsDocInfoParserTest" time="0.001"/>
  <testcase name="testParserWithTTLInvalidMaprecordMissingParamsInMapFunction2" classname="com.google.javascript.jscomp.parsing.JsDocInfoParserTest" time="0"/>
  <testcase name="testParserWithTTLInvalidMaprecordExtraParams" classname="com.google.javascript.jscomp.parsing.JsDocInfoParserTest" time="0.001"/>
  <testcase name="testParseRecordType1" classname="com.google.javascript.jscomp.parsing.JsDocInfoParserTest" time="0.001"/>
  <testcase name="testParseRecordType2" classname="com.google.javascript.jscomp.parsing.JsDocInfoParserTest" time="0"/>
  <testcase name="testParseRecordType3" classname="com.google.javascript.jscomp.parsing.JsDocInfoParserTest" time="0.001"/>
  <testcase name="testParseRecordType4" classname="com.google.javascript.jscomp.parsing.JsDocInfoParserTest" time="0"/>
  <testcase name="testParseRecordType5" classname="com.google.javascript.jscomp.parsing.JsDocInfoParserTest" time="0.001"/>
  <testcase name="testParseRecordType6" classname="com.google.javascript.jscomp.parsing.JsDocInfoParserTest" time="0.001"/>
  <testcase name="testParseRecordType7" classname="com.google.javascript.jscomp.parsing.JsDocInfoParserTest" time="0"/>
  <testcase name="testParseRecordType8" classname="com.google.javascript.jscomp.parsing.JsDocInfoParserTest" time="0.001"/>
  <testcase name="testParseRecordType9" classname="com.google.javascript.jscomp.parsing.JsDocInfoParserTest" time="0"/>
  <testcase name="testParserWithTTLValidTypename" classname="com.google.javascript.jscomp.parsing.JsDocInfoParserTest" time="0.001"/>
  <testcase name="testParserWithTTLExtraParamIsDefined" classname="com.google.javascript.jscomp.parsing.JsDocInfoParserTest" time="0"/>
  <testcase name="testParseImplementsSameTwice" classname="com.google.javascript.jscomp.parsing.JsDocInfoParserTest" time="0.001"/>
  <testcase name="testParsePreserve" classname="com.google.javascript.jscomp.parsing.JsDocInfoParserTest" time="0.001"/>
  <testcase name="testParserWithTTLInvalidSecondParamPrintType" classname="com.google.javascript.jscomp.parsing.JsDocInfoParserTest" time="0"/>
  <testcase name="testParseJsDocAfterEnum" classname="com.google.javascript.jscomp.parsing.JsDocInfoParserTest" time="0.001"/>
  <testcase name="testParseObjectType" classname="com.google.javascript.jscomp.parsing.JsDocInfoParserTest" time="0"/>
  <testcase name="testParserWithTwoTemplates" classname="com.google.javascript.jscomp.parsing.JsDocInfoParserTest" time="0.001"/>
  <testcase name="testParseDisposesMultiple" classname="com.google.javascript.jscomp.parsing.JsDocInfoParserTest" time="0"/>
  <testcase name="testParseCustomElementExtra" classname="com.google.javascript.jscomp.parsing.JsDocInfoParserTest" time="0.001"/>
  <testcase name="testParseLicenseWithAnnotation" classname="com.google.javascript.jscomp.parsing.JsDocInfoParserTest" time="0.001"/>
  <testcase name="testParserWithTTLInvalidBooleanConditional" classname="com.google.javascript.jscomp.parsing.JsDocInfoParserTest" time="0"/>
  <testcase name="testParserWithTTLConditionalStringEquivalenceInvalidParam" classname="com.google.javascript.jscomp.parsing.JsDocInfoParserTest" time="0.001"/>
  <testcase name="testVersionMissing" classname="com.google.javascript.jscomp.parsing.JsDocInfoParserTest" time="0"/>
  <testcase name="testParserWithTTLInvalidPrintTypeExtraParam" classname="com.google.javascript.jscomp.parsing.JsDocInfoParserTest" time="0.001"/>
  <testcase name="testParserWithTTLExtraParamStringEq" classname="com.google.javascript.jscomp.parsing.JsDocInfoParserTest" time="0.001"/>
  <testcase name="testParserWithTTLConditionalIsTemplatized" classname="com.google.javascript.jscomp.parsing.JsDocInfoParserTest" time="0"/>
  <testcase name="testParserWithTTLValidRawTypeOperation2" classname="com.google.javascript.jscomp.parsing.JsDocInfoParserTest" time="0.001"/>
  <testcase name="testBadIdGenerator1" classname="com.google.javascript.jscomp.parsing.JsDocInfoParserTest" time="0.001"/>
  <testcase name="testBadIdGenerator2" classname="com.google.javascript.jscomp.parsing.JsDocInfoParserTest" time="0"/>
  <testcase name="testBadIdGenerator3" classname="com.google.javascript.jscomp.parsing.JsDocInfoParserTest" time="0.001"/>
  <testcase name="testParserWithTTLExtraParamBoolean" classname="com.google.javascript.jscomp.parsing.JsDocInfoParserTest" time="0"/>
  <testcase name="testParserWithTTLInvalidRawTypeOperationExtraParam" classname="com.google.javascript.jscomp.parsing.JsDocInfoParserTest" time="0.001"/>
  <testcase name="testDocumentationParameter" classname="com.google.javascript.jscomp.parsing.JsDocInfoParserTest" time="0"/>
  <testcase name="testParseCommentWithStarsAfterLeadingSpace" classname="com.google.javascript.jscomp.parsing.JsDocInfoParserTest" time="0.001"/>
  <testcase name="testParseImplementsNullable1" classname="com.google.javascript.jscomp.parsing.JsDocInfoParserTest" time="0"/>
  <testcase name="testParseImplementsNullable2" classname="com.google.javascript.jscomp.parsing.JsDocInfoParserTest" time="0.001"/>
  <testcase name="testParserWithTTLValidMaprecord2" classname="com.google.javascript.jscomp.parsing.JsDocInfoParserTest" time="0.001"/>
  <testcase name="testParserWithTTLNestedRecordType" classname="com.google.javascript.jscomp.parsing.JsDocInfoParserTest" time="0"/>
  <testcase name="testParserWithTTLInstanceOfMissingParam" classname="com.google.javascript.jscomp.parsing.JsDocInfoParserTest" time="0.001"/>
  <testcase name="testParseMixinFunction" classname="com.google.javascript.jscomp.parsing.JsDocInfoParserTest" time="0.001"/>
  <testcase name="testParserWithTTLConditionalIsDefined" classname="com.google.javascript.jscomp.parsing.JsDocInfoParserTest" time="0"/>
  <testcase name="testParserWithTTLInstanceOf2" classname="com.google.javascript.jscomp.parsing.JsDocInfoParserTest" time="0.001"/>
  <testcase name="testParserWithTTLConditionalStringEquivalence" classname="com.google.javascript.jscomp.parsing.JsDocInfoParserTest" time="0"/>
  <testcase name="testParserWithTTLNestedTemplateTypeOfOperation" classname="com.google.javascript.jscomp.parsing.JsDocInfoParserTest" time="0.001"/>
  <testcase name="testParserWithTTLInvalidUnknownType2" classname="com.google.javascript.jscomp.parsing.JsDocInfoParserTest" time="0.001"/>
  <testcase name="testParseDisposesAll1" classname="com.google.javascript.jscomp.parsing.JsDocInfoParserTest" time="0"/>
  <testcase name="testParseDisposesAll2" classname="com.google.javascript.jscomp.parsing.JsDocInfoParserTest" time="0.001"/>
  <testcase name="testParseDisposesAll3" classname="com.google.javascript.jscomp.parsing.JsDocInfoParserTest" time="0"/>
  <testcase name="testParseMeaning1" classname="com.google.javascript.jscomp.parsing.JsDocInfoParserTest" time="0.001"/>
  <testcase name="testParseMeaning2" classname="com.google.javascript.jscomp.parsing.JsDocInfoParserTest" time="0"/>
  <testcase name="testParseMeaning3" classname="com.google.javascript.jscomp.parsing.JsDocInfoParserTest" time="0.001"/>
  <testcase name="testParseMeaning4" classname="com.google.javascript.jscomp.parsing.JsDocInfoParserTest" time="0"/>
  <testcase name="testParserWithTTLInvalidConditional" classname="com.google.javascript.jscomp.parsing.JsDocInfoParserTest" time="0.001"/>
  <testcase name="testBadExtendsWithNullable" classname="com.google.javascript.jscomp.parsing.JsDocInfoParserTest" time="0.001"/>
  <testcase name="testSingleTags" classname="com.google.javascript.jscomp.parsing.JsDocInfoParserTest" time="0"/>
  <testcase name="testParseImplicitCast1" classname="com.google.javascript.jscomp.parsing.JsDocInfoParserTest" time="0.001"/>
  <testcase name="testParseImplicitCast2" classname="com.google.javascript.jscomp.parsing.JsDocInfoParserTest" time="0"/>
  <testcase name="testParseWithMarkerType" classname="com.google.javascript.jscomp.parsing.JsDocInfoParserTest" time="0.001"/>
  <testcase name="testInterfaceExtends" classname="com.google.javascript.jscomp.parsing.JsDocInfoParserTest" time="0"/>
  <testcase name="testBadModifies1" classname="com.google.javascript.jscomp.parsing.JsDocInfoParserTest" time="0.001"/>
  <testcase name="testBadModifies2" classname="com.google.javascript.jscomp.parsing.JsDocInfoParserTest" time="0"/>
  <testcase name="testBadModifies3" classname="com.google.javascript.jscomp.parsing.JsDocInfoParserTest" time="0.001"/>
  <testcase name="testBadModifies4" classname="com.google.javascript.jscomp.parsing.JsDocInfoParserTest" time="0.001"/>
  <testcase name="testBadModifies5" classname="com.google.javascript.jscomp.parsing.JsDocInfoParserTest" time="0"/>
  <testcase name="testBadModifies6" classname="com.google.javascript.jscomp.parsing.JsDocInfoParserTest" time="0.001"/>
  <testcase name="testBadModifies7" classname="com.google.javascript.jscomp.parsing.JsDocInfoParserTest" time="0"/>
  <testcase name="testBadModifies8" classname="com.google.javascript.jscomp.parsing.JsDocInfoParserTest" time="0.001"/>
  <testcase name="testBadModifies9" classname="com.google.javascript.jscomp.parsing.JsDocInfoParserTest" time="0"/>
  <testcase name="testWhitelistedConflictingAnnotation" classname="com.google.javascript.jscomp.parsing.JsDocInfoParserTest" time="0.001"/>
  <testcase name="testConstType" classname="com.google.javascript.jscomp.parsing.JsDocInfoParserTest" time="0.001"/>
  <testcase name="testPackageType" classname="com.google.javascript.jscomp.parsing.JsDocInfoParserTest" time="0"/>
  <testcase name="testParserWithTTLInvalidConditional2" classname="com.google.javascript.jscomp.parsing.JsDocInfoParserTest" time="0.001"/>
  <testcase name="testParseImplementsMissingRC" classname="com.google.javascript.jscomp.parsing.JsDocInfoParserTest" time="0"/>
  <testcase name="testParserWithTTLTemplateTypeOperationGeneric2" classname="com.google.javascript.jscomp.parsing.JsDocInfoParserTest" time="0.001"/>
  <testcase name="testParserWithTTLConditionalIsRecord" classname="com.google.javascript.jscomp.parsing.JsDocInfoParserTest" time="0.001"/>
  <testcase name="testParserWithTTLNativeTypeExprFunctionOptional" classname="com.google.javascript.jscomp.parsing.JsDocInfoParserTest" time="0"/>
  <testcase name="testBug907488" classname="com.google.javascript.jscomp.parsing.JsDocInfoParserTest" time="0.001"/>
  <testcase name="testBug907494" classname="com.google.javascript.jscomp.parsing.JsDocInfoParserTest" time="0"/>
  <testcase name="testBug909468" classname="com.google.javascript.jscomp.parsing.JsDocInfoParserTest" time="0.001"/>
  <testcase name="testParseAbstract_typeBeforeAbstract" classname="com.google.javascript.jscomp.parsing.JsDocInfoParserTest" time="0"/>
  <testcase name="testSingleTagsReordered" classname="com.google.javascript.jscomp.parsing.JsDocInfoParserTest" time="0.001"/>
  <testcase name="testUnsupportedJsDocSyntax1" classname="com.google.javascript.jscomp.parsing.JsDocInfoParserTest" time="0.001"/>
  <testcase name="testUnsupportedJsDocSyntax2" classname="com.google.javascript.jscomp.parsing.JsDocInfoParserTest" time="0"/>
  <testcase name="testParserWithTTLAllType" classname="com.google.javascript.jscomp.parsing.JsDocInfoParserTest" time="0.001"/>
  <testcase name="testParserWithTTLInvalidPrintTypeOfMissingParam2" classname="com.google.javascript.jscomp.parsing.JsDocInfoParserTest" time="0"/>
  <testcase name="testParserWithTTLInvalidConditionalExtraParam" classname="com.google.javascript.jscomp.parsing.JsDocInfoParserTest" time="0.001"/>
  <testcase name="testDescriptionAnnotation" classname="com.google.javascript.jscomp.parsing.JsDocInfoParserTest" time="0"/>
  <testcase name="testParserWithTTLConditionalNotOperation" classname="com.google.javascript.jscomp.parsing.JsDocInfoParserTest" time="0.001"/>
  <testcase name="testParseDefineDescription" classname="com.google.javascript.jscomp.parsing.JsDocInfoParserTest" time="0.001"/>
  <testcase name="testParserWithTTLNativeTypeExprFunctionThis" classname="com.google.javascript.jscomp.parsing.JsDocInfoParserTest" time="0"/>
  <testcase name="testParserWithTTLValidUnionType" classname="com.google.javascript.jscomp.parsing.JsDocInfoParserTest" time="0.001"/>
  <testcase name="testParseNamespaceType1" classname="com.google.javascript.jscomp.parsing.JsDocInfoParserTest" time="0"/>
  <testcase name="testIdGenerator1" classname="com.google.javascript.jscomp.parsing.JsDocInfoParserTest" time="0.001"/>
  <testcase name="testIdGenerator2" classname="com.google.javascript.jscomp.parsing.JsDocInfoParserTest" time="0"/>
  <testcase name="testIdGenerator3" classname="com.google.javascript.jscomp.parsing.JsDocInfoParserTest" time="0.001"/>
  <testcase name="testIdGenerator4" classname="com.google.javascript.jscomp.parsing.JsDocInfoParserTest" time="0"/>
  <testcase name="testIdGenerator5" classname="com.google.javascript.jscomp.parsing.JsDocInfoParserTest" time="0.001"/>
  <testcase name="testParserWithTTLConditionalNestedBoolOperation" classname="com.google.javascript.jscomp.parsing.JsDocInfoParserTest" time="0.001"/>
  <testcase name="testParserWithTTLInvalidMaprecordMissingParamsInMapFunction" classname="com.google.javascript.jscomp.parsing.JsDocInfoParserTest" time="0"/>
  <testcase name="testParserWithTTLInvalidRecordTypeMissingParam" classname="com.google.javascript.jscomp.parsing.JsDocInfoParserTest" time="0.001"/>
  <testcase name="testRegression1" classname="com.google.javascript.jscomp.parsing.JsDocInfoParserTest" time="0"/>
  <testcase name="testRegression2" classname="com.google.javascript.jscomp.parsing.JsDocInfoParserTest" time="0.001"/>
  <testcase name="testRegression3" classname="com.google.javascript.jscomp.parsing.JsDocInfoParserTest" time="0.001"/>
  <testcase name="testRegression4" classname="com.google.javascript.jscomp.parsing.JsDocInfoParserTest" time="0"/>
  <testcase name="testRegression5" classname="com.google.javascript.jscomp.parsing.JsDocInfoParserTest" time="0.001"/>
  <testcase name="testRegression6" classname="com.google.javascript.jscomp.parsing.JsDocInfoParserTest" time="0"/>
  <testcase name="testRegression7" classname="com.google.javascript.jscomp.parsing.JsDocInfoParserTest" time="0.001"/>
  <testcase name="testRegression8" classname="com.google.javascript.jscomp.parsing.JsDocInfoParserTest" time="0"/>
  <testcase name="testRegression9" classname="com.google.javascript.jscomp.parsing.JsDocInfoParserTest" time="0.001"/>
  <testcase name="testParseErrorTypes" classname="com.google.javascript.jscomp.parsing.JsDocInfoParserTest" time="0.001"/>
  <testcase name="testParseDisposes1" classname="com.google.javascript.jscomp.parsing.JsDocInfoParserTest" time="0"/>
  <testcase name="testParseDisposes2" classname="com.google.javascript.jscomp.parsing.JsDocInfoParserTest" time="0.001"/>
  <testcase name="testParseDisposes3" classname="com.google.javascript.jscomp.parsing.JsDocInfoParserTest" time="0"/>
  <testcase name="testParsePolymerBehavior" classname="com.google.javascript.jscomp.parsing.JsDocInfoParserTest" time="0"/>
  <testcase name="testParserWithTTLConditionalOrOperation" classname="com.google.javascript.jscomp.parsing.JsDocInfoParserTest" time="0.001"/>
  <testcase name="testPublicVisibilityAllowedInFileOverview" classname="com.google.javascript.jscomp.parsing.JsDocInfoParserTest" time="0"/>
  <testcase name="testParseCustomElement" classname="com.google.javascript.jscomp.parsing.JsDocInfoParserTest" time="0.001"/>
  <testcase name="testParserWithTTLInvalidRecordTypeMissingTypeInProperty" classname="com.google.javascript.jscomp.parsing.JsDocInfoParserTest" time="0"/>
  <testcase name="testParserWithTTLInvalidUnknownType" classname="com.google.javascript.jscomp.parsing.JsDocInfoParserTest" time="0"/>
  <testcase name="testParserWithTTLSingletonUnionType" classname="com.google.javascript.jscomp.parsing.JsDocInfoParserTest" time="0.001"/>
  <testcase name="testParserWithTTLValidTemplateTypeOfOperation2" classname="com.google.javascript.jscomp.parsing.JsDocInfoParserTest" time="0"/>
  <testcase name="testParseDefine1" classname="com.google.javascript.jscomp.parsing.JsDocInfoParserTest" time="0"/>
  <testcase name="testParseDefine2" classname="com.google.javascript.jscomp.parsing.JsDocInfoParserTest" time="0.001"/>
  <testcase name="testParseDefine3" classname="com.google.javascript.jscomp.parsing.JsDocInfoParserTest" time="0"/>
  <testcase name="testParseDefine4" classname="com.google.javascript.jscomp.parsing.JsDocInfoParserTest" time="0"/>
  <testcase name="testParseDefine5" classname="com.google.javascript.jscomp.parsing.JsDocInfoParserTest" time="0"/>
  <testcase name="testParserWithTTLValidMapunion" classname="com.google.javascript.jscomp.parsing.JsDocInfoParserTest" time="0.001"/>
  <testcase name="testParseAbstract_abstractBeforeTypedef" classname="com.google.javascript.jscomp.parsing.JsDocInfoParserTest" time="0"/>
  <testcase name="testSuppress1" classname="com.google.javascript.jscomp.parsing.JsDocInfoParserTest" time="0"/>
  <testcase name="testSuppress2" classname="com.google.javascript.jscomp.parsing.JsDocInfoParserTest" time="0.001"/>
  <testcase name="testSuppress3" classname="com.google.javascript.jscomp.parsing.JsDocInfoParserTest" time="0"/>
  <testcase name="testReferences" classname="com.google.javascript.jscomp.parsing.JsDocInfoParserTest" time="0"/>
  <testcase name="testParserWithTypeTransformation" classname="com.google.javascript.jscomp.parsing.JsDocInfoParserTest" time="0.001"/>
  <testcase name="testProtectedVisibilityNotAllowedInFileOverview" classname="com.google.javascript.jscomp.parsing.JsDocInfoParserTest" time="0"/>
  <testcase name="testParserWithTTLMissingParamBoolean" classname="com.google.javascript.jscomp.parsing.JsDocInfoParserTest" time="0"/>
  <testcase name="testParserWithTTLInvalidSecondParamPropType" classname="com.google.javascript.jscomp.parsing.JsDocInfoParserTest" time="0.001"/>
  <testcase name="testParseInterface" classname="com.google.javascript.jscomp.parsing.JsDocInfoParserTest" time="0"/>
  <testcase name="testParserWithTTLInvalidMaprecordFirstParam" classname="com.google.javascript.jscomp.parsing.JsDocInfoParserTest" time="0"/>
  <testcase name="testParserWithTTLMissingParamIsDefined" classname="com.google.javascript.jscomp.parsing.JsDocInfoParserTest" time="0.001"/>
  <testcase name="testParseInheritDoc1" classname="com.google.javascript.jscomp.parsing.JsDocInfoParserTest" time="0"/>
  <testcase name="testParseInheritDoc2" classname="com.google.javascript.jscomp.parsing.JsDocInfoParserTest" time="0"/>
  <testcase name="testParseInheritDoc3" classname="com.google.javascript.jscomp.parsing.JsDocInfoParserTest" time="0.001"/>
  <testcase name="testParserWithTTLEmptyRecordType" classname="com.google.javascript.jscomp.parsing.JsDocInfoParserTest" time="0"/>
  <testcase name="testParserWithTTLInvalidFirstParamTemplateTypeOf" classname="com.google.javascript.jscomp.parsing.JsDocInfoParserTest" time="0"/>
  <testcase name="testParsePrivateDescription" classname="com.google.javascript.jscomp.parsing.JsDocInfoParserTest" time="0.001"/>
  <testcase name="testParserWithTTLTypeOfVarExtraParam" classname="com.google.javascript.jscomp.parsing.JsDocInfoParserTest" time="0"/>
  <testcase name="testParserWithTTLConditionalIsConstructor" classname="com.google.javascript.jscomp.parsing.JsDocInfoParserTest" time="0"/>
  <testcase name="testParserWithTTLInvalidPropTypeOfMissingParam2" classname="com.google.javascript.jscomp.parsing.JsDocInfoParserTest" time="0.001"/>
  <testcase name="testParserWithTTLInvalidPropTypeExtraParam" classname="com.google.javascript.jscomp.parsing.JsDocInfoParserTest" time="0"/>
  <testcase name="testParserWithTTLNativeTypeExprNonNullable" classname="com.google.javascript.jscomp.parsing.JsDocInfoParserTest" time="0"/>
  <testcase name="testParseLicenseAscii" classname="com.google.javascript.jscomp.parsing.JsDocInfoParserTest" time="0.001"/>
  <testcase name="testParserWithTTLInvalidRecordTypeInvalidRecordExpression" classname="com.google.javascript.jscomp.parsing.JsDocInfoParserTest" time="0"/>
  <testcase name="testJsDocInfoPosition" classname="com.google.javascript.jscomp.parsing.JsDocInfoParserTest" time="0"/>
  <testcase name="testParserWithTTLNoneType" classname="com.google.javascript.jscomp.parsing.JsDocInfoParserTest" time="0.001"/>
  <testcase name="testAuthorMissing" classname="com.google.javascript.jscomp.parsing.JsDocInfoParserTest" time="0"/>
  <testcase name="testParseInvalidTypeViaStatic2" classname="com.google.javascript.jscomp.parsing.JsDocInfoParserTest" time="0"/>
  <testcase name="testParseTemplatizedType1" classname="com.google.javascript.jscomp.parsing.JsDocInfoParserTest" time="0.001"/>
  <testcase name="testParseTemplatizedType2" classname="com.google.javascript.jscomp.parsing.JsDocInfoParserTest" time="0"/>
  <testcase name="testParseTemplatizedType4" classname="com.google.javascript.jscomp.parsing.JsDocInfoParserTest" time="0"/>
  <testcase name="testParseTemplatizedType5" classname="com.google.javascript.jscomp.parsing.JsDocInfoParserTest" time="0.001"/>
  <testcase name="testParseTemplatizedType6" classname="com.google.javascript.jscomp.parsing.JsDocInfoParserTest" time="0"/>
  <testcase name="testParseTemplatizedType7" classname="com.google.javascript.jscomp.parsing.JsDocInfoParserTest" time="0.001"/>
  <testcase name="testParseTemplatizedType8" classname="com.google.javascript.jscomp.parsing.JsDocInfoParserTest" time="0"/>
  <testcase name="testParseTemplatizedType9" classname="com.google.javascript.jscomp.parsing.JsDocInfoParserTest" time="0"/>
  <testcase name="testFinalType" classname="com.google.javascript.jscomp.parsing.JsDocInfoParserTest" time="0.001"/>
  <testcase name="testBadTypeDefInterfaceAndConstructor1" classname="com.google.javascript.jscomp.parsing.JsDocInfoParserTest" time="0"/>
  <testcase name="testBadTypeDefInterfaceAndConstructor2" classname="com.google.javascript.jscomp.parsing.JsDocInfoParserTest" time="0"/>
  <testcase name="testParserWithTTLInvalidMapunionExtraParams" classname="com.google.javascript.jscomp.parsing.JsDocInfoParserTest" time="0.001"/>
  <testcase name="testParseWithoutMarkerName" classname="com.google.javascript.jscomp.parsing.JsDocInfoParserTest" time="0"/>
  <testcase name="testIdGeneratorConflict" classname="com.google.javascript.jscomp.parsing.JsDocInfoParserTest" time="0"/>
  <testcase name="testParserWithTTLInvalidSecondParamTemplateTypeOf2" classname="com.google.javascript.jscomp.parsing.JsDocInfoParserTest" time="0.001"/>
  <testcase name="testParserWithTTLInvalidSecondParamTemplateTypeOf3" classname="com.google.javascript.jscomp.parsing.JsDocInfoParserTest" time="0"/>
  <testcase name="testParserWithTTLInvalidAllType" classname="com.google.javascript.jscomp.parsing.JsDocInfoParserTest" time="0"/>
  <testcase name="testGetOriginalCommentString" classname="com.google.javascript.jscomp.parsing.JsDocInfoParserTest" time="0.001"/>
  <testcase name="testBadClassMultiExtends" classname="com.google.javascript.jscomp.parsing.JsDocInfoParserTest" time="0"/>
  <testcase name="testRegression10" classname="com.google.javascript.jscomp.parsing.JsDocInfoParserTest" time="0"/>
  <testcase name="testRegression11" classname="com.google.javascript.jscomp.parsing.JsDocInfoParserTest" time="0.001"/>
  <testcase name="testRegression12" classname="com.google.javascript.jscomp.parsing.JsDocInfoParserTest" time="0"/>
  <testcase name="testRegression13" classname="com.google.javascript.jscomp.parsing.JsDocInfoParserTest" time="0"/>
  <testcase name="testRegression14" classname="com.google.javascript.jscomp.parsing.JsDocInfoParserTest" time="0.001"/>
  <testcase name="testRegression15" classname="com.google.javascript.jscomp.parsing.JsDocInfoParserTest" time="0"/>
  <testcase name="testRegression16" classname="com.google.javascript.jscomp.parsing.JsDocInfoParserTest" time="0"/>
  <testcase name="testRegression17" classname="com.google.javascript.jscomp.parsing.JsDocInfoParserTest" time="0"/>
  <testcase name="testParserWithTTLInvalidNoneType2" classname="com.google.javascript.jscomp.parsing.JsDocInfoParserTest" time="0.001"/>
  <testcase name="testParserWithTTLTypeOfVar2" classname="com.google.javascript.jscomp.parsing.JsDocInfoParserTest" time="0"/>
  <testcase name="testBugAnnotation" classname="com.google.javascript.jscomp.parsing.JsDocInfoParserTest" time="0"/>
  <testcase name="testParserWithTTLInvalidMaprecordExtraParamsInMapFunction" classname="com.google.javascript.jscomp.parsing.JsDocInfoParserTest" time="0.001"/>
  <testcase name="testPublicType" classname="com.google.javascript.jscomp.parsing.JsDocInfoParserTest" time="0"/>
  <testcase name="testParseTemplatizedUnknown1" classname="com.google.javascript.jscomp.parsing.JsDocInfoParserTest" time="0"/>
  <testcase name="testParseTemplatizedUnknown2" classname="com.google.javascript.jscomp.parsing.JsDocInfoParserTest" time="0.001"/>
  <testcase name="testParserWithTTLMissingParamStringEquivalence" classname="com.google.javascript.jscomp.parsing.JsDocInfoParserTest" time="0"/>
  <testcase name="testParseRecordType10" classname="com.google.javascript.jscomp.parsing.JsDocInfoParserTest" time="0"/>
  <testcase name="testParseRecordType11" classname="com.google.javascript.jscomp.parsing.JsDocInfoParserTest" time="0.001"/>
  <testcase name="testParseRecordType12" classname="com.google.javascript.jscomp.parsing.JsDocInfoParserTest" time="0"/>
  <testcase name="testParseRecordType13" classname="com.google.javascript.jscomp.parsing.JsDocInfoParserTest" time="0"/>
  <testcase name="testParseRecordType14" classname="com.google.javascript.jscomp.parsing.JsDocInfoParserTest" time="0.001"/>
  <testcase name="testParseRecordType15" classname="com.google.javascript.jscomp.parsing.JsDocInfoParserTest" time="0"/>
  <testcase name="testParseRecordType16" classname="com.google.javascript.jscomp.parsing.JsDocInfoParserTest" time="0"/>
  <testcase name="testParseRecordType17" classname="com.google.javascript.jscomp.parsing.JsDocInfoParserTest" time="0.001"/>
  <testcase name="testParseRecordType18" classname="com.google.javascript.jscomp.parsing.JsDocInfoParserTest" time="0"/>
  <testcase name="testParseRecordType19" classname="com.google.javascript.jscomp.parsing.JsDocInfoParserTest" time="0"/>
  <testcase name="testParseRecordType20" classname="com.google.javascript.jscomp.parsing.JsDocInfoParserTest" time="0"/>
  <testcase name="testParseRecordType21" classname="com.google.javascript.jscomp.parsing.JsDocInfoParserTest" time="0.001"/>
  <testcase name="testParseRecordType22" classname="com.google.javascript.jscomp.parsing.JsDocInfoParserTest" time="0"/>
  <testcase name="testParseRecordType23" classname="com.google.javascript.jscomp.parsing.JsDocInfoParserTest" time="0"/>
  <testcase name="testParseRecordType24" classname="com.google.javascript.jscomp.parsing.JsDocInfoParserTest" time="0.001"/>
  <testcase name="testParseStringType1" classname="com.google.javascript.jscomp.parsing.JsDocInfoParserTest" time="0"/>
  <testcase name="testParseStringType2" classname="com.google.javascript.jscomp.parsing.JsDocInfoParserTest" time="0"/>
  <testcase name="testParserWithTTLTemplateTypeOperationGenericWithUnion" classname="com.google.javascript.jscomp.parsing.JsDocInfoParserTest" time="0.001"/>
  <testcase name="testParseReturnType1" classname="com.google.javascript.jscomp.parsing.JsDocInfoParserTest" time="0"/>
  <testcase name="testParseReturnType2" classname="com.google.javascript.jscomp.parsing.JsDocInfoParserTest" time="0"/>
  <testcase name="testParseReturnType3" classname="com.google.javascript.jscomp.parsing.JsDocInfoParserTest" time="0.001"/>
  <testcase name="testParseNullType1" classname="com.google.javascript.jscomp.parsing.JsDocInfoParserTest" time="0"/>
  <testcase name="testParseNullType2" classname="com.google.javascript.jscomp.parsing.JsDocInfoParserTest" time="0"/>
  <testcase name="testParserWithTTLInvalidTypeTransformation" classname="com.google.javascript.jscomp.parsing.JsDocInfoParserTest" time="0.001"/>
  <testcase name="testPackageVisibilityAllowedInFileOverview" classname="com.google.javascript.jscomp.parsing.JsDocInfoParserTest" time="0"/>
  <testcase name="testStackedAnnotation" classname="com.google.javascript.jscomp.parsing.JsDocInfoParserTest" time="0"/>
  <testcase name="testParseExtendsNullable1" classname="com.google.javascript.jscomp.parsing.JsDocInfoParserTest" time="0"/>
  <testcase name="testParseExtendsNullable2" classname="com.google.javascript.jscomp.parsing.JsDocInfoParserTest" time="0"/>
  <testcase name="testPrivateType" classname="com.google.javascript.jscomp.parsing.JsDocInfoParserTest" time="0"/>
  <testcase name="testParseFunctionalType1" classname="com.google.javascript.jscomp.parsing.JsDocInfoParserTest" time="0"/>
  <testcase name="testParseFunctionalType2" classname="com.google.javascript.jscomp.parsing.JsDocInfoParserTest" time="0.001"/>
  <testcase name="testParseFunctionalType3" classname="com.google.javascript.jscomp.parsing.JsDocInfoParserTest" time="0"/>
  <testcase name="testParseFunctionalType4" classname="com.google.javascript.jscomp.parsing.JsDocInfoParserTest" time="0"/>
  <testcase name="testParseFunctionalType5" classname="com.google.javascript.jscomp.parsing.JsDocInfoParserTest" time="0.001"/>
  <testcase name="testParseFunctionalType6" classname="com.google.javascript.jscomp.parsing.JsDocInfoParserTest" time="0"/>
  <testcase name="testParseFunctionalType7" classname="com.google.javascript.jscomp.parsing.JsDocInfoParserTest" time="0"/>
  <testcase name="testParseFunctionalType8" classname="com.google.javascript.jscomp.parsing.JsDocInfoParserTest" time="0"/>
  <testcase name="testParseFunctionalType9" classname="com.google.javascript.jscomp.parsing.JsDocInfoParserTest" time="0.001"/>
  <testcase name="testParseAbstract_abstractAndNotPrivate" classname="com.google.javascript.jscomp.parsing.JsDocInfoParserTest" time="0"/>
  <testcase name="testParserWithTTLAllType2" classname="com.google.javascript.jscomp.parsing.JsDocInfoParserTest" time="0.001"/>
  <testcase name="testParserWithTemplateTypeNameDeclaredTwice2" classname="com.google.javascript.jscomp.parsing.JsDocInfoParserTest" time="0"/>
  <testcase name="testParserWithTemplateTypeNameDeclaredTwice3" classname="com.google.javascript.jscomp.parsing.JsDocInfoParserTest" time="0"/>
  <testcase name="testParserWithTemplateTypeNameDeclaredTwice4" classname="com.google.javascript.jscomp.parsing.JsDocInfoParserTest" time="0.001"/>
  <testcase name="testParserWithTTLInvalidMapunionMissingFnParams" classname="com.google.javascript.jscomp.parsing.JsDocInfoParserTest" time="0"/>
  <testcase name="testBadTypeDefInterfaceAndStructuralTyping1" classname="com.google.javascript.jscomp.parsing.JsDocInfoParserTest" time="0"/>
  <testcase name="testBadTypeDefInterfaceAndStructuralTyping2" classname="com.google.javascript.jscomp.parsing.JsDocInfoParserTest" time="0.001"/>
  <testcase name="testBadTypeDefInterfaceAndStructuralTyping3" classname="com.google.javascript.jscomp.parsing.JsDocInfoParserTest" time="0"/>
  <testcase name="testBadTypeDefInterfaceAndStructuralTyping4" classname="com.google.javascript.jscomp.parsing.JsDocInfoParserTest" time="0"/>
  <testcase name="testBadTypeDefInterfaceAndStructuralTyping5" classname="com.google.javascript.jscomp.parsing.JsDocInfoParserTest" time="0"/>
  <testcase name="testParserWithTTLConditionalIsRecordInvalidParam" classname="com.google.javascript.jscomp.parsing.JsDocInfoParserTest" time="0.001"/>
  <testcase name="testParseExtendsGenerics" classname="com.google.javascript.jscomp.parsing.JsDocInfoParserTest" time="0"/>
  <testcase name="testIssue477" classname="com.google.javascript.jscomp.parsing.JsDocInfoParserTest" time="0"/>
  <testcase name="testParseUndefinedType1" classname="com.google.javascript.jscomp.parsing.JsDocInfoParserTest" time="0.001"/>
  <testcase name="testParseUndefinedType2" classname="com.google.javascript.jscomp.parsing.JsDocInfoParserTest" time="0"/>
  <testcase name="testParseUndefinedType3" classname="com.google.javascript.jscomp.parsing.JsDocInfoParserTest" time="0"/>
  <testcase name="testParseWizaction1" classname="com.google.javascript.jscomp.parsing.JsDocInfoParserTest" time="0"/>
  <testcase name="testParseWizaction2" classname="com.google.javascript.jscomp.parsing.JsDocInfoParserTest" time="0.001"/>
  <testcase name="testParserWithTTLNativeTypeExprBasic2" classname="com.google.javascript.jscomp.parsing.JsDocInfoParserTest" time="0"/>
  <testcase name="testParseBadEnumNoCrash" classname="com.google.javascript.jscomp.parsing.JsDocInfoParserTest" time="0"/>
  <testcase name="testFileOverviewSingleLine" classname="com.google.javascript.jscomp.parsing.JsDocInfoParserTest" time="0.001"/>
  <testcase name="testParserWithTTLInvalidMapunionFn" classname="com.google.javascript.jscomp.parsing.JsDocInfoParserTest" time="0"/>
  <testcase name="testParserWithTTLInvalidTypeOperationNestedGeneric" classname="com.google.javascript.jscomp.parsing.JsDocInfoParserTest" time="0"/>
  <testcase name="testParseWithMarkerNames1" classname="com.google.javascript.jscomp.parsing.JsDocInfoParserTest" time="0.001"/>
  <testcase name="testParseWithMarkerNames2" classname="com.google.javascript.jscomp.parsing.JsDocInfoParserTest" time="0"/>
  <testcase name="testParseWithMarkerNames3" classname="com.google.javascript.jscomp.parsing.JsDocInfoParserTest" time="0"/>
  <testcase name="testTextExtents" classname="com.google.javascript.jscomp.parsing.JsDocInfoParserTest" time="0.001"/>
  <testcase name="testStackedAnnotation2" classname="com.google.javascript.jscomp.parsing.JsDocInfoParserTest" time="0"/>
  <testcase name="testStackedAnnotation3" classname="com.google.javascript.jscomp.parsing.JsDocInfoParserTest" time="0"/>
  <testcase name="testStackedAnnotation4" classname="com.google.javascript.jscomp.parsing.JsDocInfoParserTest" time="0"/>
  <testcase name="testStackedAnnotation5" classname="com.google.javascript.jscomp.parsing.JsDocInfoParserTest" time="0.001"/>
  <testcase name="testStackedAnnotation6" classname="com.google.javascript.jscomp.parsing.JsDocInfoParserTest" time="0"/>
  <testcase name="testStackedAnnotation7" classname="com.google.javascript.jscomp.parsing.JsDocInfoParserTest" time="0"/>
  <testcase name="testStackedAnnotation8" classname="com.google.javascript.jscomp.parsing.JsDocInfoParserTest" time="0.001"/>
  <testcase name="testStackedAnnotation9" classname="com.google.javascript.jscomp.parsing.JsDocInfoParserTest" time="0"/>
  <testcase name="testParseTemplatizedType10" classname="com.google.javascript.jscomp.parsing.JsDocInfoParserTest" time="0"/>
  <testcase name="testParseTemplatizedType11" classname="com.google.javascript.jscomp.parsing.JsDocInfoParserTest" time="0.001"/>
  <testcase name="testParseTemplatizedType12" classname="com.google.javascript.jscomp.parsing.JsDocInfoParserTest" time="0"/>
  <testcase name="testParseTemplatizedType13" classname="com.google.javascript.jscomp.parsing.JsDocInfoParserTest" time="0"/>
  <testcase name="testParserWithTypeTransformationMultipleNames" classname="com.google.javascript.jscomp.parsing.JsDocInfoParserTest" time="0.001"/>
  <testcase name="testJsDocAfterStatic" classname="com.google.javascript.jscomp.parsing.JsDocInfoParserTest" time="0"/>
  <testcase name="testParserWithTTLValidTypename2" classname="com.google.javascript.jscomp.parsing.JsDocInfoParserTest" time="0"/>
  <testcase name="testParserWithTTLValidTypename3" classname="com.google.javascript.jscomp.parsing.JsDocInfoParserTest" time="0"/>
  <testcase name="testParserWithTTLValidTypename4" classname="com.google.javascript.jscomp.parsing.JsDocInfoParserTest" time="0.001"/>
  <testcase name="testMultilineDocumentationParameter" classname="com.google.javascript.jscomp.parsing.JsDocInfoParserTest" time="0"/>
  <testcase name="testParserWithTTLInvalidPrintTypeOfMissingParam" classname="com.google.javascript.jscomp.parsing.JsDocInfoParserTest" time="0"/>
  <testcase name="testParserWithDoubleTemplateDeclaration2" classname="com.google.javascript.jscomp.parsing.JsDocInfoParserTest" time="0.001"/>
  <testcase name="testParserWithNestedUnionSecondParam" classname="com.google.javascript.jscomp.parsing.JsDocInfoParserTest" time="0"/>
  <testcase name="testParserWithTTLBasicType" classname="com.google.javascript.jscomp.parsing.JsDocInfoParserTest" time="0"/>
  <testcase name="testParsePackagePrivateDescription" classname="com.google.javascript.jscomp.parsing.JsDocInfoParserTest" time="0.001"/>
  <testcase name="testParserWithTTLRecordTypeTypeVars" classname="com.google.javascript.jscomp.parsing.JsDocInfoParserTest" time="0"/>
  <testcase name="testParserWithTTLAsynchUseCase" classname="com.google.javascript.jscomp.parsing.JsDocInfoParserTest" time="0"/>
  <testcase name="testParserWithTTLInvalidFirstParamPropType" classname="com.google.javascript.jscomp.parsing.JsDocInfoParserTest" time="0.001"/>
  <testcase name="testParserWithTTLConditionalAndInvalidParam" classname="com.google.javascript.jscomp.parsing.JsDocInfoParserTest" time="0"/>
  <testcase name="testParseUnionType2" classname="com.google.javascript.jscomp.parsing.JsDocInfoParserTest" time="0"/>
  <testcase name="testParseUnionType6" classname="com.google.javascript.jscomp.parsing.JsDocInfoParserTest" time="0.001"/>
  <testcase name="testParseUnionType7" classname="com.google.javascript.jscomp.parsing.JsDocInfoParserTest" time="0"/>
  <testcase name="testParserWithTTLConditionalOrInvalidParam2" classname="com.google.javascript.jscomp.parsing.JsDocInfoParserTest" time="0"/>
  <testcase name="testParserWithNestedUnionFirstParam" classname="com.google.javascript.jscomp.parsing.JsDocInfoParserTest" time="0.001"/>
  <testcase name="testBug1419535" classname="com.google.javascript.jscomp.parsing.JsDocInfoParserTest" time="0"/>
  <testcase name="testParserWithTTLInvalidPropTypeOfMissingParam" classname="com.google.javascript.jscomp.parsing.JsDocInfoParserTest" time="0"/>
  <testcase name="testParserWithTTLInvalidSecondParamTemplateTypeOf" classname="com.google.javascript.jscomp.parsing.JsDocInfoParserTest" time="0.001"/>
  <testcase name="testParseNgInject1" classname="com.google.javascript.jscomp.parsing.JsDocInfoParserTest" time="0"/>
  <testcase name="testParseNgInject2" classname="com.google.javascript.jscomp.parsing.JsDocInfoParserTest" time="0"/>
  <testcase name="testParserWithTTLInvalidTemplateTypeOperationGenericUnion" classname="com.google.javascript.jscomp.parsing.JsDocInfoParserTest" time="0.001"/>
  <testcase name="testParseAbstract_interfaceBeforeAbstract" classname="com.google.javascript.jscomp.parsing.JsDocInfoParserTest" time="0"/>
  <testcase name="testFileOverviewDuplicate" classname="com.google.javascript.jscomp.parsing.JsDocInfoParserTest" time="0"/>
  <testcase name="testParseOptionalModifier" classname="com.google.javascript.jscomp.parsing.JsDocInfoParserTest" time="0.001"/>
  <testcase name="testParserWithTTLInvalidUnionType2" classname="com.google.javascript.jscomp.parsing.JsDocInfoParserTest" time="0"/>
  <testcase name="testParserWithTTLInvalidMergeRecords" classname="com.google.javascript.jscomp.parsing.JsDocInfoParserTest" time="0"/>
  <testcase name="testDocumentationMultipleParameter2" classname="com.google.javascript.jscomp.parsing.JsDocInfoParserTest" time="0.001"/>
  <testcase name="testParseNamedTypeError1" classname="com.google.javascript.jscomp.parsing.JsDocInfoParserTest" time="0"/>
  <testcase name="testParseNamedTypeError2" classname="com.google.javascript.jscomp.parsing.JsDocInfoParserTest" time="0"/>
  <testcase name="testParserWithTTLConditionalIsTemplatizedInvalidParam" classname="com.google.javascript.jscomp.parsing.JsDocInfoParserTest" time="0.001"/>
  <testcase name="testParserWithTTLConditionalIsDefinedInvalidParam" classname="com.google.javascript.jscomp.parsing.JsDocInfoParserTest" time="0"/>
  <testcase name="testParserWithTTLNativeTypeExprRecord" classname="com.google.javascript.jscomp.parsing.JsDocInfoParserTest" time="0"/>
  <testcase name="testSingleTags2" classname="com.google.javascript.jscomp.parsing.JsDocInfoParserTest" time="0.001"/>
  <testcase name="testParserWithTTLMissingParamIsRecord" classname="com.google.javascript.jscomp.parsing.JsDocInfoParserTest" time="0"/>
  <testcase name="testParserWithMissingTypeTransformationExpression2" classname="com.google.javascript.jscomp.parsing.JsDocInfoParserTest" time="0"/>
  <testcase name="testParserWithTTLValidTemplateTypeOfOperation" classname="com.google.javascript.jscomp.parsing.JsDocInfoParserTest" time="0.001"/>
  <testcase name="testParserWithTTLConditionalOrInvalidParam" classname="com.google.javascript.jscomp.parsing.JsDocInfoParserTest" time="0"/>
  <testcase name="testParseAbstract_abstractBeforeType" classname="com.google.javascript.jscomp.parsing.JsDocInfoParserTest" time="0"/>
  <testcase name="testMalformedThisAnnotation" classname="com.google.javascript.jscomp.parsing.JsDocInfoParserTest" time="0.001"/>
  <testcase name="testParseThrows1" classname="com.google.javascript.jscomp.parsing.JsDocInfoParserTest" time="0"/>
  <testcase name="testParseThrows2" classname="com.google.javascript.jscomp.parsing.JsDocInfoParserTest" time="0"/>
  <testcase name="testParserWithTemplateDuplicated2" classname="com.google.javascript.jscomp.parsing.JsDocInfoParserTest" time="0.001"/>
  <testcase name="testParserWithTemplateDuplicated3" classname="com.google.javascript.jscomp.parsing.JsDocInfoParserTest" time="0"/>
  <testcase name="testParseAbstract_typedefBeforeAbstract" classname="com.google.javascript.jscomp.parsing.JsDocInfoParserTest" time="0"/>
  <testcase name="testVersionDuplication" classname="com.google.javascript.jscomp.parsing.JsDocInfoParserTest" time="0.001"/>
  <testcase name="testParserWithTemplateTypeNameMissing" classname="com.google.javascript.jscomp.parsing.JsDocInfoParserTest" time="0"/>
  <testcase name="testParserWithTTLInvalidOperation" classname="com.google.javascript.jscomp.parsing.JsDocInfoParserTest" time="0"/>
  <testcase name="testParseDisposesUnknown" classname="com.google.javascript.jscomp.parsing.JsDocInfoParserTest" time="0"/>
  <testcase name="testParseExport1" classname="com.google.javascript.jscomp.parsing.JsDocInfoParserTest" time="0.001"/>
  <testcase name="testParseExport2" classname="com.google.javascript.jscomp.parsing.JsDocInfoParserTest" time="0"/>
  <testcase name="testParseExpose1" classname="com.google.javascript.jscomp.parsing.JsDocInfoParserTest" time="0"/>
  <testcase name="testParseExpose2" classname="com.google.javascript.jscomp.parsing.JsDocInfoParserTest" time="0.001"/>
  <testcase name="testParsePolymerBehaviorExtra" classname="com.google.javascript.jscomp.parsing.JsDocInfoParserTest" time="0"/>
  <testcase name="testParserWithTTLValidRawTypeOperation" classname="com.google.javascript.jscomp.parsing.JsDocInfoParserTest" time="0"/>
  <testcase name="testParseProtectedDescription" classname="com.google.javascript.jscomp.parsing.JsDocInfoParserTest" time="0"/>
  <testcase name="testParserWithTTLTemplateTypeOperationGeneric" classname="com.google.javascript.jscomp.parsing.JsDocInfoParserTest" time="0.001"/>
  <testcase name="testParserWithTTLInvalidTemplateTypeOfMissingParam2" classname="com.google.javascript.jscomp.parsing.JsDocInfoParserTest" time="0"/>
  <testcase name="testBadSuppress1" classname="com.google.javascript.jscomp.parsing.JsDocInfoParserTest" time="0"/>
  <testcase name="testBadSuppress2" classname="com.google.javascript.jscomp.parsing.JsDocInfoParserTest" time="0.001"/>
  <testcase name="testBadSuppress3" classname="com.google.javascript.jscomp.parsing.JsDocInfoParserTest" time="0"/>
  <testcase name="testBadSuppress4" classname="com.google.javascript.jscomp.parsing.JsDocInfoParserTest" time="0"/>
  <testcase name="testBadSuppress6" classname="com.google.javascript.jscomp.parsing.JsDocInfoParserTest" time="0.001"/>
  <testcase name="testBadSuppress7" classname="com.google.javascript.jscomp.parsing.JsDocInfoParserTest" time="0"/>
  <testcase name="testBadSuppress8" classname="com.google.javascript.jscomp.parsing.JsDocInfoParserTest" time="0"/>
  <testcase name="testParseWithMarkers1" classname="com.google.javascript.jscomp.parsing.JsDocInfoParserTest" time="0"/>
  <testcase name="testParseWithMarkers2" classname="com.google.javascript.jscomp.parsing.JsDocInfoParserTest" time="0.001"/>
  <testcase name="testParseWithMarkers3" classname="com.google.javascript.jscomp.parsing.JsDocInfoParserTest" time="0"/>
  <testcase name="testParseWithMarkers4" classname="com.google.javascript.jscomp.parsing.JsDocInfoParserTest" time="0"/>
  <testcase name="testParseWithMarkers5" classname="com.google.javascript.jscomp.parsing.JsDocInfoParserTest" time="0.001"/>
  <testcase name="testParseWithMarkers6" classname="com.google.javascript.jscomp.parsing.JsDocInfoParserTest" time="0"/>
  <testcase name="testParserWithTTLNativeTypeExprExtraParam" classname="com.google.javascript.jscomp.parsing.JsDocInfoParserTest" time="0"/>
  <testcase name="testParseWithMarkerType2" classname="com.google.javascript.jscomp.parsing.JsDocInfoParserTest" time="0"/>
  <testcase name="testDocumentationMultipleParameter" classname="com.google.javascript.jscomp.parsing.JsDocInfoParserTest" time="0.001"/>
  <testcase name="testParserWithTTLInvalidMapunionFunctionBody" classname="com.google.javascript.jscomp.parsing.JsDocInfoParserTest" time="0"/>
  <testcase name="testParserWithTTLInvalidRawTypeOperationMissingParam" classname="com.google.javascript.jscomp.parsing.JsDocInfoParserTest" time="0.001"/>
</testsuite>