<?xml version="1.0" encoding="UTF-8"?>
<testsuite xmlns:xsi="http://www.w3.org/2001/XMLSchema-instance" xsi:schemaLocation="https://maven.apache.org/surefire/maven-surefire-plugin/xsd/surefire-test-report.xsd" name="com.google.javascript.jscomp.CheckGlobalNamesTest" time="0.103" tests="50" errors="0" skipped="0" failures="0">
  <properties>
[...]
</properties>
  <testcase name="testLateDefinedName1" classname="com.google.javascript.jscomp.CheckGlobalNamesTest" time="0.002"/>
  <testcase name="testLateDefinedName2" classname="com.google.javascript.jscomp.CheckGlobalNamesTest" time="0.002"/>
  <testcase name="testLateDefinedName3" classname="com.google.javascript.jscomp.CheckGlobalNamesTest" time="0.003"/>
  <testcase name="testLateDefinedName4" classname="com.google.javascript.jscomp.CheckGlobalNamesTest" time="0"/>
  <testcase name="testLateDefinedName5" classname="com.google.javascript.jscomp.CheckGlobalNamesTest" time="0.001"/>
  <testcase name="testLateDefinedName6" classname="com.google.javascript.jscomp.CheckGlobalNamesTest" time="0.001"/>
  <testcase name="testObjectPrototypeProperties" classname="com.google.javascript.jscomp.CheckGlobalNamesTest" time="0.001"/>
  <testcase name="testPathologicalCaseThatsOkAnyway" classname="com.google.javascript.jscomp.CheckGlobalNamesTest" time="0.001"/>
  <testcase name="testGlobalCatch" classname="com.google.javascript.jscomp.CheckGlobalNamesTest" time="0"/>
  <testcase name="testBadInterfacePropRef" classname="com.google.javascript.jscomp.CheckGlobalNamesTest" time="0.001"/>
  <testcase name="testRefToPropertyOfAliasedName" classname="com.google.javascript.jscomp.CheckGlobalNamesTest" time="0.001"/>
  <testcase name="testIndirectlyDeclaredProperties" classname="com.google.javascript.jscomp.CheckGlobalNamesTest" time="0.001"/>
  <testcase name="testSuppressionOfUndefinedNamesWarning" classname="com.google.javascript.jscomp.CheckGlobalNamesTest" time="0.002"/>
  <testcase name="testRefToDescendantOfUndefinedProperty1" classname="com.google.javascript.jscomp.CheckGlobalNamesTest" time="0.005"/>
  <testcase name="testRefToDescendantOfUndefinedProperty2" classname="com.google.javascript.jscomp.CheckGlobalNamesTest" time="0.003"/>
  <testcase name="testRefToDescendantOfUndefinedProperty3" classname="com.google.javascript.jscomp.CheckGlobalNamesTest" time="0.003"/>
  <testcase name="testNoWarningForGoodModuleDep1" classname="com.google.javascript.jscomp.CheckGlobalNamesTest" time="0.001"/>
  <testcase name="testSelfModuleDep" classname="com.google.javascript.jscomp.CheckGlobalNamesTest" time="0.001"/>
  <testcase name="testUndefinedPrototypeMethodRefGivesNoWarning" classname="com.google.javascript.jscomp.CheckGlobalNamesTest" time="0.001"/>
  <testcase name="testComputedPropNameNoWarning" classname="com.google.javascript.jscomp.CheckGlobalNamesTest" time="0.001"/>
  <testcase name="testNoWarningForSimpleVarModuleDep1" classname="com.google.javascript.jscomp.CheckGlobalNamesTest" time="0.001"/>
  <testcase name="testNoWarningForSimpleVarModuleDep2" classname="com.google.javascript.jscomp.CheckGlobalNamesTest" time="0.001"/>
  <testcase name="testRefToDefinedProperties1" classname="com.google.javascript.jscomp.CheckGlobalNamesTest" time="0.017"/>
  <testcase name="testRefToDefinedProperties2" classname="com.google.javascript.jscomp.CheckGlobalNamesTest" time="0.004"/>
  <testcase name="testRefToDefinedProperties3" classname="com.google.javascript.jscomp.CheckGlobalNamesTest" time="0.005"/>
  <testcase name="testUndefinedModuleDep1" classname="com.google.javascript.jscomp.CheckGlobalNamesTest" time="0.001"/>
  <testcase name="testLateDefinedNameOfClass1" classname="com.google.javascript.jscomp.CheckGlobalNamesTest" time="0.001"/>
  <testcase name="testLateDefinedNameOfClass2" classname="com.google.javascript.jscomp.CheckGlobalNamesTest" time="0.001"/>
  <testcase name="testLateDefinedNameOfClass3" classname="com.google.javascript.jscomp.CheckGlobalNamesTest" time="0.001"/>
  <testcase name="testOkGlobalDeclExpr" classname="com.google.javascript.jscomp.CheckGlobalNamesTest" time="0.001"/>
  <testcase name="testRefToMethod1" classname="com.google.javascript.jscomp.CheckGlobalNamesTest" time="0.001"/>
  <testcase name="testRefToMethod2" classname="com.google.javascript.jscomp.CheckGlobalNamesTest" time="0"/>
  <testcase name="testInterfaceFunctionPropRef" classname="com.google.javascript.jscomp.CheckGlobalNamesTest" time="0.001"/>
  <testcase name="testBadModuleDep1" classname="com.google.javascript.jscomp.CheckGlobalNamesTest" time="0.001"/>
  <testcase name="testBadModuleDep2" classname="com.google.javascript.jscomp.CheckGlobalNamesTest" time="0.001"/>
  <testcase name="testOkLateDefinedName1" classname="com.google.javascript.jscomp.CheckGlobalNamesTest" time="0.001"/>
  <testcase name="testOkLateDefinedName2" classname="com.google.javascript.jscomp.CheckGlobalNamesTest" time="0.001"/>
  <testcase name="testGoogInheritsAlias" classname="com.google.javascript.jscomp.CheckGlobalNamesTest" time="0.001"/>
  <testcase name="testCallUndefinedFunctionGivesNoWaring" classname="com.google.javascript.jscomp.CheckGlobalNamesTest" time="0.001"/>
  <testcase name="testGoogInheritsAlias2" classname="com.google.javascript.jscomp.CheckGlobalNamesTest" time="0.001"/>
  <testcase name="testNamespaceInjection" classname="com.google.javascript.jscomp.CheckGlobalNamesTest" time="0.001"/>
  <testcase name="testCustomObjectPrototypeProperties" classname="com.google.javascript.jscomp.CheckGlobalNamesTest" time="0.001"/>
  <testcase name="testFunctionPrototypeProperties" classname="com.google.javascript.jscomp.CheckGlobalNamesTest" time="0.001"/>
  <testcase name="testRefToDescendantOfUndefinedPropertyGivesCorrectWarning" classname="com.google.javascript.jscomp.CheckGlobalNamesTest" time="0.005"/>
  <testcase name="testRefToUndefinedProperty1" classname="com.google.javascript.jscomp.CheckGlobalNamesTest" time="0.006"/>
  <testcase name="testRefToUndefinedProperty2" classname="com.google.javascript.jscomp.CheckGlobalNamesTest" time="0.006"/>
  <testcase name="testRefToUndefinedProperty3" classname="com.google.javascript.jscomp.CheckGlobalNamesTest" time="0.005"/>
  <testcase name="testRefToUndefinedProperty4" classname="com.google.javascript.jscomp.CheckGlobalNamesTest" time="0.003"/>
  <testcase name="testTypedefGivesNoWarning" classname="com.google.javascript.jscomp.CheckGlobalNamesTest" time="0.001"/>
  <testcase name="testComplexPropAssignGivesNoWarning" classname="com.google.javascript.jscomp.CheckGlobalNamesTest" time="0.001"/>
</testsuite>